#
# A fatal error has been detected by the Java Runtime Environment:
#
#  SIGSEGV (0xb) at pc=0x00000001250817e3, pid=10739, tid=3335
#
# JRE version: Java(TM) SE Runtime Environment (8.0_31-b13) (build 1.8.0_31-b13)
# Java VM: Java HotSpot(TM) 64-Bit Server VM (25.31-b07 mixed mode bsd-amd64 compressed oops)
# Problematic frame:
# C  [libjfxwebkit.dylib+0x9377e3]  Java_com_sun_webkit_PopupMenu_twkPopupClosed+0x6253
#
# Failed to write core dump. Core dumps have been disabled. To enable core dumping, try "ulimit -c unlimited" before starting Java again
#
# If you would like to submit a bug report, please visit:
#   http://bugreport.java.com/bugreport/crash.jsp
#

---------------  T H R E A D  ---------------

Current thread is native thread

siginfo: si_signo: 11 (SIGSEGV), si_code: 1 (SEGV_MAPERR), si_addr: 0x0000000000000000

Registers:
RAX=0x00007fff570efc30, RBX=0x00007f9d19183e38, RCX=0x00007fff570efc04, RDX=0x00007f9d18cc0540
RSP=0x00007fff570efb50, RBP=0x00007fff570efc20, RSI=0x00007f9d1e313cc0, RDI=0x0000000000000000
R8 =0x00000000d0038e4d, R9 =0x0000000000000000, R10=0x0000000000000117, R11=0x00007f9d2591d220
R12=0x00007f9d19183e00, R13=0x000000012ca14288, R14=0x0000000000000000, R15=0x0000000000000000
RIP=0x00000001250817e3, EFLAGS=0x0000000000010246, ERR=0x0000000000000004
  TRAPNO=0x000000000000000e

Top of Stack: (sp=0x00007fff570efb50)
0x00007fff570efb50:   0000000000000000 0000000000000000
0x00007fff570efb60:   0000000000000000 00007fff570efc04
0x00007fff570efb70:   00000000d0038e4d 0000000000000000
0x00007fff570efb80:   0000000000000000 0000000000000000
0x00007fff570efb90:   0000000000000000 0000000000000000
0x00007fff570efba0:   0000000000000000 0000000000000000
0x00007fff570efbb0:   0000000000000000 0000000000000000
0x00007fff570efbc0:   00007fff570efbf0 0000000108f147cf
0x00007fff570efbd0:   0000000000000000 0000000000010002
0x00007fff570efbe0:   00007fff570efc38 00000001093ef0e8
0x00007fff570efbf0:   00007fff570efc20 0000000108f12785
0x00007fff570efc00:   fffffffe2591e900 0000003000000018
0x00007fff570efc10:   00007fff570efc30 00007fff570efb50
0x00007fff570efc20:   00007fff570efc50 000000012503d966
0x00007fff570efc30:   00007fff570efc98 0000000000000000
0x00007fff570efc40:   00007f9d19183e38 0000000000000000
0x00007fff570efc50:   00007fff570efca0 0000000125023a2c
0x00007fff570efc60:   00007f9d18ee57a0 0000001f08b28a00
0x00007fff570efc70:   00007f9d19a6d800 00007f9d2591d630
0x00007fff570efc80:   00007f9d19183e00 000000012ca14288
0x00007fff570efc90:   0000000000000000 0000000000000000
0x00007fff570efca0:   00007fff570efce0 0000000125020f87
0x00007fff570efcb0:   0000000000000800 00007f9d25900000
0x00007fff570efcc0:   00007f9d2591de80 0000000108b28a00
0x00007fff570efcd0:   00007fff570efd70 00007f9d2591d630
0x00007fff570efce0:   00007fff570efd10 0000000125016bf5
0x00007fff570efcf0:   00007f9d2591d630 0000000000000000
0x00007fff570efd00:   00007f9d2591d630 00007f9d2591d220
0x00007fff570efd10:   00007fff570efd30 00000001251ac157
0x00007fff570efd20:   00007f9d2591d220 00007f9d2591d630
0x00007fff570efd30:   00007fff570efd60 0000000124e4f41f
0x00007fff570efd40:   00007fff570efde0 0000000000000001 

Instructions: (pc=0x00000001250817e3)
0x00000001250817c3:   8d 85 30 ff ff ff 48 89 45 f8 48 8d 45 10 48 89
0x00000001250817d3:   45 f0 c7 45 ec 30 00 00 00 c7 45 e8 18 00 00 00
0x00000001250817e3:   48 8b 07 48 8d 4d e8 ff 90 90 01 00 00 48 81 c4
0x00000001250817f3:   d0 00 00 00 5d c3 90 90 90 90 90 90 90 55 48 89 

Register to memory mapping:

RAX=0x00007fff570efc30 is an unknown value
RBX=0x00007f9d19183e38 is an unknown value
RCX=0x00007fff570efc04 is an unknown value
RDX=0x00007f9d18cc0540 is an unknown value
RSP=0x00007fff570efb50 is an unknown value
RBP=0x00007fff570efc20 is an unknown value
RSI=0x00007f9d1e313cc0 is a global jni handle
RDI=0x0000000000000000 is an unknown value
R8 =0x00000000d0038e4d is an unknown value
R9 =0x0000000000000000 is an unknown value
R10=0x0000000000000117 is an unknown value
R11=0x00007f9d2591d220 is an unknown value
R12=0x00007f9d19183e00 is an unknown value
R13=0x000000012ca14288 is an unknown value
R14=0x0000000000000000 is an unknown value
R15=0x0000000000000000 is an unknown value


Stack: [0x00007fff568f4000,0x00007fff570f4000],  sp=0x00007fff570efb50,  free space=8174k
Native frames: (J=compiled Java code, j=interpreted, Vv=VM code, C=native code)
C  [libjfxwebkit.dylib+0x9377e3]  Java_com_sun_webkit_PopupMenu_twkPopupClosed+0x6253
C  [libjfxwebkit.dylib+0x8f3966]  Java_com_sun_webkit_graphics_WCGraphicsManager_append+0x906
C  [libjfxwebkit.dylib+0x8d9a2c]  Java_com_sun_webkit_dom_EventListenerImpl_twkDispatchEvent+0x51b8ec
C  [libjfxwebkit.dylib+0x8d6f87]  Java_com_sun_webkit_dom_EventListenerImpl_twkDispatchEvent+0x518e47
C  [libjfxwebkit.dylib+0x8ccbf5]  Java_com_sun_webkit_dom_EventListenerImpl_twkDispatchEvent+0x50eab5
C  [libjfxwebkit.dylib+0xa62157]  Java_com_sun_webkit_network_URLLoader_twkWillSendRequest+0x10eb97
C  [libjfxwebkit.dylib+0x70541f]  Java_com_sun_webkit_dom_EventListenerImpl_twkDispatchEvent+0x3472df
C  [libjfxwebkit.dylib+0x70a8eb]  Java_com_sun_webkit_dom_EventListenerImpl_twkDispatchEvent+0x34c7ab
C  [libjfxwebkit.dylib+0x70a216]  Java_com_sun_webkit_dom_EventListenerImpl_twkDispatchEvent+0x34c0d6
C  [libjfxwebkit.dylib+0x69d8ea]  Java_com_sun_webkit_dom_EventListenerImpl_twkDispatchEvent+0x2df7aa
C  [libjfxwebkit.dylib+0x3ea73a]  Java_com_sun_webkit_dom_EventListenerImpl_twkDispatchEvent+0x2c5fa
C  [libjfxwebkit.dylib+0xde83ef]  JSValueIsObjectOfClass+0x5080f
C  [libjfxwebkit.dylib+0xde88f8]  JSValueIsObjectOfClass+0x50d18
C  [libjfxwebkit.dylib+0xdf13e6]  JSValueIsObjectOfClass+0x59806
C  [libjfxwebkit.dylib+0xdeeec2]  JSValueIsObjectOfClass+0x572e2
C  [libjfxwebkit.dylib+0xdee939]  JSValueIsObjectOfClass+0x56d59
C  [CoreFoundation+0xb53e4]  __CFRUNLOOP_IS_CALLING_OUT_TO_A_TIMER_CALLBACK_FUNCTION__+0x14
C  [CoreFoundation+0xb4f1f]  __CFRunLoopDoTimer+0x47f
C  [CoreFoundation+0x1265aa]  __CFRunLoopDoTimers+0x12a
C  [CoreFoundation+0x706a5]  __CFRunLoopRun+0x5f5
C  [CoreFoundation+0x6fe75]  CFRunLoopRunSpecific+0x135
C  [java+0x56cc]  CreateExecutionEnvironment+0x367
C  [java+0x165c]  JLI_Launch+0x7a0
C  [java+0x768a]  main+0x65
C  [java+0xeb4]  start+0x34


---------------  P R O C E S S  ---------------

VM state:at safepoint (normal execution)

VM Mutex/Monitor currently owned by a thread:  ([mutex/lock_event])
[0x00007f9d18c0e340] Threads_lock - owner thread: 0x00007f9d1a807000
[0x00007f9d18c0e840] Heap_lock - owner thread: 0x00007f9d19066000

Heap:
 PSYoungGen      total 18944K, used 10454K [0x00000007aab00000, 0x00000007ac580000, 0x00000007c0000000)
  eden space 16384K, 48% used [0x00000007aab00000,0x00000007ab2bd6b8,0x00000007abb00000)
  from space 2560K, 98% used [0x00000007abd80000,0x00000007abff83f0,0x00000007ac000000)
  to   space 2560K, 0% used [0x00000007abb00000,0x00000007abb00000,0x00000007abd80000)
 ParOldGen       total 39936K, used 11410K [0x0000000780000000, 0x0000000782700000, 0x00000007aab00000)
  object space 39936K, 28% used [0x0000000780000000,0x0000000780b24bb0,0x0000000782700000)
 Metaspace       used 21132K, capacity 21962K, committed 22272K, reserved 1069056K
  class space    used 3089K, capacity 3258K, committed 3328K, reserved 1048576K

Card table byte_map: [0x0000000119a00000,0x0000000119c01000] byte_map_base: 0x0000000115e00000

Marking Bits: (ParMarkBitMap*) 0x00000001094a8410
 Begin Bits: [0x000000011a00d000, 0x000000011b00d000)
 End Bits:   [0x000000011b00d000, 0x000000011c00d000)

Polling page: 0x0000000109c6e000

CodeCache: size=245760Kb used=5266Kb max_used=5266Kb free=240493Kb
 bounds [0x0000000109c81000, 0x000000010a1b1000, 0x0000000118c81000]
 total_blobs=2329 nmethods=1556 adapters=687
 compilation: enabled

Compilation events (10 events):
Event: 3.754 Thread 0x00007f9d1984b000 nmethod 1552 0x000000010a1a7ed0 code [0x000000010a1a8060, 0x000000010a1a8530]
Event: 3.756 Thread 0x00007f9d1984b000 1553       3       java.util.Properties::getProperty (46 bytes)
Event: 3.756 Thread 0x00007f9d1984b000 nmethod 1553 0x000000010a1a7710 code [0x000000010a1a78a0, 0x000000010a1a7db8]
Event: 3.787 Thread 0x00007f9d1984b000 1554       3       jdk.internal.org.objectweb.asm.MethodWriter::visitTypeInsn (110 bytes)
Event: 3.788 Thread 0x00007f9d1984b000 nmethod 1554 0x000000010a1a6f10 code [0x000000010a1a70c0, 0x000000010a1a7508]
Event: 3.796 Thread 0x00007f9d1984b000 1556       3       java.lang.Class::cast (27 bytes)
Event: 3.796 Thread 0x00007f9d1984b000 nmethod 1556 0x000000010a1a6950 code [0x000000010a1a6ae0, 0x000000010a1a6e38]
Event: 3.800 Thread 0x00007f9d1984b000 1559       3       java.util.HashMap::clear (50 bytes)
Event: 3.801 Thread 0x00007f9d1984b000 nmethod 1559 0x000000010a1a62d0 code [0x000000010a1a6460, 0x000000010a1a6830]
Event: 3.801 Thread 0x00007f9d1984b000 1558  s    3       java.util.Hashtable::containsKey (65 bytes)

GC Heap History (10 events):
Event: 1.155 GC heap before
{Heap before GC invocations=1 (full 0):
 PSYoungGen      total 18944K, used 16384K [0x00000007aab00000, 0x00000007ac000000, 0x00000007c0000000)
  eden space 16384K, 100% used [0x00000007aab00000,0x00000007abb00000,0x00000007abb00000)
  from space 2560K, 0% used [0x00000007abd80000,0x00000007abd80000,0x00000007ac000000)
  to   space 2560K, 0% used [0x00000007abb00000,0x00000007abb00000,0x00000007abd80000)
 ParOldGen       total 44032K, used 0K [0x0000000780000000, 0x0000000782b00000, 0x00000007aab00000)
  object space 44032K, 0% used [0x0000000780000000,0x0000000780000000,0x0000000782b00000)
 Metaspace       used 8335K, capacity 8748K, committed 8832K, reserved 1056768K
  class space    used 1050K, capacity 1136K, committed 1152K, reserved 1048576K
Event: 1.161 GC heap after
Heap after GC invocations=1 (full 0):
 PSYoungGen      total 18944K, used 2544K [0x00000007aab00000, 0x00000007ac000000, 0x00000007c0000000)
  eden space 16384K, 0% used [0x00000007aab00000,0x00000007aab00000,0x00000007abb00000)
  from space 2560K, 99% used [0x00000007abb00000,0x00000007abd7c130,0x00000007abd80000)
  to   space 2560K, 0% used [0x00000007abd80000,0x00000007abd80000,0x00000007ac000000)
 ParOldGen       total 44032K, used 8K [0x0000000780000000, 0x0000000782b00000, 0x00000007aab00000)
  object space 44032K, 0% used [0x0000000780000000,0x0000000780002000,0x0000000782b00000)
 Metaspace       used 8335K, capacity 8748K, committed 8832K, reserved 1056768K
  class space    used 1050K, capacity 1136K, committed 1152K, reserved 1048576K
}
Event: 2.123 GC heap before
{Heap before GC invocations=2 (full 0):
 PSYoungGen      total 18944K, used 18928K [0x00000007aab00000, 0x00000007ac000000, 0x00000007c0000000)
  eden space 16384K, 100% used [0x00000007aab00000,0x00000007abb00000,0x00000007abb00000)
  from space 2560K, 99% used [0x00000007abb00000,0x00000007abd7c130,0x00000007abd80000)
  to   space 2560K, 0% used [0x00000007abd80000,0x00000007abd80000,0x00000007ac000000)
 ParOldGen       total 44032K, used 8K [0x0000000780000000, 0x0000000782b00000, 0x00000007aab00000)
  object space 44032K, 0% used [0x0000000780000000,0x0000000780002000,0x0000000782b00000)
 Metaspace       used 17566K, capacity 18084K, committed 18304K, reserved 1064960K
  class space    used 2452K, capacity 2567K, committed 2688K, reserved 1048576K
Event: 2.131 GC heap after
Heap after GC invocations=2 (full 0):
 PSYoungGen      total 18944K, used 2544K [0x00000007aab00000, 0x00000007ac000000, 0x00000007c0000000)
  eden space 16384K, 0% used [0x00000007aab00000,0x00000007aab00000,0x00000007abb00000)
  from space 2560K, 99% used [0x00000007abd80000,0x00000007abffc040,0x00000007ac000000)
  to   space 2560K, 0% used [0x00000007abb00000,0x00000007abb00000,0x00000007abd80000)
 ParOldGen       total 44032K, used 1980K [0x0000000780000000, 0x0000000782b00000, 0x00000007aab00000)
  object space 44032K, 4% used [0x0000000780000000,0x00000007801ef3b0,0x0000000782b00000)
 Metaspace       used 17566K, capacity 18084K, committed 18304K, reserved 1064960K
  class space    used 2452K, capacity 2567K, committed 2688K, reserved 1048576K
}
Event: 2.658 GC heap before
{Heap before GC invocations=3 (full 0):
 PSYoungGen      total 18944K, used 14521K [0x00000007aab00000, 0x00000007ac000000, 0x00000007c0000000)
  eden space 16384K, 73% used [0x00000007aab00000,0x00000007ab6b2440,0x00000007abb00000)
  from space 2560K, 99% used [0x00000007abd80000,0x00000007abffc040,0x00000007ac000000)
  to   space 2560K, 0% used [0x00000007abb00000,0x00000007abb00000,0x00000007abd80000)
 ParOldGen       total 44032K, used 1980K [0x0000000780000000, 0x0000000782b00000, 0x00000007aab00000)
  object space 44032K, 4% used [0x0000000780000000,0x00000007801ef3b0,0x0000000782b00000)
 Metaspace       used 20521K, capacity 21190K, committed 21296K, reserved 1067008K
  class space    used 3002K, capacity 3140K, committed 3200K, reserved 1048576K
Event: 2.664 GC heap after
Heap after GC invocations=3 (full 0):
 PSYoungGen      total 18944K, used 2544K [0x00000007aab00000, 0x00000007ac000000, 0x00000007c0000000)
  eden space 16384K, 0% used [0x00000007aab00000,0x00000007aab00000,0x00000007abb00000)
  from space 2560K, 99% used [0x00000007abb00000,0x00000007abd7c030,0x00000007abd80000)
  to   space 2560K, 0% used [0x00000007abd80000,0x00000007abd80000,0x00000007ac000000)
 ParOldGen       total 44032K, used 4882K [0x0000000780000000, 0x0000000782b00000, 0x00000007aab00000)
  object space 44032K, 11% used [0x0000000780000000,0x00000007804c48d0,0x0000000782b00000)
 Metaspace       used 20521K, capacity 21190K, committed 21296K, reserved 1067008K
  class space    used 3002K, capacity 3140K, committed 3200K, reserved 1048576K
}
Event: 2.664 GC heap before
{Heap before GC invocations=4 (full 1):
 PSYoungGen      total 18944K, used 2544K [0x00000007aab00000, 0x00000007ac000000, 0x00000007c0000000)
  eden space 16384K, 0% used [0x00000007aab00000,0x00000007aab00000,0x00000007abb00000)
  from space 2560K, 99% used [0x00000007abb00000,0x00000007abd7c030,0x00000007abd80000)
  to   space 2560K, 0% used [0x00000007abd80000,0x00000007abd80000,0x00000007ac000000)
 ParOldGen       total 44032K, used 4882K [0x0000000780000000, 0x0000000782b00000, 0x00000007aab00000)
  object space 44032K, 11% used [0x0000000780000000,0x00000007804c48d0,0x0000000782b00000)
 Metaspace       used 20521K, capacity 21190K, committed 21296K, reserved 1067008K
  class space    used 3002K, capacity 3140K, committed 3200K, reserved 1048576K
Event: 2.720 GC heap after
Heap after GC invocations=4 (full 1):
 PSYoungGen      total 18944K, used 0K [0x00000007aab00000, 0x00000007ac000000, 0x00000007c0000000)
  eden space 16384K, 0% used [0x00000007aab00000,0x00000007aab00000,0x00000007abb00000)
  from space 2560K, 0% used [0x00000007abb00000,0x00000007abb00000,0x00000007abd80000)
  to   space 2560K, 0% used [0x00000007abd80000,0x00000007abd80000,0x00000007ac000000)
 ParOldGen       total 39936K, used 7202K [0x0000000780000000, 0x0000000782700000, 0x00000007aab00000)
  object space 39936K, 18% used [0x0000000780000000,0x0000000780708be0,0x0000000782700000)
 Metaspace       used 20520K, capacity 21188K, committed 21296K, reserved 1067008K
  class space    used 3002K, capacity 3139K, committed 3200K, reserved 1048576K
}
Event: 3.406 GC heap before
{Heap before GC invocations=5 (full 1):
 PSYoungGen      total 18944K, used 16384K [0x00000007aab00000, 0x00000007ac000000, 0x00000007c0000000)
  eden space 16384K, 100% used [0x00000007aab00000,0x00000007abb00000,0x00000007abb00000)
  from space 2560K, 0% used [0x00000007abb00000,0x00000007abb00000,0x00000007abd80000)
  to   space 2560K, 0% used [0x00000007abd80000,0x00000007abd80000,0x00000007ac000000)
 ParOldGen       total 39936K, used 7202K [0x0000000780000000, 0x0000000782700000, 0x00000007aab00000)
  object space 39936K, 18% used [0x0000000780000000,0x0000000780708be0,0x0000000782700000)
 Metaspace       used 20858K, capacity 21562K, committed 21632K, reserved 1067008K
  class space    used 3042K, capacity 3176K, committed 3200K, reserved 1048576K
Event: 3.418 GC heap after
Heap after GC invocations=5 (full 1):
 PSYoungGen      total 18944K, used 2528K [0x00000007aab00000, 0x00000007ac580000, 0x00000007c0000000)
  eden space 16384K, 0% used [0x00000007aab00000,0x00000007aab00000,0x00000007abb00000)
  from space 2560K, 98% used [0x00000007abd80000,0x00000007abff83f0,0x00000007ac000000)
  to   space 2560K, 0% used [0x00000007abb00000,0x00000007abb00000,0x00000007abd80000)
 ParOldGen       total 39936K, used 11410K [0x0000000780000000, 0x0000000782700000, 0x00000007aab00000)
  object space 39936K, 28% used [0x0000000780000000,0x0000000780b24bb0,0x0000000782700000)
 Metaspace       used 20858K, capacity 21562K, committed 21632K, reserved 1067008K
  class space    used 3042K, capacity 3176K, committed 3200K, reserved 1048576K
}

Deoptimization events (10 events):
Event: 2.906 Thread 0x00007f9d1a925000 Uncommon trap: reason=class_check action=maybe_recompile pc=0x000000010a012794 method=java.util.HashMap.putVal(ILjava/lang/Object;Ljava/lang/Object;ZZ)Ljava/lang/Object; @ 253
Event: 2.906 Thread 0x00007f9d1a925000 Uncommon trap: reason=class_check action=maybe_recompile pc=0x000000010a012794 method=java.util.HashMap.putVal(ILjava/lang/Object;Ljava/lang/Object;ZZ)Ljava/lang/Object; @ 253
Event: 2.906 Thread 0x00007f9d1a925000 Uncommon trap: reason=class_check action=maybe_recompile pc=0x000000010a012794 method=java.util.HashMap.putVal(ILjava/lang/Object;Ljava/lang/Object;ZZ)Ljava/lang/Object; @ 253
Event: 2.906 Thread 0x00007f9d1a925000 Uncommon trap: reason=class_check action=maybe_recompile pc=0x000000010a012794 method=java.util.HashMap.putVal(ILjava/lang/Object;Ljava/lang/Object;ZZ)Ljava/lang/Object; @ 253
Event: 3.720 Thread 0x00007f9d19066000 Uncommon trap: reason=class_check action=maybe_recompile pc=0x000000010a177ab8 method=com.sun.javafx.geom.Path2D.<init>(Lcom/sun/javafx/geom/Shape;Lcom/sun/javafx/geom/transform/BaseTransform;)V @ 5
Event: 3.720 Thread 0x00007f9d19066000 Uncommon trap: reason=bimorphic action=maybe_recompile pc=0x000000010a188104 method=com.sun.javafx.geom.Path2D.append(Lcom/sun/javafx/geom/PathIterator;Z)V @ 6
Event: 3.750 Thread 0x00007f9d1a925000 Uncommon trap: reason=class_check action=maybe_recompile pc=0x000000010a08f654 method=java.io.FilterInputStream.read()I @ 4
Event: 3.750 Thread 0x00007f9d1a925000 Uncommon trap: reason=class_check action=maybe_recompile pc=0x000000010a08f654 method=java.io.FilterInputStream.read()I @ 4
Event: 3.750 Thread 0x00007f9d1a925000 Uncommon trap: reason=class_check action=maybe_recompile pc=0x000000010a08f654 method=java.io.FilterInputStream.read()I @ 4
Event: 3.750 Thread 0x00007f9d1a925000 Uncommon trap: reason=class_check action=maybe_recompile pc=0x000000010a08f654 method=java.io.FilterInputStream.read()I @ 4

Internal exceptions (10 events):
Event: 1.707 Thread 0x00007f9d19953800 Exception <a 'java/security/PrivilegedActionException'> (0x00000007ab4a9f40) thrown at [/Users/java_re/workspace/8-2-build-macosx-x86_64/jdk8u31/2394/hotspot/src/share/vm/prims/jvm.cpp, line 1312]
Event: 1.707 Thread 0x00007f9d19953800 Exception <a 'java/security/PrivilegedActionException'> (0x00000007ab4eb5d8) thrown at [/Users/java_re/workspace/8-2-build-macosx-x86_64/jdk8u31/2394/hotspot/src/share/vm/prims/jvm.cpp, line 1312]
Event: 1.785 Thread 0x00007f9d1a925000 Exception <a 'java/security/PrivilegedActionException'> (0x00000007ab784f90) thrown at [/Users/java_re/workspace/8-2-build-macosx-x86_64/jdk8u31/2394/hotspot/src/share/vm/prims/jvm.cpp, line 1312]
Event: 1.787 Thread 0x00007f9d1a925000 Exception <a 'java/security/PrivilegedActionException'> (0x00000007ab79bca0) thrown at [/Users/java_re/workspace/8-2-build-macosx-x86_64/jdk8u31/2394/hotspot/src/share/vm/prims/jvm.cpp, line 1312]
Event: 1.788 Thread 0x00007f9d1a925000 Exception <a 'java/security/PrivilegedActionException'> (0x00000007ab7be070) thrown at [/Users/java_re/workspace/8-2-build-macosx-x86_64/jdk8u31/2394/hotspot/src/share/vm/prims/jvm.cpp, line 1312]
Event: 2.175 Thread 0x00007f9d1a925000 Exception <a 'java/security/PrivilegedActionException'> (0x00000007aaca32b8) thrown at [/Users/java_re/workspace/8-2-build-macosx-x86_64/jdk8u31/2394/hotspot/src/share/vm/prims/jvm.cpp, line 1312]
Event: 2.176 Thread 0x00007f9d1a925000 Exception <a 'java/security/PrivilegedActionException'> (0x00000007aacbaae0) thrown at [/Users/java_re/workspace/8-2-build-macosx-x86_64/jdk8u31/2394/hotspot/src/share/vm/prims/jvm.cpp, line 1312]
Event: 2.177 Thread 0x00007f9d1a925000 Exception <a 'java/security/PrivilegedActionException'> (0x00000007aacd7ed8) thrown at [/Users/java_re/workspace/8-2-build-macosx-x86_64/jdk8u31/2394/hotspot/src/share/vm/prims/jvm.cpp, line 1312]
Event: 2.885 Thread 0x00007f9d19c82800 Exception <a 'sun/nio/fs/UnixException'> (0x00000007aad280d0) thrown at [/Users/java_re/workspace/8-2-build-macosx-x86_64/jdk8u31/2394/hotspot/src/share/vm/prims/jni.cpp, line 716]
Event: 3.298 Thread 0x00007f9d1a925000 Exception <a 'java/io/FileNotFoundException'> (0x00000007ab429e98) thrown at [/Users/java_re/workspace/8-2-build-macosx-x86_64/jdk8u31/2394/hotspot/src/share/vm/prims/jni.cpp, line 716]

Events (10 events):
Event: 3.799 loading class java/util/IdentityHashMap$IdentityHashMapIterator
Event: 3.799 loading class java/util/IdentityHashMap$IdentityHashMapIterator done
Event: 3.799 loading class java/util/IdentityHashMap$KeyIterator done
Event: 3.799 Thread 0x00007f9d1a000000 Thread added: 0x00007f9d1a000000
Event: 3.799 Thread 0x00007f9d22726000 Thread added: 0x00007f9d22726000
Event: 3.800 loading class com/sun/javafx/font/PrismFontFile
Event: 3.800 loading class com/sun/javafx/font/PrismFontFile done
Event: 3.800 Thread 0x00007f9d22726000 Thread exited: 0x00007f9d22726000
Event: 3.800 Thread 0x00007f9d1a000000 Thread exited: 0x00007f9d1a000000
Event: 3.801 Thread 0x00007f9d19066000 Thread exited: 0x00007f9d19066000


Dynamic libraries:
0x000000000497a000 	/System/Library/Frameworks/Cocoa.framework/Versions/A/Cocoa
0x000000000497a000 	/System/Library/Frameworks/Security.framework/Versions/A/Security
0x000000000497a000 	/System/Library/Frameworks/ApplicationServices.framework/Versions/A/ApplicationServices
0x000000000497a000 	/usr/lib/libz.1.dylib
0x000000000497a000 	/usr/lib/libSystem.B.dylib
0x000000000497a000 	/usr/lib/libobjc.A.dylib
0x000000000497a000 	/System/Library/Frameworks/CoreFoundation.framework/Versions/A/CoreFoundation
0x000000000497a000 	/System/Library/Frameworks/Foundation.framework/Versions/C/Foundation
0x000000000497a000 	/System/Library/Frameworks/AppKit.framework/Versions/C/AppKit
0x000000000497a000 	/System/Library/Frameworks/CoreData.framework/Versions/A/CoreData
0x000000000497a000 	/System/Library/PrivateFrameworks/RemoteViewServices.framework/Versions/A/RemoteViewServices
0x000000000497a000 	/System/Library/Frameworks/AudioToolbox.framework/Versions/A/AudioToolbox
0x000000000497a000 	/System/Library/Frameworks/AudioUnit.framework/Versions/A/AudioUnit
0x000000000497a000 	/System/Library/PrivateFrameworks/DataDetectorsCore.framework/Versions/A/DataDetectorsCore
0x000000000497a000 	/System/Library/PrivateFrameworks/DesktopServicesPriv.framework/Versions/A/DesktopServicesPriv
0x000000000497a000 	/System/Library/Frameworks/Carbon.framework/Versions/A/Frameworks/HIToolbox.framework/Versions/A/HIToolbox
0x000000000497a000 	/System/Library/Frameworks/QuartzCore.framework/Versions/A/QuartzCore
0x000000000497a000 	/System/Library/Frameworks/Carbon.framework/Versions/A/Frameworks/SpeechRecognition.framework/Versions/A/SpeechRecognition
0x000000000497a000 	/usr/lib/libauto.dylib
0x000000000497a000 	/usr/lib/libicucore.A.dylib
0x000000000497a000 	/usr/lib/libxml2.2.dylib
0x000000000497a000 	/System/Library/PrivateFrameworks/CoreUI.framework/Versions/A/CoreUI
0x000000000497a000 	/System/Library/Frameworks/CoreAudio.framework/Versions/A/CoreAudio
0x000000000497a000 	/System/Library/Frameworks/DiskArbitration.framework/Versions/A/DiskArbitration
0x000000000497a000 	/usr/lib/liblangid.dylib
0x000000000497a000 	/System/Library/PrivateFrameworks/MultitouchSupport.framework/Versions/A/MultitouchSupport
0x000000000497a000 	/System/Library/Frameworks/IOKit.framework/Versions/A/IOKit
0x000000000497a000 	/usr/lib/libDiagnosticMessagesClient.dylib
0x000000000497a000 	/System/Library/Frameworks/CoreServices.framework/Versions/A/CoreServices
0x000000000497a000 	/System/Library/PrivateFrameworks/PerformanceAnalysis.framework/Versions/A/PerformanceAnalysis
0x000000000497a000 	/System/Library/PrivateFrameworks/GenerationalStorage.framework/Versions/A/GenerationalStorage
0x000000000497a000 	/System/Library/Frameworks/OpenGL.framework/Versions/A/OpenGL
0x000000000497a000 	/System/Library/PrivateFrameworks/Sharing.framework/Versions/A/Sharing
0x000000000497a000 	/System/Library/Frameworks/ImageIO.framework/Versions/A/ImageIO
0x000000000497a000 	/System/Library/Frameworks/CoreText.framework/Versions/A/CoreText
0x000000000497a000 	/System/Library/Frameworks/CoreGraphics.framework/Versions/A/CoreGraphics
0x000000000497a000 	/System/Library/PrivateFrameworks/Backup.framework/Versions/A/Backup
0x000000000497a000 	/System/Library/Frameworks/CFNetwork.framework/Versions/A/CFNetwork
0x000000000497a000 	/System/Library/Frameworks/SystemConfiguration.framework/Versions/A/SystemConfiguration
0x000000000497a000 	/usr/lib/libCRFSuite.dylib
0x000000000497a000 	/usr/lib/libc++.1.dylib
0x000000000497a000 	/usr/lib/libc++abi.dylib
0x000000000497a000 	/usr/lib/system/libcache.dylib
0x000000000497a000 	/usr/lib/system/libcommonCrypto.dylib
0x000000000497a000 	/usr/lib/system/libcompiler_rt.dylib
0x000000000497a000 	/usr/lib/system/libcopyfile.dylib
0x000000000497a000 	/usr/lib/system/libcorecrypto.dylib
0x000000000497a000 	/usr/lib/system/libdispatch.dylib
0x000000000497a000 	/usr/lib/system/libdyld.dylib
0x000000000497a000 	/usr/lib/system/libkeymgr.dylib
0x000000000497a000 	/usr/lib/system/liblaunch.dylib
0x000000000497a000 	/usr/lib/system/libmacho.dylib
0x000000000497a000 	/usr/lib/system/libquarantine.dylib
0x000000000497a000 	/usr/lib/system/libremovefile.dylib
0x000000000497a000 	/usr/lib/system/libsystem_asl.dylib
0x000000000497a000 	/usr/lib/system/libsystem_blocks.dylib
0x000000000497a000 	/usr/lib/system/libsystem_c.dylib
0x000000000497a000 	/usr/lib/system/libsystem_configuration.dylib
0x000000000497a000 	/usr/lib/system/libsystem_dnssd.dylib
0x000000000497a000 	/usr/lib/system/libsystem_info.dylib
0x000000000497a000 	/usr/lib/system/libsystem_kernel.dylib
0x000000000497a000 	/usr/lib/system/libsystem_m.dylib
0x000000000497a000 	/usr/lib/system/libsystem_malloc.dylib
0x000000000497a000 	/usr/lib/system/libsystem_network.dylib
0x000000000497a000 	/usr/lib/system/libsystem_notify.dylib
0x000000000497a000 	/usr/lib/system/libsystem_platform.dylib
0x000000000497a000 	/usr/lib/system/libsystem_pthread.dylib
0x000000000497a000 	/usr/lib/system/libsystem_sandbox.dylib
0x000000000497a000 	/usr/lib/system/libsystem_stats.dylib
0x000000000497a000 	/usr/lib/system/libunc.dylib
0x000000000497a000 	/usr/lib/system/libunwind.dylib
0x000000000497a000 	/usr/lib/system/libxpc.dylib
0x000000000497a000 	/usr/lib/libbsm.0.dylib
0x000000000497a000 	/usr/lib/libsqlite3.dylib
0x000000000497a000 	/usr/lib/libxar.1.dylib
0x000000000497a000 	/usr/lib/libpam.2.dylib
0x000000000497a000 	/usr/lib/libOpenScriptingUtil.dylib
0x000000000497a000 	/usr/lib/libbz2.1.0.dylib
0x000000000497a000 	/System/Library/Frameworks/CoreServices.framework/Versions/A/Frameworks/CarbonCore.framework/Versions/A/CarbonCore
0x000000000497a000 	/System/Library/Frameworks/CoreServices.framework/Versions/A/Frameworks/Metadata.framework/Versions/A/Metadata
0x000000000497a000 	/System/Library/Frameworks/CoreServices.framework/Versions/A/Frameworks/OSServices.framework/Versions/A/OSServices
0x000000000497a000 	/System/Library/Frameworks/CoreServices.framework/Versions/A/Frameworks/SearchKit.framework/Versions/A/SearchKit
0x000000000497a000 	/System/Library/Frameworks/CoreServices.framework/Versions/A/Frameworks/AE.framework/Versions/A/AE
0x000000000497a000 	/System/Library/Frameworks/CoreServices.framework/Versions/A/Frameworks/LaunchServices.framework/Versions/A/LaunchServices
0x000000000497a000 	/System/Library/Frameworks/CoreServices.framework/Versions/A/Frameworks/DictionaryServices.framework/Versions/A/DictionaryServices
0x000000000497a000 	/System/Library/Frameworks/NetFS.framework/Versions/A/NetFS
0x000000000497a000 	/usr/lib/system/libkxld.dylib
0x000000000497a000 	/System/Library/PrivateFrameworks/NetAuth.framework/Versions/A/NetAuth
0x000000000497a000 	/System/Library/PrivateFrameworks/TCC.framework/Versions/A/TCC
0x000000000497a000 	/System/Library/Frameworks/OpenDirectory.framework/Versions/A/Frameworks/CFOpenDirectory.framework/Versions/A/CFOpenDirectory
0x000000000497a000 	/System/Library/Frameworks/ServiceManagement.framework/Versions/A/ServiceManagement
0x000000000497a000 	/usr/lib/libxslt.1.dylib
0x000000000497a000 	/System/Library/Frameworks/Carbon.framework/Versions/A/Frameworks/Ink.framework/Versions/A/Ink
0x000000000497a000 	/System/Library/Frameworks/ApplicationServices.framework/Versions/A/Frameworks/ATS.framework/Versions/A/ATS
0x000000000497a000 	/System/Library/Frameworks/ApplicationServices.framework/Versions/A/Frameworks/ColorSync.framework/Versions/A/ColorSync
0x000000000497a000 	/System/Library/Frameworks/ApplicationServices.framework/Versions/A/Frameworks/HIServices.framework/Versions/A/HIServices
0x000000000497a000 	/System/Library/Frameworks/ApplicationServices.framework/Versions/A/Frameworks/LangAnalysis.framework/Versions/A/LangAnalysis
0x000000000497a000 	/System/Library/Frameworks/ApplicationServices.framework/Versions/A/Frameworks/PrintCore.framework/Versions/A/PrintCore
0x000000000497a000 	/System/Library/Frameworks/ApplicationServices.framework/Versions/A/Frameworks/QD.framework/Versions/A/QD
0x000000000497a000 	/System/Library/Frameworks/ApplicationServices.framework/Versions/A/Frameworks/SpeechSynthesis.framework/Versions/A/SpeechSynthesis
0x000000000497a000 	/System/Library/Frameworks/IOSurface.framework/Versions/A/IOSurface
0x000000000497a000 	/System/Library/Frameworks/Accelerate.framework/Versions/A/Accelerate
0x000000000497a000 	/System/Library/Frameworks/Accelerate.framework/Versions/A/Frameworks/vImage.framework/Versions/A/vImage
0x000000000497a000 	/System/Library/Frameworks/Accelerate.framework/Versions/A/Frameworks/vecLib.framework/Versions/A/vecLib
0x000000000497a000 	/System/Library/Frameworks/Accelerate.framework/Versions/A/Frameworks/vecLib.framework/Versions/A/libvDSP.dylib
0x000000000497a000 	/System/Library/Frameworks/Accelerate.framework/Versions/A/Frameworks/vecLib.framework/Versions/A/libvMisc.dylib
0x000000000497a000 	/System/Library/Frameworks/Accelerate.framework/Versions/A/Frameworks/vecLib.framework/Versions/A/libLAPACK.dylib
0x000000000497a000 	/System/Library/Frameworks/Accelerate.framework/Versions/A/Frameworks/vecLib.framework/Versions/A/libBLAS.dylib
0x000000000497a000 	/System/Library/Frameworks/ApplicationServices.framework/Versions/A/Frameworks/ATS.framework/Versions/A/Resources/libFontParser.dylib
0x000000000497a000 	/System/Library/Frameworks/ApplicationServices.framework/Versions/A/Frameworks/ATS.framework/Versions/A/Resources/libFontRegistry.dylib
0x000000000497a000 	/System/Library/Frameworks/ImageIO.framework/Versions/A/Resources/libJPEG.dylib
0x000000000497a000 	/System/Library/Frameworks/ImageIO.framework/Versions/A/Resources/libTIFF.dylib
0x000000000497a000 	/System/Library/Frameworks/ImageIO.framework/Versions/A/Resources/libPng.dylib
0x000000000497a000 	/System/Library/Frameworks/ImageIO.framework/Versions/A/Resources/libGIF.dylib
0x000000000497a000 	/System/Library/Frameworks/ImageIO.framework/Versions/A/Resources/libJP2.dylib
0x000000000497a000 	/System/Library/Frameworks/ImageIO.framework/Versions/A/Resources/libRadiance.dylib
0x000000000497a000 	/usr/lib/libcups.2.dylib
0x000000000497a000 	/System/Library/Frameworks/Kerberos.framework/Versions/A/Kerberos
0x000000000497a000 	/System/Library/Frameworks/GSS.framework/Versions/A/GSS
0x000000000497a000 	/usr/lib/libresolv.9.dylib
0x000000000497a000 	/usr/lib/libiconv.2.dylib
0x000000000497a000 	/System/Library/PrivateFrameworks/Heimdal.framework/Versions/A/Heimdal
0x000000000497a000 	/System/Library/PrivateFrameworks/TrustEvaluationAgent.framework/Versions/A/TrustEvaluationAgent
0x000000000497a000 	/usr/lib/libheimdal-asn1.dylib
0x000000000497a000 	/System/Library/Frameworks/OpenDirectory.framework/Versions/A/OpenDirectory
0x000000000497a000 	/System/Library/PrivateFrameworks/CommonAuth.framework/Versions/A/CommonAuth
0x000000000497a000 	/System/Library/Frameworks/SecurityFoundation.framework/Versions/A/SecurityFoundation
0x000000000497a000 	/System/Library/PrivateFrameworks/Bom.framework/Versions/A/Bom
0x000000000497a000 	/System/Library/Frameworks/CoreVideo.framework/Versions/A/CoreVideo
0x000000000497a000 	/System/Library/Frameworks/QuartzCore.framework/Versions/A/Frameworks/CoreImage.framework/Versions/A/CoreImage
0x000000000497a000 	/System/Library/Frameworks/QuartzCore.framework/Versions/A/Frameworks/ScalableUserInterface.framework/Versions/A/ScalableUserInterface
0x000000000497a000 	/System/Library/Frameworks/OpenGL.framework/Versions/A/Libraries/libGLU.dylib
0x000000000497a000 	/System/Library/Frameworks/OpenGL.framework/Versions/A/Libraries/libGFXShared.dylib
0x000000000497a000 	/System/Library/Frameworks/OpenGL.framework/Versions/A/Libraries/libGL.dylib
0x000000000497a000 	/System/Library/Frameworks/OpenGL.framework/Versions/A/Libraries/libGLImage.dylib
0x000000000497a000 	/System/Library/Frameworks/OpenGL.framework/Versions/A/Libraries/libCVMSPluginSupport.dylib
0x000000000497a000 	/System/Library/Frameworks/OpenGL.framework/Versions/A/Libraries/libCoreVMClient.dylib
0x000000000497a000 	/System/Library/PrivateFrameworks/FaceCore.framework/Versions/A/FaceCore
0x000000000497a000 	/System/Library/PrivateFrameworks/CrashReporterSupport.framework/Versions/A/CrashReporterSupport
0x000000000497a000 	/System/Library/Frameworks/OpenCL.framework/Versions/A/OpenCL
0x000000000497a000 	/System/Library/PrivateFrameworks/AppleFSCompression.framework/Versions/A/AppleFSCompression
0x000000000497a000 	/System/Library/PrivateFrameworks/Ubiquity.framework/Versions/A/Ubiquity
0x000000000497a000 	/System/Library/PrivateFrameworks/IconServices.framework/Versions/A/IconServices
0x000000000497a000 	/System/Library/PrivateFrameworks/ChunkingLibrary.framework/Versions/A/ChunkingLibrary
0x000000000497a000 	/System/Library/PrivateFrameworks/CoreSymbolication.framework/Versions/A/CoreSymbolication
0x000000000497a000 	/System/Library/PrivateFrameworks/Symbolication.framework/Versions/A/Symbolication
0x000000000497a000 	/System/Library/PrivateFrameworks/DebugSymbols.framework/Versions/A/DebugSymbols
0x0000000108c0a000 	/Library/Java/JavaVirtualMachines/jdk1.8.0_31.jdk/Contents/Home/jre/lib/server/libjvm.dylib
0x000000000497a000 	/usr/lib/libstdc++.6.dylib
0x0000000109c2c000 	/Library/Java/JavaVirtualMachines/jdk1.8.0_31.jdk/Contents/Home/jre/lib/libverify.dylib
0x0000000109c3a000 	/Library/Java/JavaVirtualMachines/jdk1.8.0_31.jdk/Contents/Home/jre/lib/libjava.dylib
0x0000000109c78000 	/Library/Java/JavaVirtualMachines/jdk1.8.0_31.jdk/Contents/Home/jre/lib/libzip.dylib
0x000000011dfba000 	/System/Library/Frameworks/JavaVM.framework/Frameworks/JavaRuntimeSupport.framework/JavaRuntimeSupport
0x00000001191ea000 	/System/Library/Frameworks/JavaVM.framework/Versions/A/Frameworks/JavaNativeFoundation.framework/Versions/A/JavaNativeFoundation
0x000000011dfd2000 	/System/Library/Frameworks/JavaVM.framework/Versions/A/JavaVM
0x000000000497a000 	/System/Library/Frameworks/Carbon.framework/Versions/A/Carbon
0x000000011dfdf000 	/System/Library/PrivateFrameworks/JavaLaunching.framework/Versions/A/JavaLaunching
0x000000000497a000 	/System/Library/Frameworks/Carbon.framework/Versions/A/Frameworks/CommonPanels.framework/Versions/A/CommonPanels
0x000000000497a000 	/System/Library/Frameworks/Carbon.framework/Versions/A/Frameworks/Help.framework/Versions/A/Help
0x000000000497a000 	/System/Library/Frameworks/Carbon.framework/Versions/A/Frameworks/ImageCapture.framework/Versions/A/ImageCapture
0x000000000497a000 	/System/Library/Frameworks/Carbon.framework/Versions/A/Frameworks/OpenScripting.framework/Versions/A/OpenScripting
0x000000000497a000 	/System/Library/Frameworks/Carbon.framework/Versions/A/Frameworks/Print.framework/Versions/A/Print
0x000000000497a000 	/System/Library/Frameworks/Carbon.framework/Versions/A/Frameworks/SecurityHI.framework/Versions/A/SecurityHI
0x000000011e8de000 	/Library/Java/JavaVirtualMachines/jdk1.8.0_31.jdk/Contents/Home/jre/lib/libprism_es2.dylib
0x000000000497a000 	/System/Library/Frameworks/OpenGL.framework/Versions/A/Resources/GLEngine.bundle/GLEngine
0x000000000497a000 	/System/Library/Frameworks/OpenGL.framework/Versions/A/Libraries/libGLProgrammability.dylib
0x0000000000000000 	/System/Library/Extensions/AppleIntelHD5000GraphicsGLDriver.bundle/Contents/MacOS/AppleIntelHD5000GraphicsGLDriver
0x000000000497a000 	/System/Library/PrivateFrameworks/IOAccelerator.framework/Versions/A/IOAccelerator
0x000000000497a000 	/System/Library/PrivateFrameworks/GPUSupport.framework/Versions/A/Libraries/libGPUSupportMercury.dylib
0x000000000497a000 	/System/Library/Frameworks/OpenGL.framework/Versions/A/Resources/GLRendererFloat.bundle/GLRendererFloat
0x000000000497a000 	/System/Library/Frameworks/OpenCL.framework/Versions/A/Libraries/libcldcpuengine.dylib
0x000000000497a000 	/System/Library/PrivateFrameworks/DiskImages.framework/Versions/A/DiskImages
0x000000000497a000 	/System/Library/Frameworks/DiscRecording.framework/Versions/A/DiscRecording
0x000000000497a000 	/usr/lib/libcsfde.dylib
0x000000000497a000 	/usr/lib/libcurl.4.dylib
0x000000000497a000 	/System/Library/PrivateFrameworks/MediaKit.framework/Versions/A/MediaKit
0x000000000497a000 	/usr/lib/libCoreStorage.dylib
0x000000000497a000 	/System/Library/PrivateFrameworks/EFILogin.framework/Versions/A/EFILogin
0x000000000497a000 	/usr/lib/libutil.dylib
0x000000000497a000 	/System/Library/PrivateFrameworks/AOSNotification.framework/Versions/A/AOSNotification
0x000000000497a000 	/System/Library/Frameworks/LDAP.framework/Versions/A/LDAP
0x000000000497a000 	/usr/lib/libsasl2.2.dylib
0x000000000497a000 	/usr/lib/libcrypto.0.9.8.dylib
0x000000000497a000 	/usr/lib/libssl.0.9.8.dylib
0x000000011f1dd000 	/Library/Java/JavaVirtualMachines/jdk1.8.0_31.jdk/Contents/Home/jre/lib/libglass.dylib
0x000000000497a000 	/System/Library/PrivateFrameworks/CoreServicesInternal.framework/Versions/A/CoreServicesInternal
0x000000000497a000 	/System/Library/PrivateFrameworks/Librarian.framework/Versions/A/Librarian
0x000000000497a000 	/System/Library/CoreServices/RawCamera.bundle/Contents/MacOS/RawCamera
0x000000000497a000 	/System/Library/Frameworks/CoreGraphics.framework/Versions/A/Resources/libCGCMS.A.dylib
0x000000000497a000 	/System/Library/Frameworks/CoreGraphics.framework/Versions/A/Resources/libRIP.A.dylib
0x000000000497a000 	/System/Library/PrivateFrameworks/FamilyControls.framework/Versions/A/FamilyControls
0x000000000497a000 	/System/Library/PrivateFrameworks/CommerceKit.framework/Versions/A/Frameworks/CommerceCore.framework/Versions/A/CommerceCore
0x000000000497a000 	/System/Library/PrivateFrameworks/SystemAdministration.framework/Versions/A/SystemAdministration
0x000000000497a000 	/System/Library/Frameworks/DirectoryService.framework/Versions/A/DirectoryService
0x000000000497a000 	/System/Library/PrivateFrameworks/LoginUIKit.framework/Versions/A/Frameworks/LoginUICore.framework/Versions/A/LoginUICore
0x000000000497a000 	/usr/lib/libodfde.dylib
0x00000001232af000 	/Library/Java/JavaVirtualMachines/jdk1.8.0_31.jdk/Contents/Home/jre/lib/libawt.dylib
0x000000012335e000 	/Library/Java/JavaVirtualMachines/jdk1.8.0_31.jdk/Contents/Home/jre/lib/./libmlib_image.dylib
0x000000012342a000 	/Library/Java/JavaVirtualMachines/jdk1.8.0_31.jdk/Contents/Home/jre/lib/libawt_lwawt.dylib
0x00000001234dd000 	/Library/Java/JavaVirtualMachines/jdk1.8.0_31.jdk/Contents/Home/jre/lib/./libosxapp.dylib
0x000000000497a000 	/System/Library/Frameworks/ExceptionHandling.framework/Versions/A/ExceptionHandling
0x00000001234f9000 	/Library/Java/JavaVirtualMachines/jdk1.8.0_31.jdk/Contents/Home/jre/lib/libfontmanager.dylib
0x0000000123560000 	/Library/Java/JavaVirtualMachines/jdk1.8.0_31.jdk/Contents/Home/jre/lib/libosxui.dylib
0x000000012474a000 	/Library/Java/JavaVirtualMachines/jdk1.8.0_31.jdk/Contents/Home/jre/lib/libjfxwebkit.dylib
0x0000000126963000 	/Library/Java/JavaVirtualMachines/jdk1.8.0_31.jdk/Contents/Home/jre/lib/libnio.dylib
0x0000000126973000 	/Library/Java/JavaVirtualMachines/jdk1.8.0_31.jdk/Contents/Home/jre/lib/./libnet.dylib
0x0000000126212000 	/Library/Java/JavaVirtualMachines/jdk1.8.0_31.jdk/Contents/Home/jre/lib/libjavafx_font.dylib
0x000000000497a000 	/System/Library/Frameworks/CoreGraphics.framework/Versions/A/Resources/libCGXType.A.dylib
0x0000000128889000 	cl_kernels
0x000000012888c000 	/System/Library/Frameworks/OpenCL.framework/Versions/A/Libraries/ImageFormats/unorm8_bgra.dylib
0x000000012887a000 	cl_kernels
0x0000000128b67000 	/Library/Java/JavaVirtualMachines/jdk1.8.0_31.jdk/Contents/Home/jre/lib/libprism_common.dylib

VM Arguments:
jvm_args: -Dfile.encoding=UTF-8 
java_command: ckSnapInterpreter.controlPanel
java_class_path (initial): /Users/allisonwalther/git/CyberKnight:/Users/allisonwalther/git/CyberKnight/libs/junit-4.11.jar:/Users/allisonwalther/git/CyberKnight/libs/jsyntaxpane-0.9.5.jar:/Users/allisonwalther/git/CyberKnight/libs/algviz.jar:/Users/allisonwalther/git/CyberKnight/libs/algviz-xml-bindings.jar:/Users/allisonwalther/git/CyberKnight/libs/castor-1.1.1-codegen.jar:/Users/allisonwalther/git/CyberKnight/libs/castor-1.1.1.jar:/Users/allisonwalther/git/CyberKnight/libs/commons-logging.jar:/Users/allisonwalther/git/CyberKnight/libs/log4j-1.2.jar:/Users/allisonwalther/git/CyberKnight/libs/prefuse.jar:/Users/allisonwalther/git/CyberKnight/libs/xercesImpl.jar:/Users/allisonwalther/git/CyberKnight/libs/jython.jar:/Users/allisonwalther/git/CyberKnight/libs/h2-1.3.152.jar:/Users/allisonwalther/Desktop/eclipse/plugins/org.junit_4.11.0.v201303080030/junit.jar:/Users/allisonwalther/Desktop/eclipse/plugins/org.hamcrest.core_1.3.0.v201303031735.jar:/Users/allisonwalther/git/CyberKnight/libs/collections-generic-4.01.jar:/Users/allisonwalther/git/CyberKnight/libs/colt-1.2.0.jar:/Users/allisonwalther/git/CyberKnight/libs/concurrent-1.3.4.jar:/Users/allisonwalther/git/CyberKnight/libs/j3d-core-1.3.1.jar:/Users/allisonwalther/git/CyberKnight/libs/vecmath-1.3.1.jar:/Users/allisonwalther/git/CyberKnight/libs/jung-api-2.0.1.jar:/Users/allisonwalther/git/CyberKnight/libs/jung-algorithms-2.0.1.jar:/Users/allisonwalther/git/CyberKnight/libs/jung-visualization-2.0.1.jar:/Users/allisonwalther/git/CyberKnight/libs/jung-3d-2.0.1.jar:/Users/allisonwalther/git/CyberKnight/libs/jung-graph-impl-2.0.1.jar:/Users/allisonwalther/git/CyberKnight/libs/jung-3d-demos-2.0.1.jar:/Users/allisonwalther/git/CyberKnight/libs/wstx-asl-3.2.6.jar:/Users/allisonwalther/git/CyberKnight/libs/stax-api-1.0.1.jar:/Users/allisonwalther/git/CyberKnight/libs/jung-io-2.0.1.jar:/Users/allisonwalther/git/CyberKnight/libs/jung-jai-2.0.1.jar:/Users/allisonwalther/git/CyberKnight/libs/jung-samples-2.0.1.jar:/Users/alli
Launcher Type: SUN_STANDARD

Environment Variables:
PATH=/usr/bin:/bin:/usr/sbin:/sbin
SHELL=/bin/bash

Signal Handlers:
SIGSEGV: [libjvm.dylib+0x57a0e7], sa_mask[0]=11111111011111110111111111111111, sa_flags=SA_ONSTACK|SA_RESTART|SA_SIGINFO
SIGBUS: [libjvm.dylib+0x57a0e7], sa_mask[0]=11111111011111110111111111111111, sa_flags=SA_RESTART|SA_SIGINFO
SIGFPE: [libjvm.dylib+0x45af24], sa_mask[0]=11111111011111110111111111111111, sa_flags=SA_RESTART|SA_SIGINFO
SIGPIPE: [libjvm.dylib+0x45af24], sa_mask[0]=11111111011111110111111111111111, sa_flags=SA_RESTART|SA_SIGINFO
SIGXFSZ: [libjvm.dylib+0x45af24], sa_mask[0]=11111111011111110111111111111111, sa_flags=SA_RESTART|SA_SIGINFO
SIGILL: [libjvm.dylib+0x45af24], sa_mask[0]=11111111011111110111111111111111, sa_flags=SA_RESTART|SA_SIGINFO
SIGUSR1: SIG_DFL, sa_mask[0]=00000000000000000000000000000000, sa_flags=SA_RESTART
SIGUSR2: [libjvm.dylib+0x45aa42], sa_mask[0]=00100000000000000000000000000000, sa_flags=SA_RESTART|SA_SIGINFO
SIGHUP: [libjvm.dylib+0x459015], sa_mask[0]=11111111011111110111111111111111, sa_flags=SA_RESTART|SA_SIGINFO
SIGINT: [libjvm.dylib+0x459015], sa_mask[0]=11111111011111110111111111111111, sa_flags=SA_RESTART|SA_SIGINFO
SIGTERM: [libjvm.dylib+0x459015], sa_mask[0]=11111111011111110111111111111111, sa_flags=SA_RESTART|SA_SIGINFO
SIGQUIT: [libjvm.dylib+0x459015], sa_mask[0]=11111111011111110111111111111111, sa_flags=SA_RESTART|SA_SIGINFO


---------------  S Y S T E M  ---------------

OS:Bsduname:Darwin 13.4.0 Darwin Kernel Version 13.4.0: Wed Mar 18 16:20:14 PDT 2015; root:xnu-2422.115.14~1/RELEASE_X86_64 x86_64
rlimit: STACK 8192k, CORE 0k, NPROC 709, NOFILE 10240, AS infinity
load average:2.70 1.86 1.70

CPU:total 4 (2 cores per cpu, 2 threads per core) family 6 model 69 stepping 1, cmov, cx8, fxsr, mmx, sse, sse2, sse3, ssse3, sse4.1, sse4.2, popcnt, avx, avx2, aes, clmul, erms, lzcnt, ht, tsc, tscinvbit, bmi1, bmi2

Memory: 4k page, physical 4194304k(120852k free)

/proc/meminfo:


vm_info: Java HotSpot(TM) 64-Bit Server VM (25.31-b07) for bsd-amd64 JRE (1.8.0_31-b13), built on Dec 17 2014 20:45:36 by "java_re" with gcc 4.2.1 (Based on Apple Inc. build 5658) (LLVM build 2336.11.00)

time: Wed Jul 15 14:18:06 2015
elapsed time: 3 seconds (0d 0h 0m 3s)

