#
# A fatal error has been detected by the Java Runtime Environment:
#
#  SIGSEGV (0xb) at pc=0x000000012067a7e3, pid=27441, tid=1811
#
# JRE version: Java(TM) SE Runtime Environment (8.0_31-b13) (build 1.8.0_31-b13)
# Java VM: Java HotSpot(TM) 64-Bit Server VM (25.31-b07 mixed mode bsd-amd64 compressed oops)
# Problematic frame:
# C  [libjfxwebkit.dylib+0x9377e3]  Java_com_sun_webkit_PopupMenu_twkPopupClosed+0x6253
#
# Failed to write core dump. Core dumps have been disabled. To enable core dumping, try "ulimit -c unlimited" before starting Java again
#
# If you would like to submit a bug report, please visit:
#   http://bugreport.java.com/bugreport/crash.jsp
#

---------------  T H R E A D  ---------------

Current thread is native thread

siginfo: si_signo: 11 (SIGSEGV), si_code: 1 (SEGV_MAPERR), si_addr: 0x0000000000000000

Registers:
RAX=0x00007fff5eb36d00, RBX=0x00007fc167547a38, RCX=0x00007fff5eb36cd4, RDX=0x00007fc163c89b10
RSP=0x00007fff5eb36c20, RBP=0x00007fff5eb36cf0, RSI=0x00007fc16680c878, RDI=0x0000000000000000
R8 =0x0000000006329ddf, R9 =0x0000000000000000, R10=0x00000000000000b9, R11=0x00007fc163e24e60
R12=0x00007fc167547a00, R13=0x00000001218181b0, R14=0x0000000000000000, R15=0x0000000000000000
RIP=0x000000012067a7e3, EFLAGS=0x0000000000010246, ERR=0x0000000000000004
  TRAPNO=0x000000000000000e

Top of Stack: (sp=0x00007fff5eb36c20)
0x00007fff5eb36c20:   0000000000000004 00000001010e2a00
0x00007fff5eb36c30:   00007fff5eb36d20 00007fff5eb36cd4
0x00007fff5eb36c40:   0000000006329ddf 0000000000000000
0x00007fff5eb36c50:   00000001010f9a00 0000000000000000
0x00007fff5eb36c60:   00000001010f9a00 00000001010df000
0x00007fff5eb36c70:   00007fff5eb36d60 00007fff95b7a77e
0x00007fff5eb36c80:   00007fff78c55010 0000000000000000
0x00007fff5eb36c90:   00007fff5eb36cc0 0000000101d0a7cf
0x00007fff5eb36ca0:   00007fff78c55010 0000000000010002
0x00007fff5eb36cb0:   00007fff5eb36d08 00000001021e50e8
0x00007fff5eb36cc0:   00007fff5eb36cf0 0000000101d08785
0x00007fff5eb36cd0:   fffffffe000005f4 0000003000000018
0x00007fff5eb36ce0:   00007fff5eb36d00 00007fff5eb36c20
0x00007fff5eb36cf0:   00007fff5eb36d20 0000000120636966
0x00007fff5eb36d00:   00007fff5eb36d68 0000000000000000
0x00007fff5eb36d10:   00007fc167547a38 0000000000000000
0x00007fff5eb36d20:   00007fff5eb36d70 000000012061ca2c
0x00007fff5eb36d30:   00007fc1617b1ea0 0000001f010df000
0x00007fff5eb36d40:   00007fc168919000 00007fc163efac60
0x00007fff5eb36d50:   00007fc167547a00 00000001218181b0
0x00007fff5eb36d60:   0000000000000000 0000000000000000
0x00007fff5eb36d70:   00007fff5eb36db0 0000000120619f87
0x00007fff5eb36d80:   00007fc163e64b80 0000000000000001
0x00007fff5eb36d90:   00007fc163e64b50 00000001010df000
0x00007fff5eb36da0:   00007fff5eb36e40 00007fc163efac60
0x00007fff5eb36db0:   00007fff5eb36de0 000000012060fbf5
0x00007fff5eb36dc0:   00007fc163efac60 0000000000000000
0x00007fff5eb36dd0:   00007fc163efac60 00007fc163e24e60
0x00007fff5eb36de0:   00007fff5eb36e00 00000001207a5157
0x00007fff5eb36df0:   00007fc163e24e60 00007fc163efac60
0x00007fff5eb36e00:   00007fff5eb36e30 000000012044841f
0x00007fff5eb36e10:   00007fff5eb36eb0 0000000000000001 

Instructions: (pc=0x000000012067a7e3)
0x000000012067a7c3:   8d 85 30 ff ff ff 48 89 45 f8 48 8d 45 10 48 89
0x000000012067a7d3:   45 f0 c7 45 ec 30 00 00 00 c7 45 e8 18 00 00 00
0x000000012067a7e3:   48 8b 07 48 8d 4d e8 ff 90 90 01 00 00 48 81 c4
0x000000012067a7f3:   d0 00 00 00 5d c3 90 90 90 90 90 90 90 55 48 89 

Register to memory mapping:

RAX=0x00007fff5eb36d00 is an unknown value
RBX=0x00007fc167547a38 is an unknown value
RCX=0x00007fff5eb36cd4 is an unknown value
RDX=0x00007fc163c89b10 is an unknown value
RSP=0x00007fff5eb36c20 is an unknown value
RBP=0x00007fff5eb36cf0 is an unknown value
RSI=0x00007fc16680c878 is a global jni handle
RDI=0x0000000000000000 is an unknown value
R8 =0x0000000006329ddf is an unknown value
R9 =0x0000000000000000 is an unknown value
R10=0x00000000000000b9 is an unknown value
R11=0x00007fc163e24e60 is an unknown value
R12=0x00007fc167547a00 is an unknown value
R13=0x00000001218181b0 is an unknown value
R14=0x0000000000000000 is an unknown value
R15=0x0000000000000000 is an unknown value


Stack: [0x00007fff5e33b000,0x00007fff5eb3b000],  sp=0x00007fff5eb36c20,  free space=8175k
Native frames: (J=compiled Java code, j=interpreted, Vv=VM code, C=native code)
C  [libjfxwebkit.dylib+0x9377e3]  Java_com_sun_webkit_PopupMenu_twkPopupClosed+0x6253
C  [libjfxwebkit.dylib+0x8f3966]  Java_com_sun_webkit_graphics_WCGraphicsManager_append+0x906
C  [libjfxwebkit.dylib+0x8d9a2c]  Java_com_sun_webkit_dom_EventListenerImpl_twkDispatchEvent+0x51b8ec
C  [libjfxwebkit.dylib+0x8d6f87]  Java_com_sun_webkit_dom_EventListenerImpl_twkDispatchEvent+0x518e47
C  [libjfxwebkit.dylib+0x8ccbf5]  Java_com_sun_webkit_dom_EventListenerImpl_twkDispatchEvent+0x50eab5
C  [libjfxwebkit.dylib+0xa62157]  Java_com_sun_webkit_network_URLLoader_twkWillSendRequest+0x10eb97
C  [libjfxwebkit.dylib+0x70541f]  Java_com_sun_webkit_dom_EventListenerImpl_twkDispatchEvent+0x3472df
C  [libjfxwebkit.dylib+0x70a8eb]  Java_com_sun_webkit_dom_EventListenerImpl_twkDispatchEvent+0x34c7ab
C  [libjfxwebkit.dylib+0x70a216]  Java_com_sun_webkit_dom_EventListenerImpl_twkDispatchEvent+0x34c0d6
C  [libjfxwebkit.dylib+0x69d8ea]  Java_com_sun_webkit_dom_EventListenerImpl_twkDispatchEvent+0x2df7aa
C  [libjfxwebkit.dylib+0x3ea73a]  Java_com_sun_webkit_dom_EventListenerImpl_twkDispatchEvent+0x2c5fa
C  [libjfxwebkit.dylib+0xde83ef]  JSValueIsObjectOfClass+0x5080f
C  [libjfxwebkit.dylib+0xde88f8]  JSValueIsObjectOfClass+0x50d18
C  [libjfxwebkit.dylib+0xdf13e6]  JSValueIsObjectOfClass+0x59806
C  [libjfxwebkit.dylib+0xdeeec2]  JSValueIsObjectOfClass+0x572e2
C  [libjfxwebkit.dylib+0xdee939]  JSValueIsObjectOfClass+0x56d59
C  [CoreFoundation+0xb72e4]  __CFRUNLOOP_IS_CALLING_OUT_TO_A_TIMER_CALLBACK_FUNCTION__+0x14
C  [CoreFoundation+0xb6f73]  __CFRunLoopDoTimer+0x423
C  [CoreFoundation+0x12a53d]  __CFRunLoopDoTimers+0x12d
C  [CoreFoundation+0x72608]  __CFRunLoopRun+0x7e8
C  [CoreFoundation+0x71bd8]  CFRunLoopRunSpecific+0x128
C  [java+0x56cc]  CreateExecutionEnvironment+0x367
C  [java+0x165c]  JLI_Launch+0x7a0
C  [java+0x768a]  main+0x65
C  [java+0xeb4]  start+0x34


---------------  P R O C E S S  ---------------

VM state:at safepoint (normal execution)

VM Mutex/Monitor currently owned by a thread:  ([mutex/lock_event])
[0x00007fc1616027a0] Threads_lock - owner thread: 0x00007fc16180e000
[0x00007fc161602ca0] Heap_lock - owner thread: 0x00007fc16e896000

Heap:
 PSYoungGen      total 24576K, used 18302K [0x00000007aab00000, 0x00000007ad000000, 0x00000007c0000000)
  eden space 22016K, 71% used [0x00000007aab00000,0x00000007aba67be0,0x00000007ac080000)
  from space 2560K, 98% used [0x00000007acd80000,0x00000007acff8010,0x00000007ad000000)
  to   space 2560K, 0% used [0x00000007acb00000,0x00000007acb00000,0x00000007acd80000)
 ParOldGen       total 43520K, used 11701K [0x0000000780000000, 0x0000000782a80000, 0x00000007aab00000)
  object space 43520K, 26% used [0x0000000780000000,0x0000000780b6d710,0x0000000782a80000)
 Metaspace       used 23820K, capacity 24606K, committed 24880K, reserved 1071104K
  class space    used 3389K, capacity 3566K, committed 3632K, reserved 1048576K

Card table byte_map: [0x0000000111e16000,0x0000000112017000] byte_map_base: 0x000000010e216000

Marking Bits: (ParMarkBitMap*) 0x000000010229e410
 Begin Bits: [0x0000000112579000, 0x0000000113579000)
 End Bits:   [0x0000000113579000, 0x0000000114579000)

Polling page: 0x00000001011e8000

CodeCache: size=245760Kb used=6765Kb max_used=6765Kb free=238994Kb
 bounds [0x0000000102a56000, 0x00000001030f6000, 0x0000000111a56000]
 total_blobs=2950 nmethods=2126 adapters=738
 compilation: enabled

Compilation events (10 events):
Event: 5.687 Thread 0x00007fc16182a000 nmethod 2124 0x00000001030f1990 code [0x00000001030f1b20, 0x00000001030f1e90]
Event: 5.688 Thread 0x00007fc16182a000 2125       3       java.lang.Long::hashCode (8 bytes)
Event: 5.689 Thread 0x00007fc16182a000 nmethod 2125 0x00000001030f2050 code [0x00000001030f21c0, 0x00000001030f2390]
Event: 5.689 Thread 0x00007fc16182a000 2126       3       java.lang.Long::hashCode (8 bytes)
Event: 5.689 Thread 0x00007fc16182a000 nmethod 2126 0x00000001030f2450 code [0x00000001030f25a0, 0x00000001030f26f0]
Event: 5.725 Thread 0x00007fc16182a000 2127       3       java.lang.invoke.LambdaForm::normalize (281 bytes)
Event: 5.727 Thread 0x00007fc16182a000 nmethod 2127 0x00000001030f2750 code [0x00000001030f29c0, 0x00000001030f3e98]
Event: 5.871 Thread 0x00007fc16182a000 2129       3       java.util.Hashtable$Enumerator::hasMoreElements (53 bytes)
Event: 5.871 Thread 0x00007fc16182a000 nmethod 2129 0x00000001030f46d0 code [0x00000001030f4840, 0x00000001030f4b30]
Event: 5.871 Thread 0x00007fc16182a000 2128  s    3       java.util.Hashtable::containsKey (65 bytes)

GC Heap History (10 events):
Event: 1.504 GC heap before
{Heap before GC invocations=1 (full 0):
 PSYoungGen      total 18944K, used 16384K [0x00000007aab00000, 0x00000007ac000000, 0x00000007c0000000)
  eden space 16384K, 100% used [0x00000007aab00000,0x00000007abb00000,0x00000007abb00000)
  from space 2560K, 0% used [0x00000007abd80000,0x00000007abd80000,0x00000007ac000000)
  to   space 2560K, 0% used [0x00000007abb00000,0x00000007abb00000,0x00000007abd80000)
 ParOldGen       total 44032K, used 0K [0x0000000780000000, 0x0000000782b00000, 0x00000007aab00000)
  object space 44032K, 0% used [0x0000000780000000,0x0000000780000000,0x0000000782b00000)
 Metaspace       used 12606K, capacity 12958K, committed 13056K, reserved 1060864K
  class space    used 1647K, capacity 1750K, committed 1792K, reserved 1048576K
Event: 1.509 GC heap after
Heap after GC invocations=1 (full 0):
 PSYoungGen      total 18944K, used 2528K [0x00000007aab00000, 0x00000007ac000000, 0x00000007c0000000)
  eden space 16384K, 0% used [0x00000007aab00000,0x00000007aab00000,0x00000007abb00000)
  from space 2560K, 98% used [0x00000007abb00000,0x00000007abd78040,0x00000007abd80000)
  to   space 2560K, 0% used [0x00000007abd80000,0x00000007abd80000,0x00000007ac000000)
 ParOldGen       total 44032K, used 259K [0x0000000780000000, 0x0000000782b00000, 0x00000007aab00000)
  object space 44032K, 0% used [0x0000000780000000,0x0000000780040c28,0x0000000782b00000)
 Metaspace       used 12606K, capacity 12958K, committed 13056K, reserved 1060864K
  class space    used 1647K, capacity 1750K, committed 1792K, reserved 1048576K
}
Event: 2.238 GC heap before
{Heap before GC invocations=2 (full 0):
 PSYoungGen      total 18944K, used 18912K [0x00000007aab00000, 0x00000007ac000000, 0x00000007c0000000)
  eden space 16384K, 100% used [0x00000007aab00000,0x00000007abb00000,0x00000007abb00000)
  from space 2560K, 98% used [0x00000007abb00000,0x00000007abd78040,0x00000007abd80000)
  to   space 2560K, 0% used [0x00000007abd80000,0x00000007abd80000,0x00000007ac000000)
 ParOldGen       total 44032K, used 259K [0x0000000780000000, 0x0000000782b00000, 0x00000007aab00000)
  object space 44032K, 0% used [0x0000000780000000,0x0000000780040c28,0x0000000782b00000)
 Metaspace       used 17073K, capacity 17430K, committed 17664K, reserved 1064960K
  class space    used 2337K, capacity 2456K, committed 2560K, reserved 1048576K
Event: 2.254 GC heap after
Heap after GC invocations=2 (full 0):
 PSYoungGen      total 18944K, used 2547K [0x00000007aab00000, 0x00000007ad000000, 0x00000007c0000000)
  eden space 16384K, 0% used [0x00000007aab00000,0x00000007aab00000,0x00000007abb00000)
  from space 2560K, 99% used [0x00000007abd80000,0x00000007abffcfe0,0x00000007ac000000)
  to   space 2560K, 0% used [0x00000007abb00000,0x00000007abb00000,0x00000007abd80000)
 ParOldGen       total 44032K, used 3160K [0x0000000780000000, 0x0000000782b00000, 0x00000007aab00000)
  object space 44032K, 7% used [0x0000000780000000,0x0000000780316260,0x0000000782b00000)
 Metaspace       used 17073K, capacity 17430K, committed 17664K, reserved 1064960K
  class space    used 2337K, capacity 2456K, committed 2560K, reserved 1048576K
}
Event: 3.132 GC heap before
{Heap before GC invocations=3 (full 0):
 PSYoungGen      total 18944K, used 17209K [0x00000007aab00000, 0x00000007ad000000, 0x00000007c0000000)
  eden space 16384K, 89% used [0x00000007aab00000,0x00000007ab951578,0x00000007abb00000)
  from space 2560K, 99% used [0x00000007abd80000,0x00000007abffcfe0,0x00000007ac000000)
  to   space 2560K, 0% used [0x00000007abb00000,0x00000007abb00000,0x00000007abd80000)
 ParOldGen       total 44032K, used 3160K [0x0000000780000000, 0x0000000782b00000, 0x00000007aab00000)
  object space 44032K, 7% used [0x0000000780000000,0x0000000780316260,0x0000000782b00000)
 Metaspace       used 20683K, capacity 21226K, committed 21296K, reserved 1067008K
  class space    used 2943K, capacity 3096K, committed 3120K, reserved 1048576K
Event: 3.142 GC heap after
Heap after GC invocations=3 (full 0):
 PSYoungGen      total 18944K, used 2551K [0x00000007aab00000, 0x00000007ad000000, 0x00000007c0000000)
  eden space 16384K, 0% used [0x00000007aab00000,0x00000007aab00000,0x00000007abb00000)
  from space 2560K, 99% used [0x00000007abb00000,0x00000007abd7dfb8,0x00000007abd80000)
  to   space 2560K, 0% used [0x00000007acd80000,0x00000007acd80000,0x00000007ad000000)
 ParOldGen       total 44032K, used 8195K [0x0000000780000000, 0x0000000782b00000, 0x00000007aab00000)
  object space 44032K, 18% used [0x0000000780000000,0x0000000780800e68,0x0000000782b00000)
 Metaspace       used 20683K, capacity 21226K, committed 21296K, reserved 1067008K
  class space    used 2943K, capacity 3096K, committed 3120K, reserved 1048576K
}
Event: 3.142 GC heap before
{Heap before GC invocations=4 (full 1):
 PSYoungGen      total 18944K, used 2551K [0x00000007aab00000, 0x00000007ad000000, 0x00000007c0000000)
  eden space 16384K, 0% used [0x00000007aab00000,0x00000007aab00000,0x00000007abb00000)
  from space 2560K, 99% used [0x00000007abb00000,0x00000007abd7dfb8,0x00000007abd80000)
  to   space 2560K, 0% used [0x00000007acd80000,0x00000007acd80000,0x00000007ad000000)
 ParOldGen       total 44032K, used 8195K [0x0000000780000000, 0x0000000782b00000, 0x00000007aab00000)
  object space 44032K, 18% used [0x0000000780000000,0x0000000780800e68,0x0000000782b00000)
 Metaspace       used 20683K, capacity 21226K, committed 21296K, reserved 1067008K
  class space    used 2943K, capacity 3096K, committed 3120K, reserved 1048576K
Event: 3.206 GC heap after
Heap after GC invocations=4 (full 1):
 PSYoungGen      total 18944K, used 0K [0x00000007aab00000, 0x00000007ad000000, 0x00000007c0000000)
  eden space 16384K, 0% used [0x00000007aab00000,0x00000007aab00000,0x00000007abb00000)
  from space 2560K, 0% used [0x00000007abb00000,0x00000007abb00000,0x00000007abd80000)
  to   space 2560K, 0% used [0x00000007acd80000,0x00000007acd80000,0x00000007ad000000)
 ParOldGen       total 43520K, used 9855K [0x0000000780000000, 0x0000000782a80000, 0x00000007aab00000)
  object space 43520K, 22% used [0x0000000780000000,0x000000078099fc70,0x0000000782a80000)
 Metaspace       used 20681K, capacity 21224K, committed 21296K, reserved 1067008K
  class space    used 2942K, capacity 3095K, committed 3120K, reserved 1048576K
}
Event: 4.839 GC heap before
{Heap before GC invocations=5 (full 1):
 PSYoungGen      total 18944K, used 16384K [0x00000007aab00000, 0x00000007ad000000, 0x00000007c0000000)
  eden space 16384K, 100% used [0x00000007aab00000,0x00000007abb00000,0x00000007abb00000)
  from space 2560K, 0% used [0x00000007abb00000,0x00000007abb00000,0x00000007abd80000)
  to   space 2560K, 0% used [0x00000007acd80000,0x00000007acd80000,0x00000007ad000000)
 ParOldGen       total 43520K, used 9855K [0x0000000780000000, 0x0000000782a80000, 0x00000007aab00000)
  object space 43520K, 22% used [0x0000000780000000,0x000000078099fc70,0x0000000782a80000)
 Metaspace       used 23541K, capacity 24276K, committed 24624K, reserved 1071104K
  class space    used 3349K, capacity 3511K, committed 3632K, reserved 1048576K
Event: 4.853 GC heap after
Heap after GC invocations=5 (full 1):
 PSYoungGen      total 24576K, used 2528K [0x00000007aab00000, 0x00000007ad000000, 0x00000007c0000000)
  eden space 22016K, 0% used [0x00000007aab00000,0x00000007aab00000,0x00000007ac080000)
  from space 2560K, 98% used [0x00000007acd80000,0x00000007acff8010,0x00000007ad000000)
  to   space 2560K, 0% used [0x00000007acb00000,0x00000007acb00000,0x00000007acd80000)
 ParOldGen       total 43520K, used 11701K [0x0000000780000000, 0x0000000782a80000, 0x00000007aab00000)
  object space 43520K, 26% used [0x0000000780000000,0x0000000780b6d710,0x0000000782a80000)
 Metaspace       used 23541K, capacity 24276K, committed 24624K, reserved 1071104K
  class space    used 3349K, capacity 3511K, committed 3632K, reserved 1048576K
}

Deoptimization events (10 events):
Event: 3.310 Thread 0x00007fc1621c5000 Uncommon trap: reason=bimorphic action=maybe_recompile pc=0x0000000102f07564 method=java.util.Collections$UnmodifiableList.get(I)Ljava/lang/Object; @ 5
Event: 3.310 Thread 0x00007fc1621c5000 Uncommon trap: reason=bimorphic action=maybe_recompile pc=0x0000000102f07564 method=java.util.Collections$UnmodifiableList.get(I)Ljava/lang/Object; @ 5
Event: 3.313 Thread 0x00007fc1621c5000 Uncommon trap: reason=class_check action=maybe_recompile pc=0x0000000102b7c21c method=java.lang.String.equals(Ljava/lang/Object;)Z @ 8
Event: 3.337 Thread 0x00007fc1621c5000 Uncommon trap: reason=unreached action=reinterpret pc=0x0000000102f06ec4 method=javafx.beans.property.ObjectPropertyBase.get()Ljava/lang/Object; @ 9
Event: 3.379 Thread 0x00007fc1621c5000 Uncommon trap: reason=array_check action=maybe_recompile pc=0x0000000102f5d85c method=com.sun.javafx.css.SimpleSelector.applies(Ljavafx/css/Styleable;[Ljava/util/Set;I)Z @ 37
Event: 3.380 Thread 0x00007fc1621c5000 Uncommon trap: reason=array_check action=maybe_recompile pc=0x0000000102f5d85c method=com.sun.javafx.css.SimpleSelector.applies(Ljavafx/css/Styleable;[Ljava/util/Set;I)Z @ 37
Event: 3.380 Thread 0x00007fc1621c5000 Uncommon trap: reason=array_check action=maybe_recompile pc=0x0000000102f5d85c method=com.sun.javafx.css.SimpleSelector.applies(Ljavafx/css/Styleable;[Ljava/util/Set;I)Z @ 37
Event: 3.381 Thread 0x00007fc1621c5000 Uncommon trap: reason=array_check action=maybe_recompile pc=0x0000000102f5d85c method=com.sun.javafx.css.SimpleSelector.applies(Ljavafx/css/Styleable;[Ljava/util/Set;I)Z @ 37
Event: 5.549 Thread 0x00007fc1628c4800 Uncommon trap: reason=class_check action=maybe_recompile pc=0x000000010309dff8 method=com.sun.javafx.geom.Path2D.<init>(Lcom/sun/javafx/geom/Shape;Lcom/sun/javafx/geom/transform/BaseTransform;)V @ 5
Event: 5.550 Thread 0x00007fc1628c4800 Uncommon trap: reason=bimorphic action=maybe_recompile pc=0x00000001030a5b34 method=com.sun.javafx.geom.Path2D.append(Lcom/sun/javafx/geom/PathIterator;Z)V @ 6

Internal exceptions (10 events):
Event: 3.019 Thread 0x00007fc162a3d000 Exception <a 'java/security/PrivilegedActionException'> (0x00000007ab572898) thrown at [/Users/java_re/workspace/8-2-build-macosx-x86_64/jdk8u31/2394/hotspot/src/share/vm/prims/jvm.cpp, line 1312]
Event: 3.035 Thread 0x00007fc1621c5000 Exception <a 'java/security/PrivilegedActionException'> (0x00000007ab4fa8d0) thrown at [/Users/java_re/workspace/8-2-build-macosx-x86_64/jdk8u31/2394/hotspot/src/share/vm/prims/jvm.cpp, line 1312]
Event: 3.036 Thread 0x00007fc1621c5000 Exception <a 'java/security/PrivilegedActionException'> (0x00000007ab5017c0) thrown at [/Users/java_re/workspace/8-2-build-macosx-x86_64/jdk8u31/2394/hotspot/src/share/vm/prims/jvm.cpp, line 1312]
Event: 3.038 Thread 0x00007fc1621c5000 Exception <a 'java/security/PrivilegedActionException'> (0x00000007ab505270) thrown at [/Users/java_re/workspace/8-2-build-macosx-x86_64/jdk8u31/2394/hotspot/src/share/vm/prims/jvm.cpp, line 1312]
Event: 3.233 Thread 0x00007fc1621c5000 Exception <a 'java/security/PrivilegedActionException'> (0x00000007aab9ed50) thrown at [/Users/java_re/workspace/8-2-build-macosx-x86_64/jdk8u31/2394/hotspot/src/share/vm/prims/jvm.cpp, line 1312]
Event: 3.235 Thread 0x00007fc1621c5000 Exception <a 'java/security/PrivilegedActionException'> (0x00000007aabb4750) thrown at [/Users/java_re/workspace/8-2-build-macosx-x86_64/jdk8u31/2394/hotspot/src/share/vm/prims/jvm.cpp, line 1312]
Event: 3.236 Thread 0x00007fc1621c5000 Exception <a 'java/security/PrivilegedActionException'> (0x00000007aabd4190) thrown at [/Users/java_re/workspace/8-2-build-macosx-x86_64/jdk8u31/2394/hotspot/src/share/vm/prims/jvm.cpp, line 1312]
Event: 4.584 Thread 0x00007fc168880800 Exception <a 'sun/nio/fs/UnixException'> (0x00000007ab8c7d80) thrown at [/Users/java_re/workspace/8-2-build-macosx-x86_64/jdk8u31/2394/hotspot/src/share/vm/prims/jni.cpp, line 716]
Event: 5.085 Thread 0x00007fc1621c5000 Exception <a 'java/io/FileNotFoundException'> (0x00000007aafb0e00) thrown at [/Users/java_re/workspace/8-2-build-macosx-x86_64/jdk8u31/2394/hotspot/src/share/vm/prims/jni.cpp, line 716]
Event: 5.095 Thread 0x00007fc1621c5000 Exception <a 'java/io/FileNotFoundException'> (0x00000007aafc1088) thrown at [/Users/java_re/workspace/8-2-build-macosx-x86_64/jdk8u31/2394/hotspot/src/share/vm/prims/jni.cpp, line 716]

Events (10 events):
Event: 5.870 Thread 0x00007fc163548800 Thread exited: 0x00007fc163548800
Event: 5.871 Executing VM operation: RevokeBias
Event: 5.871 Executing VM operation: RevokeBias done
Event: 5.871 Thread 0x00007fc1680b2000 Thread exited: 0x00007fc1680b2000
Event: 5.871 loading class com/sun/javafx/font/PrismFontFile
Event: 5.871 loading class com/sun/javafx/font/PrismFontFile done
Event: 5.872 Executing VM operation: RevokeBias
Event: 5.872 Executing VM operation: RevokeBias done
Event: 5.872 Thread 0x00007fc163276000 Thread exited: 0x00007fc163276000
Event: 5.872 Thread 0x00007fc16e896000 Thread exited: 0x00007fc16e896000


Dynamic libraries:
0x000000000806b000 	/System/Library/Frameworks/Cocoa.framework/Versions/A/Cocoa
0x000000000806b000 	/System/Library/Frameworks/Security.framework/Versions/A/Security
0x000000000806b000 	/System/Library/Frameworks/ApplicationServices.framework/Versions/A/ApplicationServices
0x000000000806b000 	/usr/lib/libz.1.dylib
0x000000000806b000 	/usr/lib/libSystem.B.dylib
0x000000000806b000 	/usr/lib/libobjc.A.dylib
0x000000000806b000 	/System/Library/Frameworks/CoreFoundation.framework/Versions/A/CoreFoundation
0x000000000806b000 	/System/Library/Frameworks/Foundation.framework/Versions/C/Foundation
0x000000000806b000 	/System/Library/Frameworks/AppKit.framework/Versions/C/AppKit
0x000000000806b000 	/System/Library/Frameworks/CoreData.framework/Versions/A/CoreData
0x000000000806b000 	/System/Library/PrivateFrameworks/RemoteViewServices.framework/Versions/A/RemoteViewServices
0x000000000806b000 	/System/Library/PrivateFrameworks/UIFoundation.framework/Versions/A/UIFoundation
0x000000000806b000 	/System/Library/Frameworks/IOSurface.framework/Versions/A/IOSurface
0x000000000806b000 	/System/Library/Frameworks/AudioToolbox.framework/Versions/A/AudioToolbox
0x000000000806b000 	/System/Library/Frameworks/AudioUnit.framework/Versions/A/AudioUnit
0x000000000806b000 	/System/Library/PrivateFrameworks/DataDetectorsCore.framework/Versions/A/DataDetectorsCore
0x000000000806b000 	/System/Library/PrivateFrameworks/DesktopServicesPriv.framework/Versions/A/DesktopServicesPriv
0x000000000806b000 	/System/Library/Frameworks/Carbon.framework/Versions/A/Frameworks/HIToolbox.framework/Versions/A/HIToolbox
0x000000000806b000 	/System/Library/Frameworks/QuartzCore.framework/Versions/A/QuartzCore
0x000000000806b000 	/System/Library/Frameworks/Carbon.framework/Versions/A/Frameworks/SpeechRecognition.framework/Versions/A/SpeechRecognition
0x000000000806b000 	/usr/lib/libauto.dylib
0x000000000806b000 	/usr/lib/libicucore.A.dylib
0x000000000806b000 	/usr/lib/libxml2.2.dylib
0x000000000806b000 	/System/Library/PrivateFrameworks/CoreUI.framework/Versions/A/CoreUI
0x000000000806b000 	/System/Library/Frameworks/CoreAudio.framework/Versions/A/CoreAudio
0x000000000806b000 	/System/Library/Frameworks/DiskArbitration.framework/Versions/A/DiskArbitration
0x000000000806b000 	/usr/lib/liblangid.dylib
0x000000000806b000 	/System/Library/PrivateFrameworks/MultitouchSupport.framework/Versions/A/MultitouchSupport
0x000000000806b000 	/System/Library/Frameworks/IOKit.framework/Versions/A/IOKit
0x000000000806b000 	/usr/lib/libDiagnosticMessagesClient.dylib
0x000000000806b000 	/System/Library/Frameworks/CoreServices.framework/Versions/A/CoreServices
0x000000000806b000 	/System/Library/PrivateFrameworks/PerformanceAnalysis.framework/Versions/A/PerformanceAnalysis
0x000000000806b000 	/System/Library/PrivateFrameworks/GenerationalStorage.framework/Versions/A/GenerationalStorage
0x000000000806b000 	/System/Library/Frameworks/OpenGL.framework/Versions/A/OpenGL
0x000000000806b000 	/System/Library/PrivateFrameworks/Sharing.framework/Versions/A/Sharing
0x000000000806b000 	/System/Library/Frameworks/CoreGraphics.framework/Versions/A/CoreGraphics
0x000000000806b000 	/System/Library/Frameworks/CoreText.framework/Versions/A/CoreText
0x000000000806b000 	/System/Library/Frameworks/ImageIO.framework/Versions/A/ImageIO
0x000000000806b000 	/usr/lib/libextension.dylib
0x000000000806b000 	/System/Library/PrivateFrameworks/Backup.framework/Versions/A/Backup
0x000000000806b000 	/usr/lib/libarchive.2.dylib
0x000000000806b000 	/System/Library/Frameworks/CFNetwork.framework/Versions/A/CFNetwork
0x000000000806b000 	/System/Library/Frameworks/SystemConfiguration.framework/Versions/A/SystemConfiguration
0x000000000806b000 	/usr/lib/libCRFSuite.dylib
0x000000000806b000 	/usr/lib/libc++.1.dylib
0x000000000806b000 	/usr/lib/libc++abi.dylib
0x000000000806b000 	/usr/lib/system/libcache.dylib
0x000000000806b000 	/usr/lib/system/libcommonCrypto.dylib
0x000000000806b000 	/usr/lib/system/libcompiler_rt.dylib
0x000000000806b000 	/usr/lib/system/libcopyfile.dylib
0x000000000806b000 	/usr/lib/system/libcorecrypto.dylib
0x000000000806b000 	/usr/lib/system/libdispatch.dylib
0x000000000806b000 	/usr/lib/system/libdyld.dylib
0x000000000806b000 	/usr/lib/system/libkeymgr.dylib
0x000000000806b000 	/usr/lib/system/liblaunch.dylib
0x000000000806b000 	/usr/lib/system/libmacho.dylib
0x000000000806b000 	/usr/lib/system/libquarantine.dylib
0x000000000806b000 	/usr/lib/system/libremovefile.dylib
0x000000000806b000 	/usr/lib/system/libsystem_asl.dylib
0x000000000806b000 	/usr/lib/system/libsystem_blocks.dylib
0x000000000806b000 	/usr/lib/system/libsystem_c.dylib
0x000000000806b000 	/usr/lib/system/libsystem_configuration.dylib
0x000000000806b000 	/usr/lib/system/libsystem_coreservices.dylib
0x000000000806b000 	/usr/lib/system/libsystem_coretls.dylib
0x000000000806b000 	/usr/lib/system/libsystem_dnssd.dylib
0x000000000806b000 	/usr/lib/system/libsystem_info.dylib
0x000000000806b000 	/usr/lib/system/libsystem_kernel.dylib
0x000000000806b000 	/usr/lib/system/libsystem_m.dylib
0x000000000806b000 	/usr/lib/system/libsystem_malloc.dylib
0x000000000806b000 	/usr/lib/system/libsystem_network.dylib
0x000000000806b000 	/usr/lib/system/libsystem_networkextension.dylib
0x000000000806b000 	/usr/lib/system/libsystem_notify.dylib
0x000000000806b000 	/usr/lib/system/libsystem_platform.dylib
0x000000000806b000 	/usr/lib/system/libsystem_pthread.dylib
0x000000000806b000 	/usr/lib/system/libsystem_sandbox.dylib
0x000000000806b000 	/usr/lib/system/libsystem_secinit.dylib
0x000000000806b000 	/usr/lib/system/libsystem_stats.dylib
0x000000000806b000 	/usr/lib/system/libsystem_trace.dylib
0x000000000806b000 	/usr/lib/system/libunc.dylib
0x000000000806b000 	/usr/lib/system/libunwind.dylib
0x000000000806b000 	/usr/lib/system/libxpc.dylib
0x000000000806b000 	/usr/lib/libbz2.1.0.dylib
0x000000000806b000 	/usr/lib/liblzma.5.dylib
0x000000000806b000 	/usr/lib/libbsm.0.dylib
0x000000000806b000 	/usr/lib/libsqlite3.dylib
0x000000000806b000 	/usr/lib/system/libkxld.dylib
0x000000000806b000 	/usr/lib/libxar.1.dylib
0x000000000806b000 	/usr/lib/libpam.2.dylib
0x000000000806b000 	/usr/lib/libOpenScriptingUtil.dylib
0x000000000806b000 	/System/Library/Frameworks/CoreServices.framework/Versions/A/Frameworks/FSEvents.framework/Versions/A/FSEvents
0x000000000806b000 	/System/Library/Frameworks/CoreServices.framework/Versions/A/Frameworks/CarbonCore.framework/Versions/A/CarbonCore
0x000000000806b000 	/System/Library/Frameworks/CoreServices.framework/Versions/A/Frameworks/Metadata.framework/Versions/A/Metadata
0x000000000806b000 	/System/Library/Frameworks/CoreServices.framework/Versions/A/Frameworks/OSServices.framework/Versions/A/OSServices
0x000000000806b000 	/System/Library/Frameworks/CoreServices.framework/Versions/A/Frameworks/SearchKit.framework/Versions/A/SearchKit
0x000000000806b000 	/System/Library/Frameworks/CoreServices.framework/Versions/A/Frameworks/AE.framework/Versions/A/AE
0x000000000806b000 	/System/Library/Frameworks/CoreServices.framework/Versions/A/Frameworks/LaunchServices.framework/Versions/A/LaunchServices
0x000000000806b000 	/System/Library/Frameworks/CoreServices.framework/Versions/A/Frameworks/DictionaryServices.framework/Versions/A/DictionaryServices
0x000000000806b000 	/System/Library/Frameworks/NetFS.framework/Versions/A/NetFS
0x000000000806b000 	/System/Library/PrivateFrameworks/NetAuth.framework/Versions/A/NetAuth
0x000000000806b000 	/System/Library/PrivateFrameworks/login.framework/Versions/A/Frameworks/loginsupport.framework/Versions/A/loginsupport
0x000000000806b000 	/System/Library/PrivateFrameworks/TCC.framework/Versions/A/TCC
0x000000000806b000 	/usr/lib/libmecabra.dylib
0x000000000806b000 	/System/Library/Frameworks/ApplicationServices.framework/Versions/A/Frameworks/ATS.framework/Versions/A/ATS
0x000000000806b000 	/System/Library/Frameworks/ApplicationServices.framework/Versions/A/Frameworks/ColorSync.framework/Versions/A/ColorSync
0x000000000806b000 	/System/Library/Frameworks/ApplicationServices.framework/Versions/A/Frameworks/HIServices.framework/Versions/A/HIServices
0x000000000806b000 	/System/Library/Frameworks/ApplicationServices.framework/Versions/A/Frameworks/LangAnalysis.framework/Versions/A/LangAnalysis
0x000000000806b000 	/System/Library/Frameworks/ApplicationServices.framework/Versions/A/Frameworks/PrintCore.framework/Versions/A/PrintCore
0x000000000806b000 	/System/Library/Frameworks/ApplicationServices.framework/Versions/A/Frameworks/QD.framework/Versions/A/QD
0x000000000806b000 	/System/Library/Frameworks/ApplicationServices.framework/Versions/A/Frameworks/SpeechSynthesis.framework/Versions/A/SpeechSynthesis
0x000000000806b000 	/System/Library/Frameworks/Accelerate.framework/Versions/A/Accelerate
0x000000000806b000 	/System/Library/Frameworks/Accelerate.framework/Versions/A/Frameworks/vImage.framework/Versions/A/vImage
0x000000000806b000 	/System/Library/Frameworks/Accelerate.framework/Versions/A/Frameworks/vecLib.framework/Versions/A/vecLib
0x000000000806b000 	/System/Library/Frameworks/Accelerate.framework/Versions/A/Frameworks/vecLib.framework/Versions/A/libvDSP.dylib
0x000000000806b000 	/System/Library/Frameworks/Accelerate.framework/Versions/A/Frameworks/vecLib.framework/Versions/A/libvMisc.dylib
0x000000000806b000 	/System/Library/Frameworks/Accelerate.framework/Versions/A/Frameworks/vecLib.framework/Versions/A/libLAPACK.dylib
0x000000000806b000 	/System/Library/Frameworks/Accelerate.framework/Versions/A/Frameworks/vecLib.framework/Versions/A/libBLAS.dylib
0x000000000806b000 	/System/Library/Frameworks/Accelerate.framework/Versions/A/Frameworks/vecLib.framework/Versions/A/libLinearAlgebra.dylib
0x000000000806b000 	/System/Library/Frameworks/ApplicationServices.framework/Versions/A/Frameworks/ATS.framework/Versions/A/Resources/libFontParser.dylib
0x000000000806b000 	/System/Library/Frameworks/ApplicationServices.framework/Versions/A/Frameworks/ATS.framework/Versions/A/Resources/libFontRegistry.dylib
0x000000000806b000 	/System/Library/PrivateFrameworks/AppleVPA.framework/Versions/A/AppleVPA
0x000000000806b000 	/System/Library/PrivateFrameworks/AppleJPEG.framework/Versions/A/AppleJPEG
0x000000000806b000 	/System/Library/Frameworks/ImageIO.framework/Versions/A/Resources/libJPEG.dylib
0x000000000806b000 	/System/Library/Frameworks/ImageIO.framework/Versions/A/Resources/libTIFF.dylib
0x000000000806b000 	/System/Library/Frameworks/ImageIO.framework/Versions/A/Resources/libPng.dylib
0x000000000806b000 	/System/Library/Frameworks/ImageIO.framework/Versions/A/Resources/libGIF.dylib
0x000000000806b000 	/System/Library/Frameworks/ImageIO.framework/Versions/A/Resources/libJP2.dylib
0x000000000806b000 	/System/Library/Frameworks/ImageIO.framework/Versions/A/Resources/libRadiance.dylib
0x000000000806b000 	/System/Library/Frameworks/CoreVideo.framework/Versions/A/CoreVideo
0x000000000806b000 	/System/Library/Frameworks/OpenGL.framework/Versions/A/Libraries/libGLU.dylib
0x000000000806b000 	/System/Library/Frameworks/OpenGL.framework/Versions/A/Libraries/libGFXShared.dylib
0x000000000806b000 	/System/Library/Frameworks/OpenGL.framework/Versions/A/Libraries/libGL.dylib
0x000000000806b000 	/System/Library/Frameworks/OpenGL.framework/Versions/A/Libraries/libGLImage.dylib
0x000000000806b000 	/System/Library/Frameworks/OpenGL.framework/Versions/A/Libraries/libCVMSPluginSupport.dylib
0x000000000806b000 	/System/Library/Frameworks/OpenGL.framework/Versions/A/Libraries/libCoreVMClient.dylib
0x000000000806b000 	/usr/lib/libcups.2.dylib
0x000000000806b000 	/System/Library/Frameworks/Kerberos.framework/Versions/A/Kerberos
0x000000000806b000 	/System/Library/Frameworks/GSS.framework/Versions/A/GSS
0x000000000806b000 	/usr/lib/libresolv.9.dylib
0x000000000806b000 	/usr/lib/libiconv.2.dylib
0x000000000806b000 	/System/Library/PrivateFrameworks/Heimdal.framework/Versions/A/Heimdal
0x000000000806b000 	/usr/lib/libheimdal-asn1.dylib
0x000000000806b000 	/System/Library/Frameworks/OpenDirectory.framework/Versions/A/OpenDirectory
0x000000000806b000 	/System/Library/PrivateFrameworks/CommonAuth.framework/Versions/A/CommonAuth
0x000000000806b000 	/System/Library/Frameworks/OpenDirectory.framework/Versions/A/Frameworks/CFOpenDirectory.framework/Versions/A/CFOpenDirectory
0x000000000806b000 	/System/Library/Frameworks/SecurityFoundation.framework/Versions/A/SecurityFoundation
0x000000000806b000 	/System/Library/PrivateFrameworks/LanguageModeling.framework/Versions/A/LanguageModeling
0x000000000806b000 	/usr/lib/libcmph.dylib
0x000000000806b000 	/System/Library/Frameworks/ServiceManagement.framework/Versions/A/ServiceManagement
0x000000000806b000 	/usr/lib/libxslt.1.dylib
0x000000000806b000 	/System/Library/Frameworks/Carbon.framework/Versions/A/Frameworks/Ink.framework/Versions/A/Ink
0x000000000806b000 	/System/Library/Frameworks/QuartzCore.framework/Versions/A/Frameworks/CoreImage.framework/Versions/A/CoreImage
0x000000000806b000 	/System/Library/PrivateFrameworks/CrashReporterSupport.framework/Versions/A/CrashReporterSupport
0x000000000806b000 	/System/Library/Frameworks/OpenCL.framework/Versions/A/OpenCL
0x000000000806b000 	/System/Library/PrivateFrameworks/FaceCore.framework/Versions/A/FaceCore
0x000000000806b000 	/System/Library/PrivateFrameworks/Ubiquity.framework/Versions/A/Ubiquity
0x000000000806b000 	/System/Library/PrivateFrameworks/IconServices.framework/Versions/A/IconServices
0x000000000806b000 	/System/Library/PrivateFrameworks/ChunkingLibrary.framework/Versions/A/ChunkingLibrary
0x000000000806b000 	/System/Library/PrivateFrameworks/Apple80211.framework/Versions/A/Apple80211
0x000000000806b000 	/System/Library/Frameworks/CoreWLAN.framework/Versions/A/CoreWLAN
0x000000000806b000 	/System/Library/Frameworks/IOBluetooth.framework/Versions/A/IOBluetooth
0x000000000806b000 	/System/Library/PrivateFrameworks/CoreWiFi.framework/Versions/A/CoreWiFi
0x000000000806b000 	/System/Library/Frameworks/CoreBluetooth.framework/Versions/A/CoreBluetooth
0x000000000806b000 	/System/Library/PrivateFrameworks/DebugSymbols.framework/Versions/A/DebugSymbols
0x000000000806b000 	/System/Library/PrivateFrameworks/CoreSymbolication.framework/Versions/A/CoreSymbolication
0x000000000806b000 	/System/Library/PrivateFrameworks/Symbolication.framework/Versions/A/Symbolication
0x000000000806b000 	/System/Library/PrivateFrameworks/SpeechRecognitionCore.framework/Versions/A/SpeechRecognitionCore
0x0000000101a00000 	/Library/Java/JavaVirtualMachines/jdk1.8.0_31.jdk/Contents/Home/jre/lib/server/libjvm.dylib
0x000000000806b000 	/usr/lib/libstdc++.6.dylib
0x00000001011da000 	/Library/Java/JavaVirtualMachines/jdk1.8.0_31.jdk/Contents/Home/jre/lib/libverify.dylib
0x0000000102a22000 	/Library/Java/JavaVirtualMachines/jdk1.8.0_31.jdk/Contents/Home/jre/lib/libjava.dylib
0x00000001011f2000 	/Library/Java/JavaVirtualMachines/jdk1.8.0_31.jdk/Contents/Home/jre/lib/libzip.dylib
0x0000000116562000 	/System/Library/Frameworks/JavaVM.framework/Frameworks/JavaRuntimeSupport.framework/JavaRuntimeSupport
0x0000000116578000 	/System/Library/Frameworks/JavaVM.framework/Versions/A/Frameworks/JavaNativeFoundation.framework/Versions/A/JavaNativeFoundation
0x000000011658c000 	/System/Library/Frameworks/JavaVM.framework/Versions/A/JavaVM
0x000000000806b000 	/System/Library/Frameworks/Carbon.framework/Versions/A/Carbon
0x0000000116598000 	/System/Library/PrivateFrameworks/JavaLaunching.framework/Versions/A/JavaLaunching
0x000000000806b000 	/System/Library/Frameworks/Carbon.framework/Versions/A/Frameworks/CommonPanels.framework/Versions/A/CommonPanels
0x000000000806b000 	/System/Library/Frameworks/Carbon.framework/Versions/A/Frameworks/Help.framework/Versions/A/Help
0x000000000806b000 	/System/Library/Frameworks/Carbon.framework/Versions/A/Frameworks/ImageCapture.framework/Versions/A/ImageCapture
0x000000000806b000 	/System/Library/Frameworks/Carbon.framework/Versions/A/Frameworks/OpenScripting.framework/Versions/A/OpenScripting
0x000000000806b000 	/System/Library/Frameworks/Carbon.framework/Versions/A/Frameworks/Print.framework/Versions/A/Print
0x000000000806b000 	/System/Library/Frameworks/Carbon.framework/Versions/A/Frameworks/SecurityHI.framework/Versions/A/SecurityHI
0x000000011861e000 	/Library/Java/JavaVirtualMachines/jdk1.8.0_31.jdk/Contents/Home/jre/lib/libprism_es2.dylib
0x000000000806b000 	/System/Library/Frameworks/OpenGL.framework/Versions/A/Resources/GLEngine.bundle/GLEngine
0x000000000806b000 	/System/Library/Frameworks/OpenGL.framework/Versions/A/Libraries/libGLProgrammability.dylib
0x0000000000000000 	/System/Library/Extensions/AppleIntelHD5000GraphicsGLDriver.bundle/Contents/MacOS/AppleIntelHD5000GraphicsGLDriver
0x000000000806b000 	/System/Library/PrivateFrameworks/IOAccelerator.framework/Versions/A/IOAccelerator
0x000000000806b000 	/System/Library/PrivateFrameworks/GPUSupport.framework/Versions/A/Libraries/libGPUSupportMercury.dylib
0x000000000806b000 	/System/Library/Frameworks/OpenGL.framework/Versions/A/Resources/GLRendererFloat.bundle/GLRendererFloat
0x000000000806b000 	/System/Library/Frameworks/OpenCL.framework/Versions/A/Libraries/libcldcpuengine.dylib
0x000000000806b000 	/System/Library/PrivateFrameworks/DiskImages.framework/Versions/A/DiskImages
0x000000000806b000 	/System/Library/Frameworks/DiscRecording.framework/Versions/A/DiscRecording
0x000000000806b000 	/usr/lib/libcsfde.dylib
0x000000000806b000 	/usr/lib/libcurl.4.dylib
0x000000000806b000 	/System/Library/PrivateFrameworks/MediaKit.framework/Versions/A/MediaKit
0x000000000806b000 	/System/Library/PrivateFrameworks/ProtectedCloudStorage.framework/Versions/A/ProtectedCloudStorage
0x000000000806b000 	/usr/lib/libCoreStorage.dylib
0x000000000806b000 	/System/Library/PrivateFrameworks/EFILogin.framework/Versions/A/EFILogin
0x000000000806b000 	/usr/lib/libutil.dylib
0x000000000806b000 	/System/Library/PrivateFrameworks/FindMyDevice.framework/Versions/A/FindMyDevice
0x000000000806b000 	/System/Library/Frameworks/LDAP.framework/Versions/A/LDAP
0x000000000806b000 	/usr/lib/libsasl2.2.dylib
0x000000000806b000 	/System/Library/PrivateFrameworks/CoreDaemon.framework/Versions/B/CoreDaemon
0x000000000806b000 	/usr/lib/libcrypto.0.9.8.dylib
0x000000000806b000 	/System/Library/PrivateFrameworks/AppleSRP.framework/Versions/A/AppleSRP
0x000000000806b000 	/System/Library/PrivateFrameworks/TrustEvaluationAgent.framework/Versions/A/TrustEvaluationAgent
0x0000000118acf000 	/Library/Java/JavaVirtualMachines/jdk1.8.0_31.jdk/Contents/Home/jre/lib/libglass.dylib
0x000000000806b000 	/System/Library/PrivateFrameworks/CoreServicesInternal.framework/Versions/A/CoreServicesInternal
0x000000000806b000 	/System/Library/PrivateFrameworks/CloudDocs.framework/Versions/A/CloudDocs
0x000000000806b000 	/System/Library/PrivateFrameworks/CoreDuet.framework/Versions/A/CoreDuet
0x000000000806b000 	/System/Library/Frameworks/CloudKit.framework/Versions/A/CloudKit
0x000000000806b000 	/System/Library/PrivateFrameworks/ProtocolBuffer.framework/Versions/A/ProtocolBuffer
0x000000000806b000 	/System/Library/PrivateFrameworks/CoreDuetDaemonProtocol.framework/Versions/A/CoreDuetDaemonProtocol
0x000000000806b000 	/System/Library/PrivateFrameworks/CoreDuetDebugLogging.framework/Versions/A/CoreDuetDebugLogging
0x000000000806b000 	/System/Library/PrivateFrameworks/MMCS.framework/Versions/A/MMCS
0x000000000806b000 	/System/Library/Frameworks/CoreLocation.framework/Versions/A/CoreLocation
0x000000000806b000 	/System/Library/PrivateFrameworks/GeoServices.framework/Versions/A/GeoServices
0x000000000806b000 	/System/Library/Frameworks/CoreGraphics.framework/Versions/A/Resources/libCGCMS.A.dylib
0x000000011a207000 	/System/Library/CoreServices/RawCamera.bundle/Contents/MacOS/RawCamera
0x000000000806b000 	/System/Library/Frameworks/CoreGraphics.framework/Versions/A/Resources/libRIP.A.dylib
0x000000000806b000 	/System/Library/PrivateFrameworks/FamilyControls.framework/Versions/A/FamilyControls
0x000000000806b000 	/System/Library/PrivateFrameworks/CommerceKit.framework/Versions/A/Frameworks/CommerceCore.framework/Versions/A/CommerceCore
0x000000000806b000 	/System/Library/PrivateFrameworks/SystemAdministration.framework/Versions/A/SystemAdministration
0x000000000806b000 	/System/Library/PrivateFrameworks/AppContainer.framework/Versions/A/AppContainer
0x000000000806b000 	/System/Library/PrivateFrameworks/SecCodeWrapper.framework/Versions/A/SecCodeWrapper
0x000000000806b000 	/System/Library/Frameworks/DirectoryService.framework/Versions/A/DirectoryService
0x000000000806b000 	/System/Library/PrivateFrameworks/LoginUIKit.framework/Versions/A/Frameworks/LoginUICore.framework/Versions/A/LoginUICore
0x000000000806b000 	/usr/lib/libodfde.dylib
0x000000000806b000 	/System/Library/Frameworks/CoreGraphics.framework/Versions/A/Resources/libCGXType.A.dylib
0x000000011d86c000 	cl_kernels
0x000000011d86e000 	/System/Library/Frameworks/OpenCL.framework/Versions/A/Libraries/ImageFormats/unorm8_bgra.dylib
0x000000011d85d000 	cl_kernels
0x000000011d9b5000 	/Library/Java/JavaVirtualMachines/jdk1.8.0_31.jdk/Contents/Home/jre/lib/libawt.dylib
0x000000011da64000 	/Library/Java/JavaVirtualMachines/jdk1.8.0_31.jdk/Contents/Home/jre/lib/./libmlib_image.dylib
0x000000011db30000 	/Library/Java/JavaVirtualMachines/jdk1.8.0_31.jdk/Contents/Home/jre/lib/libawt_lwawt.dylib
0x000000011dbe3000 	/Library/Java/JavaVirtualMachines/jdk1.8.0_31.jdk/Contents/Home/jre/lib/./libosxapp.dylib
0x000000000806b000 	/System/Library/Frameworks/ExceptionHandling.framework/Versions/A/ExceptionHandling
0x000000011dbff000 	/Library/Java/JavaVirtualMachines/jdk1.8.0_31.jdk/Contents/Home/jre/lib/libfontmanager.dylib
0x000000011d860000 	/Library/Java/JavaVirtualMachines/jdk1.8.0_31.jdk/Contents/Home/jre/lib/libosxui.dylib
0x000000011f333000 	/Library/Java/JavaVirtualMachines/jdk1.8.0_31.jdk/Contents/Home/jre/lib/libjsound.dylib
0x000000011f346000 	/System/Library/Frameworks/CoreMIDI.framework/Versions/A/CoreMIDI
0x000000000806b000 	/usr/lib/libexpat.1.dylib
0x000000011f3a4000 	/System/Library/Extensions/AppleHDA.kext/Contents/PlugIns/AppleHDAHALPlugIn.bundle/Contents/MacOS/AppleHDAHALPlugIn
0x000000011f4d8000 	/System/Library/Components/CoreAudio.component/Contents/MacOS/CoreAudio
0x000000011f8b4000 	/Library/Java/JavaVirtualMachines/jdk1.8.0_31.jdk/Contents/Home/jre/lib/libnio.dylib
0x000000011f8c4000 	/Library/Java/JavaVirtualMachines/jdk1.8.0_31.jdk/Contents/Home/jre/lib/./libnet.dylib
0x000000011fadf000 	/Library/Java/JavaVirtualMachines/jdk1.8.0_31.jdk/Contents/Home/jre/lib/libjpeg.dylib
0x000000011fb0c000 	/Library/Java/JavaVirtualMachines/jdk1.8.0_31.jdk/Contents/Home/jre/lib/libdcpr.dylib
0x000000011fb3a000 	/Library/Java/JavaVirtualMachines/jdk1.8.0_31.jdk/Contents/Home/jre/lib/libjavafx_font.dylib
0x000000011fd43000 	/Library/Java/JavaVirtualMachines/jdk1.8.0_31.jdk/Contents/Home/jre/lib/libjfxwebkit.dylib
0x0000000122d89000 	/Library/Java/JavaVirtualMachines/jdk1.8.0_31.jdk/Contents/Home/jre/lib/libprism_common.dylib

VM Arguments:
jvm_args: -Dfile.encoding=UTF-8 
java_command: ckSnapInterpreter.CKUI
java_class_path (initial): /Users/michellekim/git/CyberKnight:/Users/michellekim/git/CyberKnight/libs/junit-4.11.jar:/Users/michellekim/git/CyberKnight/libs/jsyntaxpane-0.9.5.jar:/Users/michellekim/git/CyberKnight/libs/algviz.jar:/Users/michellekim/git/CyberKnight/libs/algviz-xml-bindings.jar:/Users/michellekim/git/CyberKnight/libs/castor-1.1.1-codegen.jar:/Users/michellekim/git/CyberKnight/libs/castor-1.1.1.jar:/Users/michellekim/git/CyberKnight/libs/commons-logging.jar:/Users/michellekim/git/CyberKnight/libs/log4j-1.2.jar:/Users/michellekim/git/CyberKnight/libs/prefuse.jar:/Users/michellekim/git/CyberKnight/libs/xercesImpl.jar:/Users/michellekim/git/CyberKnight/libs/jython.jar:/Users/michellekim/git/CyberKnight/libs/h2-1.3.152.jar:/Applications/eclipse/plugins/org.junit_4.11.0.v201303080030/junit.jar:/Applications/eclipse/plugins/org.hamcrest.core_1.3.0.v201303031735.jar:/Users/michellekim/git/CyberKnight/libs/collections-generic-4.01.jar:/Users/michellekim/git/CyberKnight/libs/colt-1.2.0.jar:/Users/michellekim/git/CyberKnight/libs/concurrent-1.3.4.jar:/Users/michellekim/git/CyberKnight/libs/j3d-core-1.3.1.jar:/Users/michellekim/git/CyberKnight/libs/vecmath-1.3.1.jar:/Users/michellekim/git/CyberKnight/libs/jung-api-2.0.1.jar:/Users/michellekim/git/CyberKnight/libs/jung-algorithms-2.0.1.jar:/Users/michellekim/git/CyberKnight/libs/jung-visualization-2.0.1.jar:/Users/michellekim/git/CyberKnight/libs/jung-3d-2.0.1.jar:/Users/michellekim/git/CyberKnight/libs/jung-graph-impl-2.0.1.jar:/Users/michellekim/git/CyberKnight/libs/jung-3d-demos-2.0.1.jar:/Users/michellekim/git/CyberKnight/libs/wstx-asl-3.2.6.jar:/Users/michellekim/git/CyberKnight/libs/stax-api-1.0.1.jar:/Users/michellekim/git/CyberKnight/libs/jung-io-2.0.1.jar:/Users/michellekim/git/CyberKnight/libs/jung-jai-2.0.1.jar:/Users/michellekim/git/CyberKnight/libs/jung-samples-2.0.1.jar:/Users/michellekim/git/CyberKnight/libs/jung-jai-samples-2.0.1.jar
Launcher Type: SUN_STANDARD

Environment Variables:
PATH=/usr/bin:/bin:/usr/sbin:/sbin
SHELL=/bin/bash
DISPLAY=/private/tmp/com.apple.launchd.AGo1gXbYXj/org.macosforge.xquartz:0

Signal Handlers:
SIGSEGV: [libjvm.dylib+0x57a0e7], sa_mask[0]=11111111011111110111111111111111, sa_flags=SA_ONSTACK|SA_RESTART|SA_SIGINFO
SIGBUS: [libjvm.dylib+0x57a0e7], sa_mask[0]=11111111011111110111111111111111, sa_flags=SA_RESTART|SA_SIGINFO
SIGFPE: [libjvm.dylib+0x45af24], sa_mask[0]=11111111011111110111111111111111, sa_flags=SA_RESTART|SA_SIGINFO
SIGPIPE: [libjvm.dylib+0x45af24], sa_mask[0]=11111111011111110111111111111111, sa_flags=SA_RESTART|SA_SIGINFO
SIGXFSZ: [libjvm.dylib+0x45af24], sa_mask[0]=11111111011111110111111111111111, sa_flags=SA_RESTART|SA_SIGINFO
SIGILL: [libjvm.dylib+0x45af24], sa_mask[0]=11111111011111110111111111111111, sa_flags=SA_RESTART|SA_SIGINFO
SIGUSR1: SIG_DFL, sa_mask[0]=00000000000000000000000000000000, sa_flags=none
SIGUSR2: [libjvm.dylib+0x45aa42], sa_mask[0]=00100000000000000000000000000000, sa_flags=SA_RESTART|SA_SIGINFO
SIGHUP: [libjvm.dylib+0x459015], sa_mask[0]=11111111011111110111111111111111, sa_flags=SA_RESTART|SA_SIGINFO
SIGINT: [libjvm.dylib+0x459015], sa_mask[0]=11111111011111110111111111111111, sa_flags=SA_RESTART|SA_SIGINFO
SIGTERM: [libjvm.dylib+0x459015], sa_mask[0]=11111111011111110111111111111111, sa_flags=SA_RESTART|SA_SIGINFO
SIGQUIT: [libjvm.dylib+0x459015], sa_mask[0]=11111111011111110111111111111111, sa_flags=SA_RESTART|SA_SIGINFO


---------------  S Y S T E M  ---------------

OS:Bsduname:Darwin 14.3.0 Darwin Kernel Version 14.3.0: Mon Mar 23 11:59:05 PDT 2015; root:xnu-2782.20.48~5/RELEASE_X86_64 x86_64
rlimit: STACK 8192k, CORE 0k, NPROC 709, NOFILE 10240, AS infinity
load average:5.69 5.44 5.67

CPU:total 4 (2 cores per cpu, 2 threads per core) family 6 model 69 stepping 1, cmov, cx8, fxsr, mmx, sse, sse2, sse3, ssse3, sse4.1, sse4.2, popcnt, avx, avx2, aes, clmul, erms, lzcnt, ht, tsc, tscinvbit, bmi1, bmi2

Memory: 4k page, physical 4194304k(29244k free)

/proc/meminfo:


vm_info: Java HotSpot(TM) 64-Bit Server VM (25.31-b07) for bsd-amd64 JRE (1.8.0_31-b13), built on Dec 17 2014 20:45:36 by "java_re" with gcc 4.2.1 (Based on Apple Inc. build 5658) (LLVM build 2336.11.00)

time: Fri Jul 17 14:11:23 2015
elapsed time: 6 seconds (0d 0h 0m 6s)

