#
# A fatal error has been detected by the Java Runtime Environment:
#
#  SIGSEGV (0xb) at pc=0x000000011cd5a7e3, pid=16458, tid=1811
#
# JRE version: Java(TM) SE Runtime Environment (8.0_31-b13) (build 1.8.0_31-b13)
# Java VM: Java HotSpot(TM) 64-Bit Server VM (25.31-b07 mixed mode bsd-amd64 compressed oops)
# Problematic frame:
# C  [libjfxwebkit.dylib+0x9377e3]  Java_com_sun_webkit_PopupMenu_twkPopupClosed+0x6253
#
# Failed to write core dump. Core dumps have been disabled. To enable core dumping, try "ulimit -c unlimited" before starting Java again
#
# If you would like to submit a bug report, please visit:
#   http://bugreport.java.com/bugreport/crash.jsp
#

---------------  T H R E A D  ---------------

Current thread is native thread

siginfo: si_signo: 11 (SIGSEGV), si_code: 1 (SEGV_MAPERR), si_addr: 0x0000000000000000

Registers:
RAX=0x00007fff5ea3ed10, RBX=0x00007ff11a65f638, RCX=0x00007fff5ea3ece4, RDX=0x00007ff11be08060
RSP=0x00007fff5ea3ec30, RBP=0x00007fff5ea3ed00, RSI=0x00007ff11e298150, RDI=0x0000000000000000
R8 =0x00000000b73958d7, R9 =0x0000000000000000, R10=0x00000000000000d5, R11=0x00007ff11bdabbc0
R12=0x00007ff11a65f600, R13=0x0000000124e71060, R14=0x0000000000000000, R15=0x0000000000000000
RIP=0x000000011cd5a7e3, EFLAGS=0x0000000000010246, ERR=0x0000000000000004
  TRAPNO=0x000000000000000e

Top of Stack: (sp=0x00007fff5ea3ec30)
0x00007fff5ea3ec30:   0000000000000000 0000000000000000
0x00007fff5ea3ec40:   0000000000000000 00007fff5ea3ece4
0x00007fff5ea3ec50:   00000000b73958d7 0000000000000000
0x00007fff5ea3ec60:   00003e75000039e6 0000000800000000
0x00007fff5ea3ec70:   0000000200000002 0000000000000004
0x00007fff5ea3ec80:   0000000000000000 005a000000000000
0x00007fff5ea3ec90:   0000990000000002 000000000000fa00
0x00007fff5ea3eca0:   00007fff5ea3ecd0 0000000101f0a7cf
0x00007fff5ea3ecb0:   0000000000000009 0000000000010002
0x00007fff5ea3ecc0:   00007fff5ea3ed18 00000001023e50e8
0x00007fff5ea3ecd0:   00007fff5ea3ed00 0000000101f08785
0x00007fff5ea3ece0:   fffffffe00000000 0000003000000018
0x00007fff5ea3ecf0:   00007fff5ea3ed10 00007fff5ea3ec30
0x00007fff5ea3ed00:   00007fff5ea3ed30 000000011cd16966
0x00007fff5ea3ed10:   0000000000000000 0000000000000000
0x00007fff5ea3ed20:   00007ff11a65f638 0000000000000000
0x00007fff5ea3ed30:   00007fff5ea3ed80 000000011ccfca2c
0x00007fff5ea3ed40:   00007ff11be091a0 0000001f00000000
0x00007fff5ea3ed50:   00007ff122df4800 00007ff11e1cd0a0
0x00007fff5ea3ed60:   00007ff11a65f600 0000000124e71060
0x00007fff5ea3ed70:   0000000000000000 0000000000000000
0x00007fff5ea3ed80:   00007fff5ea3edc0 000000011ccf9f87
0x00007fff5ea3ed90:   6fd1774d3a000100 3b40010019600100
0x00007fff5ea3eda0:   3340010000010000 3440010000000000
0x00007fff5ea3edb0:   9240010000000000 00007ff11e1cd0a0
0x00007fff5ea3edc0:   00007fff5ea3edf0 000000011ccefbf5
0x00007fff5ea3edd0:   00007ff11e1cd0a0 0000000000000000
0x00007fff5ea3ede0:   00007ff11e1cd0a0 00007ff11bdabbc0
0x00007fff5ea3edf0:   00007fff5ea3ee10 000000011ce85157
0x00007fff5ea3ee00:   00007ff11bdabbc0 00007ff11e1cd0a0
0x00007fff5ea3ee10:   00007fff5ea3ee40 000000011cb2841f
0x00007fff5ea3ee20:   00000000933aa900 0000000000000001 

Instructions: (pc=0x000000011cd5a7e3)
0x000000011cd5a7c3:   8d 85 30 ff ff ff 48 89 45 f8 48 8d 45 10 48 89
0x000000011cd5a7d3:   45 f0 c7 45 ec 30 00 00 00 c7 45 e8 18 00 00 00
0x000000011cd5a7e3:   48 8b 07 48 8d 4d e8 ff 90 90 01 00 00 48 81 c4
0x000000011cd5a7f3:   d0 00 00 00 5d c3 90 90 90 90 90 90 90 55 48 89 

Register to memory mapping:

RAX=0x00007fff5ea3ed10 is an unknown value
RBX=0x00007ff11a65f638 is an unknown value
RCX=0x00007fff5ea3ece4 is an unknown value
RDX=0x00007ff11be08060 is an unknown value
RSP=0x00007fff5ea3ec30 is an unknown value
RBP=0x00007fff5ea3ed00 is an unknown value
RSI=0x00007ff11e298150 is a global jni handle
RDI=0x0000000000000000 is an unknown value
R8 =0x00000000b73958d7 is an unknown value
R9 =0x0000000000000000 is an unknown value
R10=0x00000000000000d5 is an unknown value
R11=0x00007ff11bdabbc0 is an unknown value
R12=0x00007ff11a65f600 is an unknown value
R13=0x0000000124e71060 is an unknown value
R14=0x0000000000000000 is an unknown value
R15=0x0000000000000000 is an unknown value


Stack: [0x00007fff5e243000,0x00007fff5ea43000],  sp=0x00007fff5ea3ec30,  free space=8175k
Native frames: (J=compiled Java code, j=interpreted, Vv=VM code, C=native code)
C  [libjfxwebkit.dylib+0x9377e3]  Java_com_sun_webkit_PopupMenu_twkPopupClosed+0x6253
C  [libjfxwebkit.dylib+0x8f3966]  Java_com_sun_webkit_graphics_WCGraphicsManager_append+0x906
C  [libjfxwebkit.dylib+0x8d9a2c]  Java_com_sun_webkit_dom_EventListenerImpl_twkDispatchEvent+0x51b8ec
C  [libjfxwebkit.dylib+0x8d6f87]  Java_com_sun_webkit_dom_EventListenerImpl_twkDispatchEvent+0x518e47
C  [libjfxwebkit.dylib+0x8ccbf5]  Java_com_sun_webkit_dom_EventListenerImpl_twkDispatchEvent+0x50eab5
C  [libjfxwebkit.dylib+0xa62157]  Java_com_sun_webkit_network_URLLoader_twkWillSendRequest+0x10eb97
C  [libjfxwebkit.dylib+0x70541f]  Java_com_sun_webkit_dom_EventListenerImpl_twkDispatchEvent+0x3472df
C  [libjfxwebkit.dylib+0x70a8eb]  Java_com_sun_webkit_dom_EventListenerImpl_twkDispatchEvent+0x34c7ab
C  [libjfxwebkit.dylib+0x70a216]  Java_com_sun_webkit_dom_EventListenerImpl_twkDispatchEvent+0x34c0d6
C  [libjfxwebkit.dylib+0x69d8ea]  Java_com_sun_webkit_dom_EventListenerImpl_twkDispatchEvent+0x2df7aa
C  [libjfxwebkit.dylib+0x3ea73a]  Java_com_sun_webkit_dom_EventListenerImpl_twkDispatchEvent+0x2c5fa
C  [libjfxwebkit.dylib+0xde83ef]  JSValueIsObjectOfClass+0x5080f
C  [libjfxwebkit.dylib+0xde88f8]  JSValueIsObjectOfClass+0x50d18
C  [libjfxwebkit.dylib+0xdf13e6]  JSValueIsObjectOfClass+0x59806
C  [libjfxwebkit.dylib+0xdeeec2]  JSValueIsObjectOfClass+0x572e2
C  [libjfxwebkit.dylib+0xdee939]  JSValueIsObjectOfClass+0x56d59
C  [CoreFoundation+0xb72e4]  __CFRUNLOOP_IS_CALLING_OUT_TO_A_TIMER_CALLBACK_FUNCTION__+0x14
C  [CoreFoundation+0xb6f73]  __CFRunLoopDoTimer+0x423
C  [CoreFoundation+0x12a53d]  __CFRunLoopDoTimers+0x12d
C  [CoreFoundation+0x72608]  __CFRunLoopRun+0x7e8
C  [CoreFoundation+0x71bd8]  CFRunLoopRunSpecific+0x128
C  [java+0x56cc]  CreateExecutionEnvironment+0x367
C  [java+0x165c]  JLI_Launch+0x7a0
C  [java+0x768a]  main+0x65
C  [java+0xeb4]  start+0x34


---------------  P R O C E S S  ---------------

VM state:at safepoint (normal execution)

VM Mutex/Monitor currently owned by a thread:  ([mutex/lock_event])
[0x00007ff1197016c0] Threads_lock - owner thread: 0x00007ff11983d000
[0x00007ff119701bc0] Heap_lock - owner thread: 0x00007ff11ecab800

Heap:
 PSYoungGen      total 18944K, used 9150K [0x00000007aab00000, 0x00000007ad000000, 0x00000007c0000000)
  eden space 16384K, 40% used [0x00000007aab00000,0x00000007ab177380,0x00000007abb00000)
  from space 2560K, 98% used [0x00000007abb00000,0x00000007abd78508,0x00000007abd80000)
  to   space 2560K, 0% used [0x00000007acd80000,0x00000007acd80000,0x00000007ad000000)
 ParOldGen       total 44032K, used 9947K [0x0000000780000000, 0x0000000782b00000, 0x00000007aab00000)
  object space 44032K, 22% used [0x0000000780000000,0x00000007809b6f28,0x0000000782b00000)
 Metaspace       used 15152K, capacity 15836K, committed 15872K, reserved 1062912K
  class space    used 2146K, capacity 2289K, committed 2304K, reserved 1048576K

Card table byte_map: [0x0000000111f13000,0x0000000112114000] byte_map_base: 0x000000010e313000

Marking Bits: (ParMarkBitMap*) 0x000000010249e410
 Begin Bits: [0x0000000112676000, 0x0000000113676000)
 End Bits:   [0x0000000113676000, 0x0000000114676000)

Polling page: 0x00000001013e3000

CodeCache: size=245760Kb used=4634Kb max_used=4634Kb free=241125Kb
 bounds [0x0000000102b53000, 0x0000000102fe3000, 0x0000000111b53000]
 total_blobs=2037 nmethods=1358 adapters=594
 compilation: enabled

Compilation events (10 events):
Event: 5.998 Thread 0x00007ff11a01b800 1354       1       java.lang.invoke.InnerClassLambdaMetafactory::access$400 (5 bytes)
Event: 5.999 Thread 0x00007ff11a01b800 nmethod 1354 0x0000000102fd9e90 code [0x0000000102fd9fe0, 0x0000000102fda0d0]
Event: 6.001 Thread 0x00007ff11a01b800 1359       3       java.lang.StringBuffer::<init> (7 bytes)
Event: 6.001 Thread 0x00007ff11a01b800 nmethod 1359 0x0000000102fda390 code [0x0000000102fda500, 0x0000000102fda7b0]
Event: 6.007 Thread 0x00007ff11a01b800 1360       3       java.util.concurrent.atomic.AtomicBoolean::compareAndSet (35 bytes)
Event: 6.007 Thread 0x00007ff11a01b800 nmethod 1360 0x0000000102fda8d0 code [0x0000000102fdaa40, 0x0000000102fdac50]
Event: 6.010 Thread 0x00007ff11a01b800 1361       3       java.lang.invoke.InnerClassLambdaMetafactory::getOpcodeOffset (38 bytes)
Event: 6.010 Thread 0x00007ff11a01b800 nmethod 1361 0x0000000102fdacd0 code [0x0000000102fdae60, 0x0000000102fdb1a8]
Event: 6.011 Thread 0x00007ff11a01b800 1362       3       jdk.internal.org.objectweb.asm.ClassWriter::<init> (122 bytes)
Event: 6.012 Thread 0x00007ff11a01b800 nmethod 1362 0x0000000102fdb250 code [0x0000000102fdb460, 0x0000000102fdbea8]

GC Heap History (6 events):
Event: 1.756 GC heap before
{Heap before GC invocations=1 (full 0):
 PSYoungGen      total 18944K, used 13746K [0x00000007aab00000, 0x00000007ac000000, 0x00000007c0000000)
  eden space 16384K, 83% used [0x00000007aab00000,0x00000007ab86c898,0x00000007abb00000)
  from space 2560K, 0% used [0x00000007abd80000,0x00000007abd80000,0x00000007ac000000)
  to   space 2560K, 0% used [0x00000007abb00000,0x00000007abb00000,0x00000007abd80000)
 ParOldGen       total 44032K, used 0K [0x0000000780000000, 0x0000000782b00000, 0x00000007aab00000)
  object space 44032K, 0% used [0x0000000780000000,0x0000000780000000,0x0000000782b00000)
 Metaspace       used 8055K, capacity 8592K, committed 8960K, reserved 1056768K
  class space    used 1056K, capacity 1165K, committed 1280K, reserved 1048576K
Event: 1.761 GC heap after
Heap after GC invocations=1 (full 0):
 PSYoungGen      total 18944K, used 2433K [0x00000007aab00000, 0x00000007ac000000, 0x00000007c0000000)
  eden space 16384K, 0% used [0x00000007aab00000,0x00000007aab00000,0x00000007abb00000)
  from space 2560K, 95% used [0x00000007abb00000,0x00000007abd60440,0x00000007abd80000)
  to   space 2560K, 0% used [0x00000007abd80000,0x00000007abd80000,0x00000007ac000000)
 ParOldGen       total 44032K, used 8K [0x0000000780000000, 0x0000000782b00000, 0x00000007aab00000)
  object space 44032K, 0% used [0x0000000780000000,0x0000000780002000,0x0000000782b00000)
 Metaspace       used 8055K, capacity 8592K, committed 8960K, reserved 1056768K
  class space    used 1056K, capacity 1165K, committed 1280K, reserved 1048576K
}
Event: 3.236 GC heap before
{Heap before GC invocations=2 (full 0):
 PSYoungGen      total 18944K, used 18817K [0x00000007aab00000, 0x00000007ac000000, 0x00000007c0000000)
  eden space 16384K, 100% used [0x00000007aab00000,0x00000007abb00000,0x00000007abb00000)
  from space 2560K, 95% used [0x00000007abb00000,0x00000007abd60440,0x00000007abd80000)
  to   space 2560K, 0% used [0x00000007abd80000,0x00000007abd80000,0x00000007ac000000)
 ParOldGen       total 44032K, used 8K [0x0000000780000000, 0x0000000782b00000, 0x00000007aab00000)
  object space 44032K, 0% used [0x0000000780000000,0x0000000780002000,0x0000000782b00000)
 Metaspace       used 13406K, capacity 13944K, committed 14208K, reserved 1060864K
  class space    used 1926K, capacity 2085K, committed 2176K, reserved 1048576K
Event: 3.273 GC heap after
Heap after GC invocations=2 (full 0):
 PSYoungGen      total 18944K, used 2543K [0x00000007aab00000, 0x00000007ad000000, 0x00000007c0000000)
  eden space 16384K, 0% used [0x00000007aab00000,0x00000007aab00000,0x00000007abb00000)
  from space 2560K, 99% used [0x00000007abd80000,0x00000007abffbca0,0x00000007ac000000)
  to   space 2560K, 0% used [0x00000007abb00000,0x00000007abb00000,0x00000007abd80000)
 ParOldGen       total 44032K, used 5199K [0x0000000780000000, 0x0000000782b00000, 0x00000007aab00000)
  object space 44032K, 11% used [0x0000000780000000,0x0000000780513eb0,0x0000000782b00000)
 Metaspace       used 13406K, capacity 13944K, committed 14208K, reserved 1060864K
  class space    used 1926K, capacity 2085K, committed 2176K, reserved 1048576K
}
Event: 5.268 GC heap before
{Heap before GC invocations=3 (full 0):
 PSYoungGen      total 18944K, used 18927K [0x00000007aab00000, 0x00000007ad000000, 0x00000007c0000000)
  eden space 16384K, 100% used [0x00000007aab00000,0x00000007abb00000,0x00000007abb00000)
  from space 2560K, 99% used [0x00000007abd80000,0x00000007abffbca0,0x00000007ac000000)
  to   space 2560K, 0% used [0x00000007abb00000,0x00000007abb00000,0x00000007abd80000)
 ParOldGen       total 44032K, used 5199K [0x0000000780000000, 0x0000000782b00000, 0x00000007aab00000)
  object space 44032K, 11% used [0x0000000780000000,0x0000000780513eb0,0x0000000782b00000)
 Metaspace       used 14856K, capacity 15442K, committed 15616K, reserved 1062912K
  class space    used 2100K, capacity 2234K, committed 2304K, reserved 1048576K
Event: 5.288 GC heap after
Heap after GC invocations=3 (full 0):
 PSYoungGen      total 18944K, used 2529K [0x00000007aab00000, 0x00000007ad000000, 0x00000007c0000000)
  eden space 16384K, 0% used [0x00000007aab00000,0x00000007aab00000,0x00000007abb00000)
  from space 2560K, 98% used [0x00000007abb00000,0x00000007abd78508,0x00000007abd80000)
  to   space 2560K, 0% used [0x00000007acd80000,0x00000007acd80000,0x00000007ad000000)
 ParOldGen       total 44032K, used 9947K [0x0000000780000000, 0x0000000782b00000, 0x00000007aab00000)
  object space 44032K, 22% used [0x0000000780000000,0x00000007809b6f28,0x0000000782b00000)
 Metaspace       used 14856K, capacity 15442K, committed 15616K, reserved 1062912K
  class space    used 2100K, capacity 2234K, committed 2304K, reserved 1048576K
}

Deoptimization events (10 events):
Event: 2.975 Thread 0x00007ff119a89800 Uncommon trap: reason=bimorphic action=maybe_recompile pc=0x0000000102e0ad38 method=java.util.HashMap.getNode(ILjava/lang/Object;)Ljava/util/HashMap$Node; @ 126
Event: 2.979 Thread 0x00007ff119a89800 Uncommon trap: reason=bimorphic action=maybe_recompile pc=0x0000000102e0ad38 method=java.util.HashMap.getNode(ILjava/lang/Object;)Ljava/util/HashMap$Node; @ 126
Event: 2.979 Thread 0x00007ff119a89800 Uncommon trap: reason=bimorphic action=maybe_recompile pc=0x0000000102e0ad38 method=java.util.HashMap.getNode(ILjava/lang/Object;)Ljava/util/HashMap$Node; @ 126
Event: 4.155 Thread 0x00007ff119a89800 Uncommon trap: reason=unloaded action=reinterpret pc=0x0000000102d98a18 method=java.lang.CharacterData.of(I)Ljava/lang/CharacterData; @ 96
Event: 4.784 Thread 0x00007ff119a89800 Uncommon trap: reason=class_check action=maybe_recompile pc=0x0000000102ee00a8 method=java.util.HashMap.putVal(ILjava/lang/Object;Ljava/lang/Object;ZZ)Ljava/lang/Object; @ 253
Event: 4.785 Thread 0x00007ff119a89800 Uncommon trap: reason=class_check action=maybe_recompile pc=0x0000000102ee00a8 method=java.util.HashMap.putVal(ILjava/lang/Object;Ljava/lang/Object;ZZ)Ljava/lang/Object; @ 253
Event: 4.785 Thread 0x00007ff119a89800 Uncommon trap: reason=class_check action=maybe_recompile pc=0x0000000102ee00a8 method=java.util.HashMap.putVal(ILjava/lang/Object;Ljava/lang/Object;ZZ)Ljava/lang/Object; @ 253
Event: 4.785 Thread 0x00007ff119a89800 Uncommon trap: reason=class_check action=maybe_recompile pc=0x0000000102ee00a8 method=java.util.HashMap.putVal(ILjava/lang/Object;Ljava/lang/Object;ZZ)Ljava/lang/Object; @ 253
Event: 5.702 Thread 0x00007ff119a89800 Uncommon trap: reason=unreached action=reinterpret pc=0x0000000102fb3570 method=java.util.HashMap.removeNode(ILjava/lang/Object;Ljava/lang/Object;ZZ)Ljava/util/HashMap$Node; @ 58
Event: 5.976 Thread 0x00007ff119a89800 Uncommon trap: reason=unreached action=reinterpret pc=0x0000000102fba8c0 method=java.util.HashMap.removeNode(ILjava/lang/Object;Ljava/lang/Object;ZZ)Ljava/util/HashMap$Node; @ 234

Internal exceptions (10 events):
Event: 2.585 Thread 0x00007ff11a985000 Exception <a 'java/security/PrivilegedActionException'> (0x00000007ab4c1cc8) thrown at [/Users/java_re/workspace/8-2-build-macosx-x86_64/jdk8u31/2394/hotspot/src/share/vm/prims/jvm.cpp, line 1312]
Event: 2.606 Thread 0x00007ff11a985000 Exception <a 'java/security/PrivilegedActionException'> (0x00000007ab60c1d0) thrown at [/Users/java_re/workspace/8-2-build-macosx-x86_64/jdk8u31/2394/hotspot/src/share/vm/prims/jvm.cpp, line 1312]
Event: 2.606 Thread 0x00007ff11a985000 Exception <a 'java/security/PrivilegedActionException'> (0x00000007ab60fc58) thrown at [/Users/java_re/workspace/8-2-build-macosx-x86_64/jdk8u31/2394/hotspot/src/share/vm/prims/jvm.cpp, line 1312]
Event: 2.684 Thread 0x00007ff119a89800 Implicit null exception at 0x0000000102e0bd15 to 0x0000000102e0c0a5
Event: 2.773 Thread 0x00007ff119a89800 Exception <a 'java/security/PrivilegedActionException'> (0x00000007ab850ec8) thrown at [/Users/java_re/workspace/8-2-build-macosx-x86_64/jdk8u31/2394/hotspot/src/share/vm/prims/jvm.cpp, line 1312]
Event: 2.775 Thread 0x00007ff119a89800 Exception <a 'java/security/PrivilegedActionException'> (0x00000007ab866888) thrown at [/Users/java_re/workspace/8-2-build-macosx-x86_64/jdk8u31/2394/hotspot/src/share/vm/prims/jvm.cpp, line 1312]
Event: 2.777 Thread 0x00007ff119a89800 Exception <a 'java/security/PrivilegedActionException'> (0x00000007ab8862c8) thrown at [/Users/java_re/workspace/8-2-build-macosx-x86_64/jdk8u31/2394/hotspot/src/share/vm/prims/jvm.cpp, line 1312]
Event: 4.653 Thread 0x00007ff11f418000 Exception <a 'sun/nio/fs/UnixException'> (0x00000007ab270878) thrown at [/Users/java_re/workspace/8-2-build-macosx-x86_64/jdk8u31/2394/hotspot/src/share/vm/prims/jni.cpp, line 716]
Event: 5.245 Thread 0x00007ff119a89800 Exception <a 'java/io/FileNotFoundException'> (0x00000007abae9940) thrown at [/Users/java_re/workspace/8-2-build-macosx-x86_64/jdk8u31/2394/hotspot/src/share/vm/prims/jni.cpp, line 716]
Event: 5.264 Thread 0x00007ff119a89800 Exception <a 'java/io/FileNotFoundException'> (0x00000007abaf9be0) thrown at [/Users/java_re/workspace/8-2-build-macosx-x86_64/jdk8u31/2394/hotspot/src/share/vm/prims/jni.cpp, line 716]

Events (10 events):
Event: 6.011 Thread 0x00007ff11b3a6800 Thread added: 0x00007ff11b3a6800
Event: 6.011 Executing VM operation: RevokeBias
Event: 6.011 Executing VM operation: RevokeBias done
Event: 6.011 loading class com/sun/javafx/font/PrismFontFile
Event: 6.011 loading class com/sun/javafx/font/PrismFontFile done
Event: 6.011 Thread 0x00007ff11b3a6800 Thread exited: 0x00007ff11b3a6800
Event: 6.012 Executing VM operation: RevokeBias
Event: 6.012 Executing VM operation: RevokeBias done
Event: 6.012 Thread 0x00007ff11b059800 Thread exited: 0x00007ff11b059800
Event: 6.013 Thread 0x00007ff11ecab800 Thread exited: 0x00007ff11ecab800


Dynamic libraries:
0x0000000003330000 	/System/Library/Frameworks/Cocoa.framework/Versions/A/Cocoa
0x0000000003330000 	/System/Library/Frameworks/Security.framework/Versions/A/Security
0x0000000003330000 	/System/Library/Frameworks/ApplicationServices.framework/Versions/A/ApplicationServices
0x0000000003330000 	/usr/lib/libz.1.dylib
0x0000000003330000 	/usr/lib/libSystem.B.dylib
0x0000000003330000 	/usr/lib/libobjc.A.dylib
0x0000000003330000 	/System/Library/Frameworks/CoreFoundation.framework/Versions/A/CoreFoundation
0x0000000003330000 	/System/Library/Frameworks/Foundation.framework/Versions/C/Foundation
0x0000000003330000 	/System/Library/Frameworks/AppKit.framework/Versions/C/AppKit
0x0000000003330000 	/System/Library/Frameworks/CoreData.framework/Versions/A/CoreData
0x0000000003330000 	/System/Library/PrivateFrameworks/RemoteViewServices.framework/Versions/A/RemoteViewServices
0x0000000003330000 	/System/Library/PrivateFrameworks/UIFoundation.framework/Versions/A/UIFoundation
0x0000000003330000 	/System/Library/Frameworks/IOSurface.framework/Versions/A/IOSurface
0x0000000003330000 	/System/Library/Frameworks/AudioToolbox.framework/Versions/A/AudioToolbox
0x0000000003330000 	/System/Library/Frameworks/AudioUnit.framework/Versions/A/AudioUnit
0x0000000003330000 	/System/Library/PrivateFrameworks/DataDetectorsCore.framework/Versions/A/DataDetectorsCore
0x0000000003330000 	/System/Library/PrivateFrameworks/DesktopServicesPriv.framework/Versions/A/DesktopServicesPriv
0x0000000003330000 	/System/Library/Frameworks/Carbon.framework/Versions/A/Frameworks/HIToolbox.framework/Versions/A/HIToolbox
0x0000000003330000 	/System/Library/Frameworks/QuartzCore.framework/Versions/A/QuartzCore
0x0000000003330000 	/System/Library/Frameworks/Carbon.framework/Versions/A/Frameworks/SpeechRecognition.framework/Versions/A/SpeechRecognition
0x0000000003330000 	/usr/lib/libauto.dylib
0x0000000003330000 	/usr/lib/libicucore.A.dylib
0x0000000003330000 	/usr/lib/libxml2.2.dylib
0x0000000003330000 	/System/Library/PrivateFrameworks/CoreUI.framework/Versions/A/CoreUI
0x0000000003330000 	/System/Library/Frameworks/CoreAudio.framework/Versions/A/CoreAudio
0x0000000003330000 	/System/Library/Frameworks/DiskArbitration.framework/Versions/A/DiskArbitration
0x0000000003330000 	/usr/lib/liblangid.dylib
0x0000000003330000 	/System/Library/PrivateFrameworks/MultitouchSupport.framework/Versions/A/MultitouchSupport
0x0000000003330000 	/System/Library/Frameworks/IOKit.framework/Versions/A/IOKit
0x0000000003330000 	/usr/lib/libDiagnosticMessagesClient.dylib
0x0000000003330000 	/System/Library/Frameworks/CoreServices.framework/Versions/A/CoreServices
0x0000000003330000 	/System/Library/PrivateFrameworks/PerformanceAnalysis.framework/Versions/A/PerformanceAnalysis
0x0000000003330000 	/System/Library/PrivateFrameworks/GenerationalStorage.framework/Versions/A/GenerationalStorage
0x0000000003330000 	/System/Library/Frameworks/OpenGL.framework/Versions/A/OpenGL
0x0000000003330000 	/System/Library/PrivateFrameworks/Sharing.framework/Versions/A/Sharing
0x0000000003330000 	/System/Library/Frameworks/CoreGraphics.framework/Versions/A/CoreGraphics
0x0000000003330000 	/System/Library/Frameworks/CoreText.framework/Versions/A/CoreText
0x0000000003330000 	/System/Library/Frameworks/ImageIO.framework/Versions/A/ImageIO
0x0000000003330000 	/usr/lib/libextension.dylib
0x0000000003330000 	/System/Library/PrivateFrameworks/Backup.framework/Versions/A/Backup
0x0000000003330000 	/usr/lib/libarchive.2.dylib
0x0000000003330000 	/System/Library/Frameworks/CFNetwork.framework/Versions/A/CFNetwork
0x0000000003330000 	/System/Library/Frameworks/SystemConfiguration.framework/Versions/A/SystemConfiguration
0x0000000003330000 	/usr/lib/libCRFSuite.dylib
0x0000000003330000 	/usr/lib/libc++.1.dylib
0x0000000003330000 	/usr/lib/libc++abi.dylib
0x0000000003330000 	/usr/lib/system/libcache.dylib
0x0000000003330000 	/usr/lib/system/libcommonCrypto.dylib
0x0000000003330000 	/usr/lib/system/libcompiler_rt.dylib
0x0000000003330000 	/usr/lib/system/libcopyfile.dylib
0x0000000003330000 	/usr/lib/system/libcorecrypto.dylib
0x0000000003330000 	/usr/lib/system/libdispatch.dylib
0x0000000003330000 	/usr/lib/system/libdyld.dylib
0x0000000003330000 	/usr/lib/system/libkeymgr.dylib
0x0000000003330000 	/usr/lib/system/liblaunch.dylib
0x0000000003330000 	/usr/lib/system/libmacho.dylib
0x0000000003330000 	/usr/lib/system/libquarantine.dylib
0x0000000003330000 	/usr/lib/system/libremovefile.dylib
0x0000000003330000 	/usr/lib/system/libsystem_asl.dylib
0x0000000003330000 	/usr/lib/system/libsystem_blocks.dylib
0x0000000003330000 	/usr/lib/system/libsystem_c.dylib
0x0000000003330000 	/usr/lib/system/libsystem_configuration.dylib
0x0000000003330000 	/usr/lib/system/libsystem_coreservices.dylib
0x0000000003330000 	/usr/lib/system/libsystem_coretls.dylib
0x0000000003330000 	/usr/lib/system/libsystem_dnssd.dylib
0x0000000003330000 	/usr/lib/system/libsystem_info.dylib
0x0000000003330000 	/usr/lib/system/libsystem_kernel.dylib
0x0000000003330000 	/usr/lib/system/libsystem_m.dylib
0x0000000003330000 	/usr/lib/system/libsystem_malloc.dylib
0x0000000003330000 	/usr/lib/system/libsystem_network.dylib
0x0000000003330000 	/usr/lib/system/libsystem_networkextension.dylib
0x0000000003330000 	/usr/lib/system/libsystem_notify.dylib
0x0000000003330000 	/usr/lib/system/libsystem_platform.dylib
0x0000000003330000 	/usr/lib/system/libsystem_pthread.dylib
0x0000000003330000 	/usr/lib/system/libsystem_sandbox.dylib
0x0000000003330000 	/usr/lib/system/libsystem_secinit.dylib
0x0000000003330000 	/usr/lib/system/libsystem_stats.dylib
0x0000000003330000 	/usr/lib/system/libsystem_trace.dylib
0x0000000003330000 	/usr/lib/system/libunc.dylib
0x0000000003330000 	/usr/lib/system/libunwind.dylib
0x0000000003330000 	/usr/lib/system/libxpc.dylib
0x0000000003330000 	/usr/lib/libbz2.1.0.dylib
0x0000000003330000 	/usr/lib/liblzma.5.dylib
0x0000000003330000 	/usr/lib/libbsm.0.dylib
0x0000000003330000 	/usr/lib/libsqlite3.dylib
0x0000000003330000 	/usr/lib/system/libkxld.dylib
0x0000000003330000 	/usr/lib/libxar.1.dylib
0x0000000003330000 	/usr/lib/libpam.2.dylib
0x0000000003330000 	/usr/lib/libOpenScriptingUtil.dylib
0x0000000003330000 	/System/Library/Frameworks/CoreServices.framework/Versions/A/Frameworks/FSEvents.framework/Versions/A/FSEvents
0x0000000003330000 	/System/Library/Frameworks/CoreServices.framework/Versions/A/Frameworks/CarbonCore.framework/Versions/A/CarbonCore
0x0000000003330000 	/System/Library/Frameworks/CoreServices.framework/Versions/A/Frameworks/Metadata.framework/Versions/A/Metadata
0x0000000003330000 	/System/Library/Frameworks/CoreServices.framework/Versions/A/Frameworks/OSServices.framework/Versions/A/OSServices
0x0000000003330000 	/System/Library/Frameworks/CoreServices.framework/Versions/A/Frameworks/SearchKit.framework/Versions/A/SearchKit
0x0000000003330000 	/System/Library/Frameworks/CoreServices.framework/Versions/A/Frameworks/AE.framework/Versions/A/AE
0x0000000003330000 	/System/Library/Frameworks/CoreServices.framework/Versions/A/Frameworks/LaunchServices.framework/Versions/A/LaunchServices
0x0000000003330000 	/System/Library/Frameworks/CoreServices.framework/Versions/A/Frameworks/DictionaryServices.framework/Versions/A/DictionaryServices
0x0000000003330000 	/System/Library/Frameworks/NetFS.framework/Versions/A/NetFS
0x0000000003330000 	/System/Library/PrivateFrameworks/NetAuth.framework/Versions/A/NetAuth
0x0000000003330000 	/System/Library/PrivateFrameworks/login.framework/Versions/A/Frameworks/loginsupport.framework/Versions/A/loginsupport
0x0000000003330000 	/System/Library/PrivateFrameworks/TCC.framework/Versions/A/TCC
0x0000000003330000 	/usr/lib/libmecabra.dylib
0x0000000003330000 	/System/Library/Frameworks/ApplicationServices.framework/Versions/A/Frameworks/ATS.framework/Versions/A/ATS
0x0000000003330000 	/System/Library/Frameworks/ApplicationServices.framework/Versions/A/Frameworks/ColorSync.framework/Versions/A/ColorSync
0x0000000003330000 	/System/Library/Frameworks/ApplicationServices.framework/Versions/A/Frameworks/HIServices.framework/Versions/A/HIServices
0x0000000003330000 	/System/Library/Frameworks/ApplicationServices.framework/Versions/A/Frameworks/LangAnalysis.framework/Versions/A/LangAnalysis
0x0000000003330000 	/System/Library/Frameworks/ApplicationServices.framework/Versions/A/Frameworks/PrintCore.framework/Versions/A/PrintCore
0x0000000003330000 	/System/Library/Frameworks/ApplicationServices.framework/Versions/A/Frameworks/QD.framework/Versions/A/QD
0x0000000003330000 	/System/Library/Frameworks/ApplicationServices.framework/Versions/A/Frameworks/SpeechSynthesis.framework/Versions/A/SpeechSynthesis
0x0000000003330000 	/System/Library/Frameworks/Accelerate.framework/Versions/A/Accelerate
0x0000000003330000 	/System/Library/Frameworks/Accelerate.framework/Versions/A/Frameworks/vImage.framework/Versions/A/vImage
0x0000000003330000 	/System/Library/Frameworks/Accelerate.framework/Versions/A/Frameworks/vecLib.framework/Versions/A/vecLib
0x0000000003330000 	/System/Library/Frameworks/Accelerate.framework/Versions/A/Frameworks/vecLib.framework/Versions/A/libvDSP.dylib
0x0000000003330000 	/System/Library/Frameworks/Accelerate.framework/Versions/A/Frameworks/vecLib.framework/Versions/A/libvMisc.dylib
0x0000000003330000 	/System/Library/Frameworks/Accelerate.framework/Versions/A/Frameworks/vecLib.framework/Versions/A/libLAPACK.dylib
0x0000000003330000 	/System/Library/Frameworks/Accelerate.framework/Versions/A/Frameworks/vecLib.framework/Versions/A/libBLAS.dylib
0x0000000003330000 	/System/Library/Frameworks/Accelerate.framework/Versions/A/Frameworks/vecLib.framework/Versions/A/libLinearAlgebra.dylib
0x0000000003330000 	/System/Library/Frameworks/ApplicationServices.framework/Versions/A/Frameworks/ATS.framework/Versions/A/Resources/libFontParser.dylib
0x0000000003330000 	/System/Library/Frameworks/ApplicationServices.framework/Versions/A/Frameworks/ATS.framework/Versions/A/Resources/libFontRegistry.dylib
0x0000000003330000 	/System/Library/PrivateFrameworks/AppleVPA.framework/Versions/A/AppleVPA
0x0000000003330000 	/System/Library/PrivateFrameworks/AppleJPEG.framework/Versions/A/AppleJPEG
0x0000000003330000 	/System/Library/Frameworks/ImageIO.framework/Versions/A/Resources/libJPEG.dylib
0x0000000003330000 	/System/Library/Frameworks/ImageIO.framework/Versions/A/Resources/libTIFF.dylib
0x0000000003330000 	/System/Library/Frameworks/ImageIO.framework/Versions/A/Resources/libPng.dylib
0x0000000003330000 	/System/Library/Frameworks/ImageIO.framework/Versions/A/Resources/libGIF.dylib
0x0000000003330000 	/System/Library/Frameworks/ImageIO.framework/Versions/A/Resources/libJP2.dylib
0x0000000003330000 	/System/Library/Frameworks/ImageIO.framework/Versions/A/Resources/libRadiance.dylib
0x0000000003330000 	/System/Library/Frameworks/CoreVideo.framework/Versions/A/CoreVideo
0x0000000003330000 	/System/Library/Frameworks/OpenGL.framework/Versions/A/Libraries/libGLU.dylib
0x0000000003330000 	/System/Library/Frameworks/OpenGL.framework/Versions/A/Libraries/libGFXShared.dylib
0x0000000003330000 	/System/Library/Frameworks/OpenGL.framework/Versions/A/Libraries/libGL.dylib
0x0000000003330000 	/System/Library/Frameworks/OpenGL.framework/Versions/A/Libraries/libGLImage.dylib
0x0000000003330000 	/System/Library/Frameworks/OpenGL.framework/Versions/A/Libraries/libCVMSPluginSupport.dylib
0x0000000003330000 	/System/Library/Frameworks/OpenGL.framework/Versions/A/Libraries/libCoreVMClient.dylib
0x0000000003330000 	/usr/lib/libcups.2.dylib
0x0000000003330000 	/System/Library/Frameworks/Kerberos.framework/Versions/A/Kerberos
0x0000000003330000 	/System/Library/Frameworks/GSS.framework/Versions/A/GSS
0x0000000003330000 	/usr/lib/libresolv.9.dylib
0x0000000003330000 	/usr/lib/libiconv.2.dylib
0x0000000003330000 	/System/Library/PrivateFrameworks/Heimdal.framework/Versions/A/Heimdal
0x0000000003330000 	/usr/lib/libheimdal-asn1.dylib
0x0000000003330000 	/System/Library/Frameworks/OpenDirectory.framework/Versions/A/OpenDirectory
0x0000000003330000 	/System/Library/PrivateFrameworks/CommonAuth.framework/Versions/A/CommonAuth
0x0000000003330000 	/System/Library/Frameworks/OpenDirectory.framework/Versions/A/Frameworks/CFOpenDirectory.framework/Versions/A/CFOpenDirectory
0x0000000003330000 	/System/Library/Frameworks/SecurityFoundation.framework/Versions/A/SecurityFoundation
0x0000000003330000 	/System/Library/PrivateFrameworks/LanguageModeling.framework/Versions/A/LanguageModeling
0x0000000003330000 	/usr/lib/libcmph.dylib
0x0000000003330000 	/System/Library/Frameworks/ServiceManagement.framework/Versions/A/ServiceManagement
0x0000000003330000 	/usr/lib/libxslt.1.dylib
0x0000000003330000 	/System/Library/Frameworks/Carbon.framework/Versions/A/Frameworks/Ink.framework/Versions/A/Ink
0x0000000003330000 	/System/Library/Frameworks/QuartzCore.framework/Versions/A/Frameworks/CoreImage.framework/Versions/A/CoreImage
0x0000000003330000 	/System/Library/PrivateFrameworks/CrashReporterSupport.framework/Versions/A/CrashReporterSupport
0x0000000003330000 	/System/Library/Frameworks/OpenCL.framework/Versions/A/OpenCL
0x0000000003330000 	/System/Library/PrivateFrameworks/FaceCore.framework/Versions/A/FaceCore
0x0000000003330000 	/System/Library/PrivateFrameworks/Ubiquity.framework/Versions/A/Ubiquity
0x0000000003330000 	/System/Library/PrivateFrameworks/IconServices.framework/Versions/A/IconServices
0x0000000003330000 	/System/Library/PrivateFrameworks/ChunkingLibrary.framework/Versions/A/ChunkingLibrary
0x0000000003330000 	/System/Library/PrivateFrameworks/Apple80211.framework/Versions/A/Apple80211
0x0000000003330000 	/System/Library/Frameworks/CoreWLAN.framework/Versions/A/CoreWLAN
0x0000000003330000 	/System/Library/Frameworks/IOBluetooth.framework/Versions/A/IOBluetooth
0x0000000003330000 	/System/Library/PrivateFrameworks/CoreWiFi.framework/Versions/A/CoreWiFi
0x0000000003330000 	/System/Library/Frameworks/CoreBluetooth.framework/Versions/A/CoreBluetooth
0x0000000003330000 	/System/Library/PrivateFrameworks/DebugSymbols.framework/Versions/A/DebugSymbols
0x0000000003330000 	/System/Library/PrivateFrameworks/CoreSymbolication.framework/Versions/A/CoreSymbolication
0x0000000003330000 	/System/Library/PrivateFrameworks/Symbolication.framework/Versions/A/Symbolication
0x0000000003330000 	/System/Library/PrivateFrameworks/SpeechRecognitionCore.framework/Versions/A/SpeechRecognitionCore
0x0000000101c00000 	/Library/Java/JavaVirtualMachines/jdk1.8.0_31.jdk/Contents/Home/jre/lib/server/libjvm.dylib
0x0000000003330000 	/usr/lib/libstdc++.6.dylib
0x00000001013d5000 	/Library/Java/JavaVirtualMachines/jdk1.8.0_31.jdk/Contents/Home/jre/lib/libverify.dylib
0x0000000102b1f000 	/Library/Java/JavaVirtualMachines/jdk1.8.0_31.jdk/Contents/Home/jre/lib/libjava.dylib
0x00000001013ed000 	/Library/Java/JavaVirtualMachines/jdk1.8.0_31.jdk/Contents/Home/jre/lib/libzip.dylib
0x000000011665f000 	/System/Library/Frameworks/JavaVM.framework/Frameworks/JavaRuntimeSupport.framework/JavaRuntimeSupport
0x0000000116675000 	/System/Library/Frameworks/JavaVM.framework/Versions/A/Frameworks/JavaNativeFoundation.framework/Versions/A/JavaNativeFoundation
0x0000000116689000 	/System/Library/Frameworks/JavaVM.framework/Versions/A/JavaVM
0x0000000003330000 	/System/Library/Frameworks/Carbon.framework/Versions/A/Carbon
0x0000000116695000 	/System/Library/PrivateFrameworks/JavaLaunching.framework/Versions/A/JavaLaunching
0x0000000003330000 	/System/Library/Frameworks/Carbon.framework/Versions/A/Frameworks/CommonPanels.framework/Versions/A/CommonPanels
0x0000000003330000 	/System/Library/Frameworks/Carbon.framework/Versions/A/Frameworks/Help.framework/Versions/A/Help
0x0000000003330000 	/System/Library/Frameworks/Carbon.framework/Versions/A/Frameworks/ImageCapture.framework/Versions/A/ImageCapture
0x0000000003330000 	/System/Library/Frameworks/Carbon.framework/Versions/A/Frameworks/OpenScripting.framework/Versions/A/OpenScripting
0x0000000003330000 	/System/Library/Frameworks/Carbon.framework/Versions/A/Frameworks/Print.framework/Versions/A/Print
0x0000000003330000 	/System/Library/Frameworks/Carbon.framework/Versions/A/Frameworks/SecurityHI.framework/Versions/A/SecurityHI
0x0000000118719000 	/Library/Java/JavaVirtualMachines/jdk1.8.0_31.jdk/Contents/Home/jre/lib/libprism_es2.dylib
0x0000000003330000 	/System/Library/Frameworks/OpenGL.framework/Versions/A/Resources/GLEngine.bundle/GLEngine
0x0000000003330000 	/System/Library/Frameworks/OpenGL.framework/Versions/A/Libraries/libGLProgrammability.dylib
0x0000000000000000 	/System/Library/Extensions/AppleIntelHD5000GraphicsGLDriver.bundle/Contents/MacOS/AppleIntelHD5000GraphicsGLDriver
0x0000000003330000 	/System/Library/PrivateFrameworks/IOAccelerator.framework/Versions/A/IOAccelerator
0x0000000003330000 	/System/Library/PrivateFrameworks/GPUSupport.framework/Versions/A/Libraries/libGPUSupportMercury.dylib
0x0000000003330000 	/System/Library/Frameworks/OpenGL.framework/Versions/A/Resources/GLRendererFloat.bundle/GLRendererFloat
0x0000000003330000 	/System/Library/Frameworks/OpenCL.framework/Versions/A/Libraries/libcldcpuengine.dylib
0x0000000003330000 	/System/Library/PrivateFrameworks/DiskImages.framework/Versions/A/DiskImages
0x0000000003330000 	/System/Library/Frameworks/DiscRecording.framework/Versions/A/DiscRecording
0x0000000003330000 	/usr/lib/libcsfde.dylib
0x0000000003330000 	/usr/lib/libcurl.4.dylib
0x0000000003330000 	/System/Library/PrivateFrameworks/MediaKit.framework/Versions/A/MediaKit
0x0000000003330000 	/System/Library/PrivateFrameworks/ProtectedCloudStorage.framework/Versions/A/ProtectedCloudStorage
0x0000000003330000 	/usr/lib/libCoreStorage.dylib
0x0000000003330000 	/System/Library/PrivateFrameworks/EFILogin.framework/Versions/A/EFILogin
0x0000000003330000 	/usr/lib/libutil.dylib
0x0000000003330000 	/System/Library/PrivateFrameworks/FindMyDevice.framework/Versions/A/FindMyDevice
0x0000000003330000 	/System/Library/Frameworks/LDAP.framework/Versions/A/LDAP
0x0000000003330000 	/usr/lib/libsasl2.2.dylib
0x0000000003330000 	/System/Library/PrivateFrameworks/CoreDaemon.framework/Versions/B/CoreDaemon
0x0000000003330000 	/usr/lib/libcrypto.0.9.8.dylib
0x0000000003330000 	/System/Library/PrivateFrameworks/AppleSRP.framework/Versions/A/AppleSRP
0x0000000003330000 	/System/Library/PrivateFrameworks/TrustEvaluationAgent.framework/Versions/A/TrustEvaluationAgent
0x0000000118bc7000 	/Library/Java/JavaVirtualMachines/jdk1.8.0_31.jdk/Contents/Home/jre/lib/libglass.dylib
0x0000000003330000 	/System/Library/PrivateFrameworks/CoreServicesInternal.framework/Versions/A/CoreServicesInternal
0x0000000003330000 	/System/Library/PrivateFrameworks/CloudDocs.framework/Versions/A/CloudDocs
0x0000000003330000 	/System/Library/PrivateFrameworks/CoreDuet.framework/Versions/A/CoreDuet
0x0000000003330000 	/System/Library/Frameworks/CloudKit.framework/Versions/A/CloudKit
0x0000000003330000 	/System/Library/PrivateFrameworks/ProtocolBuffer.framework/Versions/A/ProtocolBuffer
0x0000000003330000 	/System/Library/PrivateFrameworks/CoreDuetDaemonProtocol.framework/Versions/A/CoreDuetDaemonProtocol
0x0000000003330000 	/System/Library/PrivateFrameworks/CoreDuetDebugLogging.framework/Versions/A/CoreDuetDebugLogging
0x0000000003330000 	/System/Library/PrivateFrameworks/MMCS.framework/Versions/A/MMCS
0x0000000003330000 	/System/Library/Frameworks/CoreLocation.framework/Versions/A/CoreLocation
0x0000000003330000 	/System/Library/PrivateFrameworks/GeoServices.framework/Versions/A/GeoServices
0x0000000003330000 	/System/Library/Frameworks/CoreGraphics.framework/Versions/A/Resources/libCGCMS.A.dylib
0x0000000003330000 	/System/Library/CoreServices/RawCamera.bundle/Contents/MacOS/RawCamera
0x0000000003330000 	/System/Library/Frameworks/CoreGraphics.framework/Versions/A/Resources/libRIP.A.dylib
0x0000000003330000 	/System/Library/PrivateFrameworks/FamilyControls.framework/Versions/A/FamilyControls
0x0000000003330000 	/System/Library/PrivateFrameworks/CommerceKit.framework/Versions/A/Frameworks/CommerceCore.framework/Versions/A/CommerceCore
0x0000000003330000 	/System/Library/PrivateFrameworks/SystemAdministration.framework/Versions/A/SystemAdministration
0x0000000003330000 	/System/Library/PrivateFrameworks/AppContainer.framework/Versions/A/AppContainer
0x0000000003330000 	/System/Library/PrivateFrameworks/SecCodeWrapper.framework/Versions/A/SecCodeWrapper
0x0000000003330000 	/System/Library/Frameworks/DirectoryService.framework/Versions/A/DirectoryService
0x0000000003330000 	/System/Library/PrivateFrameworks/LoginUIKit.framework/Versions/A/Frameworks/LoginUICore.framework/Versions/A/LoginUICore
0x0000000003330000 	/usr/lib/libodfde.dylib
0x000000011c423000 	/Library/Java/JavaVirtualMachines/jdk1.8.0_31.jdk/Contents/Home/jre/lib/libjfxwebkit.dylib
0x000000011e67e000 	/Library/Java/JavaVirtualMachines/jdk1.8.0_31.jdk/Contents/Home/jre/lib/libnio.dylib
0x000000011e68e000 	/Library/Java/JavaVirtualMachines/jdk1.8.0_31.jdk/Contents/Home/jre/lib/./libnet.dylib
0x000000011eba7000 	/Library/Java/JavaVirtualMachines/jdk1.8.0_31.jdk/Contents/Home/jre/lib/libjavafx_font.dylib
0x0000000003330000 	/System/Library/Frameworks/CoreGraphics.framework/Versions/A/Resources/libCGXType.A.dylib
0x000000011f6f1000 	cl_kernels
0x0000000121e16000 	/System/Library/Frameworks/OpenCL.framework/Versions/A/Libraries/ImageFormats/unorm8_bgra.dylib
0x0000000122056000 	cl_kernels
0x00000001241f3000 	/Library/Java/JavaVirtualMachines/jdk1.8.0_31.jdk/Contents/Home/jre/lib/libprism_common.dylib

VM Arguments:
jvm_args: -Dfile.encoding=UTF-8 
java_command: ckSnapInterpreter.CKUI
java_class_path (initial): /Users/michellekim/git/CyberKnight:/Users/michellekim/git/CyberKnight/libs/junit-4.11.jar:/Users/michellekim/git/CyberKnight/libs/jsyntaxpane-0.9.5.jar:/Users/michellekim/git/CyberKnight/libs/algviz.jar:/Users/michellekim/git/CyberKnight/libs/algviz-xml-bindings.jar:/Users/michellekim/git/CyberKnight/libs/castor-1.1.1-codegen.jar:/Users/michellekim/git/CyberKnight/libs/castor-1.1.1.jar:/Users/michellekim/git/CyberKnight/libs/commons-logging.jar:/Users/michellekim/git/CyberKnight/libs/log4j-1.2.jar:/Users/michellekim/git/CyberKnight/libs/prefuse.jar:/Users/michellekim/git/CyberKnight/libs/xercesImpl.jar:/Users/michellekim/git/CyberKnight/libs/jython.jar:/Users/michellekim/git/CyberKnight/libs/h2-1.3.152.jar:/Applications/eclipse/plugins/org.junit_4.11.0.v201303080030/junit.jar:/Applications/eclipse/plugins/org.hamcrest.core_1.3.0.v201303031735.jar:/Users/michellekim/git/CyberKnight/libs/collections-generic-4.01.jar:/Users/michellekim/git/CyberKnight/libs/colt-1.2.0.jar:/Users/michellekim/git/CyberKnight/libs/concurrent-1.3.4.jar:/Users/michellekim/git/CyberKnight/libs/j3d-core-1.3.1.jar:/Users/michellekim/git/CyberKnight/libs/vecmath-1.3.1.jar:/Users/michellekim/git/CyberKnight/libs/jung-api-2.0.1.jar:/Users/michellekim/git/CyberKnight/libs/jung-algorithms-2.0.1.jar:/Users/michellekim/git/CyberKnight/libs/jung-visualization-2.0.1.jar:/Users/michellekim/git/CyberKnight/libs/jung-3d-2.0.1.jar:/Users/michellekim/git/CyberKnight/libs/jung-graph-impl-2.0.1.jar:/Users/michellekim/git/CyberKnight/libs/jung-3d-demos-2.0.1.jar:/Users/michellekim/git/CyberKnight/libs/wstx-asl-3.2.6.jar:/Users/michellekim/git/CyberKnight/libs/stax-api-1.0.1.jar:/Users/michellekim/git/CyberKnight/libs/jung-io-2.0.1.jar:/Users/michellekim/git/CyberKnight/libs/jung-jai-2.0.1.jar:/Users/michellekim/git/CyberKnight/libs/jung-samples-2.0.1.jar:/Users/michellekim/git/CyberKnight/libs/jung-jai-samples-2.0.1.jar
Launcher Type: SUN_STANDARD

Environment Variables:
PATH=/usr/bin:/bin:/usr/sbin:/sbin
SHELL=/bin/bash
DISPLAY=/private/tmp/com.apple.launchd.83kyv7Br5k/org.macosforge.xquartz:0

Signal Handlers:
SIGSEGV: [libjvm.dylib+0x57a0e7], sa_mask[0]=11111111011111110111111111111111, sa_flags=SA_ONSTACK|SA_RESTART|SA_SIGINFO
SIGBUS: [libjvm.dylib+0x57a0e7], sa_mask[0]=11111111011111110111111111111111, sa_flags=SA_RESTART|SA_SIGINFO
SIGFPE: [libjvm.dylib+0x45af24], sa_mask[0]=11111111011111110111111111111111, sa_flags=SA_RESTART|SA_SIGINFO
SIGPIPE: [libjvm.dylib+0x45af24], sa_mask[0]=11111111011111110111111111111111, sa_flags=SA_RESTART|SA_SIGINFO
SIGXFSZ: [libjvm.dylib+0x45af24], sa_mask[0]=11111111011111110111111111111111, sa_flags=SA_RESTART|SA_SIGINFO
SIGILL: [libjvm.dylib+0x45af24], sa_mask[0]=11111111011111110111111111111111, sa_flags=SA_RESTART|SA_SIGINFO
SIGUSR1: SIG_DFL, sa_mask[0]=00000000000000000000000000000000, sa_flags=none
SIGUSR2: [libjvm.dylib+0x45aa42], sa_mask[0]=00100000000000000000000000000000, sa_flags=SA_RESTART|SA_SIGINFO
SIGHUP: [libjvm.dylib+0x459015], sa_mask[0]=11111111011111110111111111111111, sa_flags=SA_RESTART|SA_SIGINFO
SIGINT: [libjvm.dylib+0x459015], sa_mask[0]=11111111011111110111111111111111, sa_flags=SA_RESTART|SA_SIGINFO
SIGTERM: [libjvm.dylib+0x459015], sa_mask[0]=11111111011111110111111111111111, sa_flags=SA_RESTART|SA_SIGINFO
SIGQUIT: [libjvm.dylib+0x459015], sa_mask[0]=11111111011111110111111111111111, sa_flags=SA_RESTART|SA_SIGINFO


---------------  S Y S T E M  ---------------

OS:Bsduname:Darwin 14.3.0 Darwin Kernel Version 14.3.0: Mon Mar 23 11:59:05 PDT 2015; root:xnu-2782.20.48~5/RELEASE_X86_64 x86_64
rlimit: STACK 8192k, CORE 0k, NPROC 709, NOFILE 10240, AS infinity
load average:4.62 4.47 4.56

CPU:total 4 (2 cores per cpu, 2 threads per core) family 6 model 69 stepping 1, cmov, cx8, fxsr, mmx, sse, sse2, sse3, ssse3, sse4.1, sse4.2, popcnt, avx, avx2, aes, clmul, erms, lzcnt, ht, tsc, tscinvbit, bmi1, bmi2

Memory: 4k page, physical 4194304k(33556k free)

/proc/meminfo:


vm_info: Java HotSpot(TM) 64-Bit Server VM (25.31-b07) for bsd-amd64 JRE (1.8.0_31-b13), built on Dec 17 2014 20:45:36 by "java_re" with gcc 4.2.1 (Based on Apple Inc. build 5658) (LLVM build 2336.11.00)

time: Mon Jul  6 00:37:13 2015
elapsed time: 6 seconds (0d 0h 0m 6s)

