#
# A fatal error has been detected by the Java Runtime Environment:
#
#  SIGSEGV (0xb) at pc=0x000000012a5181fd, pid=43685, tid=1811
#
# JRE version: Java(TM) SE Runtime Environment (8.0_31-b13) (build 1.8.0_31-b13)
# Java VM: Java HotSpot(TM) 64-Bit Server VM (25.31-b07 mixed mode bsd-amd64 compressed oops)
# Problematic frame:
# C  [libjfxwebkit.dylib+0x3be1fd]  Java_com_sun_webkit_dom_EventListenerImpl_twkDispatchEvent+0xbd
#
# Failed to write core dump. Core dumps have been disabled. To enable core dumping, try "ulimit -c unlimited" before starting Java again
#
# If you would like to submit a bug report, please visit:
#   http://bugreport.java.com/bugreport/crash.jsp
#

---------------  T H R E A D  ---------------

Current thread is native thread

siginfo: si_signo: 11 (SIGSEGV), si_code: 1 (SEGV_MAPERR), si_addr: 0x0000000000000000

Registers:
RAX=0x00007fff50bf65a0, RBX=0x0000000000000000, RCX=0x00007fff50bf6574, RDX=0x00007faa5969d210
RSP=0x00007fff50bf64c0, RBP=0x00007fff50bf6590, RSI=0x00007faa5943e058, RDI=0x0000000000000000
R8 =0x00000000556facb8, R9 =0x0000000000000000, R10=0x0000000000000000, R11=0x00007faa5969d190
R12=0x000000012bc38f78, R13=0x000000012bc38fd8, R14=0x00007faa5969d210, R15=0x000000012c630000
RIP=0x000000012a5181fd, EFLAGS=0x0000000000010202, ERR=0x0000000000000004
  TRAPNO=0x000000000000000e

Top of Stack: (sp=0x00007fff50bf64c0)
0x00007fff50bf64c0:   000000010f024e00 00007faa5979e2e0
0x00007fff50bf64d0:   0000000000000060 00007fff50bf6574
0x00007fff50bf64e0:   00000000556facb8 0000000000000000
0x00007fff50bf64f0:   401a04f830000000 0000000000000000
0x00007fff50bf6500:   401a04f830000000 0000000000000000
0x00007fff50bf6510:   0000000000000000 0000000000000000
0x00007fff50bf6520:   3ff0000000000000 3ff0000000000000
0x00007fff50bf6530:   0000000000000000 0000000000000000
0x00007fff50bf6540:   0000000000000000 0000000000000000
0x00007fff50bf6550:   0000000000000000 0000000000000000
0x00007fff50bf6560:   0000000000000000 0000000000000000
0x00007fff50bf6570:   fffffffe00000000 0000003000000018
0x00007fff50bf6580:   00007fff50bf65a0 00007fff50bf64c0
0x00007fff50bf6590:   00007fff50bf65d0 000000012aa91b38
0x00007fff50bf65a0:   00000000556facb8 401a04f830000000
0x00007fff50bf65b0:   401a04f830000000 0000000000000000
0x00007fff50bf65c0:   00007faa5a1a8800 00007faa5979afa0
0x00007fff50bf65d0:   00007fff50bf6610 000000012a6a3a4a
0x00007fff50bf65e0:   00007faa5a1a8850 0000000000000000
0x00007fff50bf65f0:   000000012bc38f78 000000012bc38fd8
0x00007fff50bf6600:   00007faa5a1a8800 000000012c630000
0x00007fff50bf6610:   00007fff50bf6650 000000012a7fd928
0x00007fff50bf6620:   00007faa5a1a8850 000000012c63feb0
0x00007fff50bf6630:   000000012bc38f78 000000012bc38fd8
0x00007fff50bf6640:   0000000000000fa8 000000012c630000
0x00007fff50bf6650:   00007fff50bf6670 000000012a54473a
0x00007fff50bf6660:   00007fff50bf6670 000000012bc38030
0x00007fff50bf6670:   00007fff50bf66b0 000000012af423ef
0x00007fff50bf6680:   000000012bc38000 000000012bc38000
0x00007fff50bf6690:   0000000000000004 00007faa59703e80
0x00007fff50bf66a0:   000000012c630448 000000012c630000
0x00007fff50bf66b0:   00007fff50bf66d0 000000012af428f8 

Instructions: (pc=0x000000012a5181fd)
0x000000012a5181dd:   8d 85 30 ff ff ff 48 89 45 f8 48 8d 45 10 48 89
0x000000012a5181ed:   45 f0 c7 45 ec 30 00 00 00 c7 45 e8 18 00 00 00
0x000000012a5181fd:   48 8b 07 48 8d 4d e8 ff 90 70 04 00 00 48 81 c4
0x000000012a51820d:   d0 00 00 00 5d c3 90 55 48 89 e5 41 57 41 56 41 

Register to memory mapping:

RAX=0x00007fff50bf65a0 is an unknown value
RBX=0x0000000000000000 is an unknown value
RCX=0x00007fff50bf6574 is an unknown value
RDX=0x00007faa5969d210 is an unknown value
RSP=0x00007fff50bf64c0 is an unknown value
RBP=0x00007fff50bf6590 is an unknown value
RSI=0x00007faa5943e058 is a global jni handle
RDI=0x0000000000000000 is an unknown value
R8 =0x00000000556facb8 is an unknown value
R9 =0x0000000000000000 is an unknown value
R10=0x0000000000000000 is an unknown value
R11=0x00007faa5969d190 is an unknown value
R12=0x000000012bc38f78 is an unknown value
R13=0x000000012bc38fd8 is an unknown value
R14=0x00007faa5969d210 is an unknown value
R15=0x000000012c630000 is an unknown value


Stack: [0x00007fff503fa000,0x00007fff50bfa000],  sp=0x00007fff50bf64c0,  free space=8177k
Native frames: (J=compiled Java code, j=interpreted, Vv=VM code, C=native code)
C  [libjfxwebkit.dylib+0x3be1fd]  Java_com_sun_webkit_dom_EventListenerImpl_twkDispatchEvent+0xbd
C  [libjfxwebkit.dylib+0x937b38]  Java_com_sun_webkit_Timer_twkFireTimerEvent+0x198
C  [libjfxwebkit.dylib+0x549a4a]  Java_com_sun_webkit_dom_EventListenerImpl_twkDispatchEvent+0x18b90a
C  [libjfxwebkit.dylib+0x6a3928]  Java_com_sun_webkit_dom_EventListenerImpl_twkDispatchEvent+0x2e57e8
C  [libjfxwebkit.dylib+0x3ea73a]  Java_com_sun_webkit_dom_EventListenerImpl_twkDispatchEvent+0x2c5fa
C  [libjfxwebkit.dylib+0xde83ef]  JSValueIsObjectOfClass+0x5080f
C  [libjfxwebkit.dylib+0xde88f8]  JSValueIsObjectOfClass+0x50d18
C  [libjfxwebkit.dylib+0xdf13e6]  JSValueIsObjectOfClass+0x59806
C  [libjfxwebkit.dylib+0xdeeec2]  JSValueIsObjectOfClass+0x572e2
C  [libjfxwebkit.dylib+0xdee939]  JSValueIsObjectOfClass+0x56d59
C  [CoreFoundation+0xb72e4]  __CFRUNLOOP_IS_CALLING_OUT_TO_A_TIMER_CALLBACK_FUNCTION__+0x14
C  [CoreFoundation+0xb6f73]  __CFRunLoopDoTimer+0x423
C  [CoreFoundation+0x12a53d]  __CFRunLoopDoTimers+0x12d
C  [CoreFoundation+0x72608]  __CFRunLoopRun+0x7e8
C  [CoreFoundation+0x71bd8]  CFRunLoopRunSpecific+0x128
C  [java+0x56cc]  CreateExecutionEnvironment+0x367
C  [java+0x165c]  JLI_Launch+0x7a0
C  [java+0x768a]  main+0x65
C  [java+0xeb4]  start+0x34


---------------  P R O C E S S  ---------------

VM state:at safepoint (normal execution)

VM Mutex/Monitor currently owned by a thread:  ([mutex/lock_event])
[0x00007faa59702500] Threads_lock - owner thread: 0x00007faa5a00a800
[0x00007faa59702a00] Heap_lock - owner thread: 0x00007faa5b202800

Heap:
 PSYoungGen      total 18944K, used 4282K [0x00000007aab00000, 0x00000007ac000000, 0x00000007c0000000)
  eden space 16384K, 10% used [0x00000007aab00000,0x00000007aacb2988,0x00000007abb00000)
  from space 2560K, 99% used [0x00000007abd80000,0x00000007abffc030,0x00000007ac000000)
  to   space 2560K, 0% used [0x00000007abb00000,0x00000007abb00000,0x00000007abd80000)
 ParOldGen       total 44032K, used 5596K [0x0000000780000000, 0x0000000782b00000, 0x00000007aab00000)
  object space 44032K, 12% used [0x0000000780000000,0x00000007805773d0,0x0000000782b00000)
 Metaspace       used 15931K, capacity 16608K, committed 16640K, reserved 1062912K
  class space    used 2394K, capacity 2529K, committed 2560K, reserved 1048576K

Card table byte_map: [0x000000011fdc0000,0x000000011ffc1000] byte_map_base: 0x000000011c1c0000

Marking Bits: (ParMarkBitMap*) 0x000000010f9a2410
 Begin Bits: [0x0000000120523000, 0x0000000121523000)
 End Bits:   [0x0000000121523000, 0x0000000122523000)

Polling page: 0x0000000110168000

CodeCache: size=245760Kb used=4304Kb max_used=4304Kb free=241455Kb
 bounds [0x0000000110a00000, 0x0000000110e40000, 0x000000011fa00000]
 total_blobs=1935 nmethods=1255 adapters=594
 compilation: enabled

Compilation events (10 events):
Event: 6.962 Thread 0x00007faa5a010000 nmethod 1249 0x0000000110e33f10 code [0x0000000110e34080, 0x0000000110e34230]
Event: 6.962 Thread 0x00007faa5a010000 1250       3       sun.misc.Unsafe::getAndAddInt (27 bytes)
Event: 6.962 Thread 0x00007faa5a010000 nmethod 1250 0x0000000110e349d0 code [0x0000000110e34b40, 0x0000000110e34d50]
Event: 6.962 Thread 0x00007faa5a010000 1252       1       java.util.concurrent.atomic.AtomicInteger::get (5 bytes)
Event: 6.962 Thread 0x00007faa5a010000 nmethod 1252 0x0000000110e34e10 code [0x0000000110e34f60, 0x0000000110e35070]
Event: 6.964 Thread 0x00007faa5a010000 1254       3       jdk.internal.org.objectweb.asm.MethodWriter::visitTypeInsn (110 bytes)
Event: 6.965 Thread 0x00007faa5a010000 nmethod 1254 0x0000000110e350d0 code [0x0000000110e35280, 0x0000000110e356c8]
Event: 6.966 Thread 0x00007faa5a010000 1255       3       java.util.logging.LogManager::access$100 (4 bytes)
Event: 6.966 Thread 0x00007faa5a010000 nmethod 1255 0x0000000110e358d0 code [0x0000000110e35a20, 0x0000000110e35b50]
Event: 6.966 Thread 0x00007faa5a010000 1256       3       java.util.logging.LogManager$LoggerContext::requiresDefaultLoggers (29 bytes)

GC Heap History (4 events):
Event: 1.950 GC heap before
{Heap before GC invocations=1 (full 0):
 PSYoungGen      total 18944K, used 16384K [0x00000007aab00000, 0x00000007ac000000, 0x00000007c0000000)
  eden space 16384K, 100% used [0x00000007aab00000,0x00000007abb00000,0x00000007abb00000)
  from space 2560K, 0% used [0x00000007abd80000,0x00000007abd80000,0x00000007ac000000)
  to   space 2560K, 0% used [0x00000007abb00000,0x00000007abb00000,0x00000007abd80000)
 ParOldGen       total 44032K, used 0K [0x0000000780000000, 0x0000000782b00000, 0x00000007aab00000)
  object space 44032K, 0% used [0x0000000780000000,0x0000000780000000,0x0000000782b00000)
 Metaspace       used 9169K, capacity 9636K, committed 9856K, reserved 1058816K
  class space    used 1258K, capacity 1357K, committed 1408K, reserved 1048576K
Event: 1.956 GC heap after
Heap after GC invocations=1 (full 0):
 PSYoungGen      total 18944K, used 2528K [0x00000007aab00000, 0x00000007ac000000, 0x00000007c0000000)
  eden space 16384K, 0% used [0x00000007aab00000,0x00000007aab00000,0x00000007abb00000)
  from space 2560K, 98% used [0x00000007abb00000,0x00000007abd78040,0x00000007abd80000)
  to   space 2560K, 0% used [0x00000007abd80000,0x00000007abd80000,0x00000007ac000000)
 ParOldGen       total 44032K, used 32K [0x0000000780000000, 0x0000000782b00000, 0x00000007aab00000)
  object space 44032K, 0% used [0x0000000780000000,0x0000000780008000,0x0000000782b00000)
 Metaspace       used 9169K, capacity 9636K, committed 9856K, reserved 1058816K
  class space    used 1258K, capacity 1357K, committed 1408K, reserved 1048576K
}
Event: 3.866 GC heap before
{Heap before GC invocations=2 (full 0):
 PSYoungGen      total 18944K, used 18912K [0x00000007aab00000, 0x00000007ac000000, 0x00000007c0000000)
  eden space 16384K, 100% used [0x00000007aab00000,0x00000007abb00000,0x00000007abb00000)
  from space 2560K, 98% used [0x00000007abb00000,0x00000007abd78040,0x00000007abd80000)
  to   space 2560K, 0% used [0x00000007abd80000,0x00000007abd80000,0x00000007ac000000)
 ParOldGen       total 44032K, used 32K [0x0000000780000000, 0x0000000782b00000, 0x00000007aab00000)
  object space 44032K, 0% used [0x0000000780000000,0x0000000780008050,0x0000000782b00000)
 Metaspace       used 15593K, capacity 16220K, committed 16384K, reserved 1062912K
  class space    used 2353K, capacity 2473K, committed 2560K, reserved 1048576K
Event: 3.900 GC heap after
Heap after GC invocations=2 (full 0):
 PSYoungGen      total 18944K, used 2544K [0x00000007aab00000, 0x00000007ac000000, 0x00000007c0000000)
  eden space 16384K, 0% used [0x00000007aab00000,0x00000007aab00000,0x00000007abb00000)
  from space 2560K, 99% used [0x00000007abd80000,0x00000007abffc030,0x00000007ac000000)
  to   space 2560K, 0% used [0x00000007abb00000,0x00000007abb00000,0x00000007abd80000)
 ParOldGen       total 44032K, used 5596K [0x0000000780000000, 0x0000000782b00000, 0x00000007aab00000)
  object space 44032K, 12% used [0x0000000780000000,0x00000007805773d0,0x0000000782b00000)
 Metaspace       used 15593K, capacity 16220K, committed 16384K, reserved 1062912K
  class space    used 2353K, capacity 2473K, committed 2560K, reserved 1048576K
}

Deoptimization events (10 events):
Event: 2.417 Thread 0x00007faa5a194800 Uncommon trap: reason=class_check action=maybe_recompile pc=0x0000000110c2a490 method=java.io.DataInputStream.readShort()S @ 4
Event: 2.419 Thread 0x00007faa5a194800 Uncommon trap: reason=class_check action=maybe_recompile pc=0x0000000110c2a490 method=java.io.DataInputStream.readShort()S @ 4
Event: 2.419 Thread 0x00007faa5a194800 Uncommon trap: reason=class_check action=maybe_recompile pc=0x0000000110c2a490 method=java.io.DataInputStream.readShort()S @ 4
Event: 2.432 Thread 0x00007faa5a194800 Uncommon trap: reason=class_check action=maybe_recompile pc=0x0000000110b2605c method=java.lang.String.equals(Ljava/lang/Object;)Z @ 8
Event: 2.432 Thread 0x00007faa5a194800 Uncommon trap: reason=class_check action=maybe_recompile pc=0x0000000110b2605c method=java.lang.String.equals(Ljava/lang/Object;)Z @ 8
Event: 2.432 Thread 0x00007faa5a194800 Uncommon trap: reason=class_check action=maybe_recompile pc=0x0000000110b2605c method=java.lang.String.equals(Ljava/lang/Object;)Z @ 8
Event: 2.435 Thread 0x00007faa5a194800 Uncommon trap: reason=class_check action=maybe_recompile pc=0x0000000110b2605c method=java.lang.String.equals(Ljava/lang/Object;)Z @ 8
Event: 2.884 Thread 0x00007faa5a194800 Uncommon trap: reason=unloaded action=reinterpret pc=0x0000000110c2b518 method=java.lang.CharacterData.of(I)Ljava/lang/CharacterData; @ 96
Event: 2.942 Thread 0x00007faa5a194800 Uncommon trap: reason=unloaded action=reinterpret pc=0x0000000110d3a560 method=java.lang.CharacterData.of(I)Ljava/lang/CharacterData; @ 96
Event: 3.025 Thread 0x00007faa5a194800 Uncommon trap: reason=bimorphic action=maybe_recompile pc=0x0000000110c3176c method=java.util.HashMap.getNode(ILjava/lang/Object;)Ljava/util/HashMap$Node; @ 126

Internal exceptions (10 events):
Event: 2.112 Thread 0x00007faa5a194800 Exception <a 'java/security/PrivilegedActionException'> (0x00000007aad26030) thrown at [/Users/java_re/workspace/8-2-build-macosx-x86_64/jdk8u31/2394/hotspot/src/share/vm/prims/jvm.cpp, line 1312]
Event: 2.161 Thread 0x00007faa5a194800 Implicit null exception at 0x0000000110c37c55 to 0x0000000110c37fdd
Event: 2.255 Thread 0x00007faa5a194800 Exception <a 'java/security/PrivilegedActionException'> (0x00000007aaf449d0) thrown at [/Users/java_re/workspace/8-2-build-macosx-x86_64/jdk8u31/2394/hotspot/src/share/vm/prims/jvm.cpp, line 1312]
Event: 2.257 Thread 0x00007faa5a194800 Exception <a 'java/security/PrivilegedActionException'> (0x00000007aaf5a368) thrown at [/Users/java_re/workspace/8-2-build-macosx-x86_64/jdk8u31/2394/hotspot/src/share/vm/prims/jvm.cpp, line 1312]
Event: 2.259 Thread 0x00007faa5a194800 Exception <a 'java/security/PrivilegedActionException'> (0x00000007aaf79dc0) thrown at [/Users/java_re/workspace/8-2-build-macosx-x86_64/jdk8u31/2394/hotspot/src/share/vm/prims/jvm.cpp, line 1312]
Event: 2.599 Thread 0x00007faa5a194800 Exception <a 'java/security/PrivilegedActionException'> (0x00000007ab280728) thrown at [/Users/java_re/workspace/8-2-build-macosx-x86_64/jdk8u31/2394/hotspot/src/share/vm/prims/jvm.cpp, line 1312]
Event: 2.601 Thread 0x00007faa5a194800 Exception <a 'java/security/PrivilegedActionException'> (0x00000007ab296980) thrown at [/Users/java_re/workspace/8-2-build-macosx-x86_64/jdk8u31/2394/hotspot/src/share/vm/prims/jvm.cpp, line 1312]
Event: 2.605 Thread 0x00007faa5a194800 Exception <a 'java/security/PrivilegedActionException'> (0x00000007ab2b1048) thrown at [/Users/java_re/workspace/8-2-build-macosx-x86_64/jdk8u31/2394/hotspot/src/share/vm/prims/jvm.cpp, line 1312]
Event: 5.283 Thread 0x00007faa5a194800 Exception <a 'java/lang/NullPointerException'> (0x00000007aac011e0) thrown at [/Users/java_re/workspace/8-2-build-macosx-x86_64/jdk8u31/2394/hotspot/src/share/vm/interpreter/linkResolver.cpp, line 1178]
Event: 5.283 Thread 0x00007faa5a194800 Exception <a 'java/lang/NullPointerException'> (0x00000007aac011e0) thrown at [/Users/java_re/workspace/8-2-build-macosx-x86_64/jdk8u31/2394/hotspot/src/share/vm/prims/jvm.cpp, line 1316]

Events (10 events):
Event: 6.965 Thread 0x00007faa5980c000 Thread exited: 0x00007faa5980c000
Event: 6.965 Thread 0x00007faa5a194800 Thread exited: 0x00007faa5a194800
Event: 6.965 Thread 0x00007faa5b202800 Thread added: 0x00007faa5b202800
Event: 6.965 loading class java/util/IdentityHashMap$KeyIterator
Event: 6.965 loading class java/util/IdentityHashMap$IdentityHashMapIterator
Event: 6.965 loading class java/util/IdentityHashMap$IdentityHashMapIterator done
Event: 6.965 loading class java/util/IdentityHashMap$KeyIterator done
Event: 6.965 Thread 0x00007faa5a194800 Thread added: 0x00007faa5a194800
Event: 6.966 Thread 0x00007faa5a194800 Thread exited: 0x00007faa5a194800
Event: 6.966 Thread 0x00007faa5b202800 Thread exited: 0x00007faa5b202800


Dynamic libraries:
0x0000000008038000 	/System/Library/Frameworks/Cocoa.framework/Versions/A/Cocoa
0x0000000008038000 	/System/Library/Frameworks/Security.framework/Versions/A/Security
0x0000000008038000 	/System/Library/Frameworks/ApplicationServices.framework/Versions/A/ApplicationServices
0x0000000008038000 	/usr/lib/libz.1.dylib
0x0000000008038000 	/usr/lib/libSystem.B.dylib
0x0000000008038000 	/usr/lib/libobjc.A.dylib
0x0000000008038000 	/System/Library/Frameworks/CoreFoundation.framework/Versions/A/CoreFoundation
0x0000000008038000 	/System/Library/Frameworks/Foundation.framework/Versions/C/Foundation
0x0000000008038000 	/System/Library/Frameworks/AppKit.framework/Versions/C/AppKit
0x0000000008038000 	/System/Library/Frameworks/CoreData.framework/Versions/A/CoreData
0x0000000008038000 	/System/Library/PrivateFrameworks/RemoteViewServices.framework/Versions/A/RemoteViewServices
0x0000000008038000 	/System/Library/PrivateFrameworks/UIFoundation.framework/Versions/A/UIFoundation
0x0000000008038000 	/System/Library/Frameworks/IOSurface.framework/Versions/A/IOSurface
0x0000000008038000 	/System/Library/Frameworks/AudioToolbox.framework/Versions/A/AudioToolbox
0x0000000008038000 	/System/Library/Frameworks/AudioUnit.framework/Versions/A/AudioUnit
0x0000000008038000 	/System/Library/PrivateFrameworks/DataDetectorsCore.framework/Versions/A/DataDetectorsCore
0x0000000008038000 	/System/Library/PrivateFrameworks/DesktopServicesPriv.framework/Versions/A/DesktopServicesPriv
0x0000000008038000 	/System/Library/Frameworks/Carbon.framework/Versions/A/Frameworks/HIToolbox.framework/Versions/A/HIToolbox
0x0000000008038000 	/System/Library/Frameworks/QuartzCore.framework/Versions/A/QuartzCore
0x0000000008038000 	/System/Library/Frameworks/Carbon.framework/Versions/A/Frameworks/SpeechRecognition.framework/Versions/A/SpeechRecognition
0x0000000008038000 	/usr/lib/libauto.dylib
0x0000000008038000 	/usr/lib/libicucore.A.dylib
0x0000000008038000 	/usr/lib/libxml2.2.dylib
0x0000000008038000 	/System/Library/PrivateFrameworks/CoreUI.framework/Versions/A/CoreUI
0x0000000008038000 	/System/Library/Frameworks/CoreAudio.framework/Versions/A/CoreAudio
0x0000000008038000 	/System/Library/Frameworks/DiskArbitration.framework/Versions/A/DiskArbitration
0x0000000008038000 	/usr/lib/liblangid.dylib
0x0000000008038000 	/System/Library/PrivateFrameworks/MultitouchSupport.framework/Versions/A/MultitouchSupport
0x0000000008038000 	/System/Library/Frameworks/IOKit.framework/Versions/A/IOKit
0x0000000008038000 	/usr/lib/libDiagnosticMessagesClient.dylib
0x0000000008038000 	/System/Library/Frameworks/CoreServices.framework/Versions/A/CoreServices
0x0000000008038000 	/System/Library/PrivateFrameworks/PerformanceAnalysis.framework/Versions/A/PerformanceAnalysis
0x0000000008038000 	/System/Library/PrivateFrameworks/GenerationalStorage.framework/Versions/A/GenerationalStorage
0x0000000008038000 	/System/Library/Frameworks/OpenGL.framework/Versions/A/OpenGL
0x0000000008038000 	/System/Library/PrivateFrameworks/Sharing.framework/Versions/A/Sharing
0x0000000008038000 	/System/Library/Frameworks/CoreGraphics.framework/Versions/A/CoreGraphics
0x0000000008038000 	/System/Library/Frameworks/CoreText.framework/Versions/A/CoreText
0x0000000008038000 	/System/Library/Frameworks/ImageIO.framework/Versions/A/ImageIO
0x0000000008038000 	/usr/lib/libextension.dylib
0x0000000008038000 	/System/Library/PrivateFrameworks/Backup.framework/Versions/A/Backup
0x0000000008038000 	/usr/lib/libarchive.2.dylib
0x0000000008038000 	/System/Library/Frameworks/CFNetwork.framework/Versions/A/CFNetwork
0x0000000008038000 	/System/Library/Frameworks/SystemConfiguration.framework/Versions/A/SystemConfiguration
0x0000000008038000 	/usr/lib/libCRFSuite.dylib
0x0000000008038000 	/usr/lib/libc++.1.dylib
0x0000000008038000 	/usr/lib/libc++abi.dylib
0x0000000008038000 	/usr/lib/system/libcache.dylib
0x0000000008038000 	/usr/lib/system/libcommonCrypto.dylib
0x0000000008038000 	/usr/lib/system/libcompiler_rt.dylib
0x0000000008038000 	/usr/lib/system/libcopyfile.dylib
0x0000000008038000 	/usr/lib/system/libcorecrypto.dylib
0x0000000008038000 	/usr/lib/system/libdispatch.dylib
0x0000000008038000 	/usr/lib/system/libdyld.dylib
0x0000000008038000 	/usr/lib/system/libkeymgr.dylib
0x0000000008038000 	/usr/lib/system/liblaunch.dylib
0x0000000008038000 	/usr/lib/system/libmacho.dylib
0x0000000008038000 	/usr/lib/system/libquarantine.dylib
0x0000000008038000 	/usr/lib/system/libremovefile.dylib
0x0000000008038000 	/usr/lib/system/libsystem_asl.dylib
0x0000000008038000 	/usr/lib/system/libsystem_blocks.dylib
0x0000000008038000 	/usr/lib/system/libsystem_c.dylib
0x0000000008038000 	/usr/lib/system/libsystem_configuration.dylib
0x0000000008038000 	/usr/lib/system/libsystem_coreservices.dylib
0x0000000008038000 	/usr/lib/system/libsystem_coretls.dylib
0x0000000008038000 	/usr/lib/system/libsystem_dnssd.dylib
0x0000000008038000 	/usr/lib/system/libsystem_info.dylib
0x0000000008038000 	/usr/lib/system/libsystem_kernel.dylib
0x0000000008038000 	/usr/lib/system/libsystem_m.dylib
0x0000000008038000 	/usr/lib/system/libsystem_malloc.dylib
0x0000000008038000 	/usr/lib/system/libsystem_network.dylib
0x0000000008038000 	/usr/lib/system/libsystem_networkextension.dylib
0x0000000008038000 	/usr/lib/system/libsystem_notify.dylib
0x0000000008038000 	/usr/lib/system/libsystem_platform.dylib
0x0000000008038000 	/usr/lib/system/libsystem_pthread.dylib
0x0000000008038000 	/usr/lib/system/libsystem_sandbox.dylib
0x0000000008038000 	/usr/lib/system/libsystem_secinit.dylib
0x0000000008038000 	/usr/lib/system/libsystem_stats.dylib
0x0000000008038000 	/usr/lib/system/libsystem_trace.dylib
0x0000000008038000 	/usr/lib/system/libunc.dylib
0x0000000008038000 	/usr/lib/system/libunwind.dylib
0x0000000008038000 	/usr/lib/system/libxpc.dylib
0x0000000008038000 	/usr/lib/libbz2.1.0.dylib
0x0000000008038000 	/usr/lib/liblzma.5.dylib
0x0000000008038000 	/usr/lib/libbsm.0.dylib
0x0000000008038000 	/usr/lib/libsqlite3.dylib
0x0000000008038000 	/usr/lib/system/libkxld.dylib
0x0000000008038000 	/usr/lib/libxar.1.dylib
0x0000000008038000 	/usr/lib/libpam.2.dylib
0x0000000008038000 	/usr/lib/libOpenScriptingUtil.dylib
0x0000000008038000 	/System/Library/Frameworks/CoreServices.framework/Versions/A/Frameworks/FSEvents.framework/Versions/A/FSEvents
0x0000000008038000 	/System/Library/Frameworks/CoreServices.framework/Versions/A/Frameworks/CarbonCore.framework/Versions/A/CarbonCore
0x0000000008038000 	/System/Library/Frameworks/CoreServices.framework/Versions/A/Frameworks/Metadata.framework/Versions/A/Metadata
0x0000000008038000 	/System/Library/Frameworks/CoreServices.framework/Versions/A/Frameworks/OSServices.framework/Versions/A/OSServices
0x0000000008038000 	/System/Library/Frameworks/CoreServices.framework/Versions/A/Frameworks/SearchKit.framework/Versions/A/SearchKit
0x0000000008038000 	/System/Library/Frameworks/CoreServices.framework/Versions/A/Frameworks/AE.framework/Versions/A/AE
0x0000000008038000 	/System/Library/Frameworks/CoreServices.framework/Versions/A/Frameworks/LaunchServices.framework/Versions/A/LaunchServices
0x0000000008038000 	/System/Library/Frameworks/CoreServices.framework/Versions/A/Frameworks/DictionaryServices.framework/Versions/A/DictionaryServices
0x0000000008038000 	/System/Library/Frameworks/NetFS.framework/Versions/A/NetFS
0x0000000008038000 	/System/Library/PrivateFrameworks/NetAuth.framework/Versions/A/NetAuth
0x0000000008038000 	/System/Library/PrivateFrameworks/login.framework/Versions/A/Frameworks/loginsupport.framework/Versions/A/loginsupport
0x0000000008038000 	/System/Library/PrivateFrameworks/TCC.framework/Versions/A/TCC
0x0000000008038000 	/usr/lib/libmecabra.dylib
0x0000000008038000 	/System/Library/Frameworks/ApplicationServices.framework/Versions/A/Frameworks/ATS.framework/Versions/A/ATS
0x0000000008038000 	/System/Library/Frameworks/ApplicationServices.framework/Versions/A/Frameworks/ColorSync.framework/Versions/A/ColorSync
0x0000000008038000 	/System/Library/Frameworks/ApplicationServices.framework/Versions/A/Frameworks/HIServices.framework/Versions/A/HIServices
0x0000000008038000 	/System/Library/Frameworks/ApplicationServices.framework/Versions/A/Frameworks/LangAnalysis.framework/Versions/A/LangAnalysis
0x0000000008038000 	/System/Library/Frameworks/ApplicationServices.framework/Versions/A/Frameworks/PrintCore.framework/Versions/A/PrintCore
0x0000000008038000 	/System/Library/Frameworks/ApplicationServices.framework/Versions/A/Frameworks/QD.framework/Versions/A/QD
0x0000000008038000 	/System/Library/Frameworks/ApplicationServices.framework/Versions/A/Frameworks/SpeechSynthesis.framework/Versions/A/SpeechSynthesis
0x0000000008038000 	/System/Library/Frameworks/Accelerate.framework/Versions/A/Accelerate
0x0000000008038000 	/System/Library/Frameworks/Accelerate.framework/Versions/A/Frameworks/vImage.framework/Versions/A/vImage
0x0000000008038000 	/System/Library/Frameworks/Accelerate.framework/Versions/A/Frameworks/vecLib.framework/Versions/A/vecLib
0x0000000008038000 	/System/Library/Frameworks/Accelerate.framework/Versions/A/Frameworks/vecLib.framework/Versions/A/libvDSP.dylib
0x0000000008038000 	/System/Library/Frameworks/Accelerate.framework/Versions/A/Frameworks/vecLib.framework/Versions/A/libvMisc.dylib
0x0000000008038000 	/System/Library/Frameworks/Accelerate.framework/Versions/A/Frameworks/vecLib.framework/Versions/A/libLAPACK.dylib
0x0000000008038000 	/System/Library/Frameworks/Accelerate.framework/Versions/A/Frameworks/vecLib.framework/Versions/A/libBLAS.dylib
0x0000000008038000 	/System/Library/Frameworks/Accelerate.framework/Versions/A/Frameworks/vecLib.framework/Versions/A/libLinearAlgebra.dylib
0x0000000008038000 	/System/Library/Frameworks/ApplicationServices.framework/Versions/A/Frameworks/ATS.framework/Versions/A/Resources/libFontParser.dylib
0x0000000008038000 	/System/Library/Frameworks/ApplicationServices.framework/Versions/A/Frameworks/ATS.framework/Versions/A/Resources/libFontRegistry.dylib
0x0000000008038000 	/System/Library/PrivateFrameworks/AppleVPA.framework/Versions/A/AppleVPA
0x0000000008038000 	/System/Library/PrivateFrameworks/AppleJPEG.framework/Versions/A/AppleJPEG
0x0000000008038000 	/System/Library/Frameworks/ImageIO.framework/Versions/A/Resources/libJPEG.dylib
0x0000000008038000 	/System/Library/Frameworks/ImageIO.framework/Versions/A/Resources/libTIFF.dylib
0x0000000008038000 	/System/Library/Frameworks/ImageIO.framework/Versions/A/Resources/libPng.dylib
0x0000000008038000 	/System/Library/Frameworks/ImageIO.framework/Versions/A/Resources/libGIF.dylib
0x0000000008038000 	/System/Library/Frameworks/ImageIO.framework/Versions/A/Resources/libJP2.dylib
0x0000000008038000 	/System/Library/Frameworks/ImageIO.framework/Versions/A/Resources/libRadiance.dylib
0x0000000008038000 	/System/Library/Frameworks/CoreVideo.framework/Versions/A/CoreVideo
0x0000000008038000 	/System/Library/Frameworks/OpenGL.framework/Versions/A/Libraries/libGLU.dylib
0x0000000008038000 	/System/Library/Frameworks/OpenGL.framework/Versions/A/Libraries/libGFXShared.dylib
0x0000000008038000 	/System/Library/Frameworks/OpenGL.framework/Versions/A/Libraries/libGL.dylib
0x0000000008038000 	/System/Library/Frameworks/OpenGL.framework/Versions/A/Libraries/libGLImage.dylib
0x0000000008038000 	/System/Library/Frameworks/OpenGL.framework/Versions/A/Libraries/libCVMSPluginSupport.dylib
0x0000000008038000 	/System/Library/Frameworks/OpenGL.framework/Versions/A/Libraries/libCoreVMClient.dylib
0x0000000008038000 	/usr/lib/libcups.2.dylib
0x0000000008038000 	/System/Library/Frameworks/Kerberos.framework/Versions/A/Kerberos
0x0000000008038000 	/System/Library/Frameworks/GSS.framework/Versions/A/GSS
0x0000000008038000 	/usr/lib/libresolv.9.dylib
0x0000000008038000 	/usr/lib/libiconv.2.dylib
0x0000000008038000 	/System/Library/PrivateFrameworks/Heimdal.framework/Versions/A/Heimdal
0x0000000008038000 	/usr/lib/libheimdal-asn1.dylib
0x0000000008038000 	/System/Library/Frameworks/OpenDirectory.framework/Versions/A/OpenDirectory
0x0000000008038000 	/System/Library/PrivateFrameworks/CommonAuth.framework/Versions/A/CommonAuth
0x0000000008038000 	/System/Library/Frameworks/OpenDirectory.framework/Versions/A/Frameworks/CFOpenDirectory.framework/Versions/A/CFOpenDirectory
0x0000000008038000 	/System/Library/Frameworks/SecurityFoundation.framework/Versions/A/SecurityFoundation
0x0000000008038000 	/System/Library/PrivateFrameworks/LanguageModeling.framework/Versions/A/LanguageModeling
0x0000000008038000 	/usr/lib/libcmph.dylib
0x0000000008038000 	/System/Library/Frameworks/ServiceManagement.framework/Versions/A/ServiceManagement
0x0000000008038000 	/usr/lib/libxslt.1.dylib
0x0000000008038000 	/System/Library/Frameworks/Carbon.framework/Versions/A/Frameworks/Ink.framework/Versions/A/Ink
0x0000000008038000 	/System/Library/Frameworks/QuartzCore.framework/Versions/A/Frameworks/CoreImage.framework/Versions/A/CoreImage
0x0000000008038000 	/System/Library/PrivateFrameworks/CrashReporterSupport.framework/Versions/A/CrashReporterSupport
0x0000000008038000 	/System/Library/Frameworks/OpenCL.framework/Versions/A/OpenCL
0x0000000008038000 	/System/Library/PrivateFrameworks/FaceCore.framework/Versions/A/FaceCore
0x0000000008038000 	/System/Library/PrivateFrameworks/Ubiquity.framework/Versions/A/Ubiquity
0x0000000008038000 	/System/Library/PrivateFrameworks/IconServices.framework/Versions/A/IconServices
0x0000000008038000 	/System/Library/PrivateFrameworks/ChunkingLibrary.framework/Versions/A/ChunkingLibrary
0x0000000008038000 	/System/Library/PrivateFrameworks/Apple80211.framework/Versions/A/Apple80211
0x0000000008038000 	/System/Library/Frameworks/CoreWLAN.framework/Versions/A/CoreWLAN
0x0000000008038000 	/System/Library/Frameworks/IOBluetooth.framework/Versions/A/IOBluetooth
0x0000000008038000 	/System/Library/PrivateFrameworks/CoreWiFi.framework/Versions/A/CoreWiFi
0x0000000008038000 	/System/Library/Frameworks/CoreBluetooth.framework/Versions/A/CoreBluetooth
0x0000000008038000 	/System/Library/PrivateFrameworks/DebugSymbols.framework/Versions/A/DebugSymbols
0x0000000008038000 	/System/Library/PrivateFrameworks/CoreSymbolication.framework/Versions/A/CoreSymbolication
0x0000000008038000 	/System/Library/PrivateFrameworks/Symbolication.framework/Versions/A/Symbolication
0x0000000008038000 	/System/Library/PrivateFrameworks/SpeechRecognitionCore.framework/Versions/A/SpeechRecognitionCore
0x000000010f104000 	/Library/Java/JavaVirtualMachines/jdk1.8.0_31.jdk/Contents/Home/jre/lib/server/libjvm.dylib
0x0000000008038000 	/usr/lib/libstdc++.6.dylib
0x0000000110126000 	/Library/Java/JavaVirtualMachines/jdk1.8.0_31.jdk/Contents/Home/jre/lib/libverify.dylib
0x0000000110134000 	/Library/Java/JavaVirtualMachines/jdk1.8.0_31.jdk/Contents/Home/jre/lib/libjava.dylib
0x0000000110189000 	/Library/Java/JavaVirtualMachines/jdk1.8.0_31.jdk/Contents/Home/jre/lib/libzip.dylib
0x00000001244b0000 	/System/Library/Frameworks/JavaVM.framework/Frameworks/JavaRuntimeSupport.framework/JavaRuntimeSupport
0x00000001244c6000 	/System/Library/Frameworks/JavaVM.framework/Versions/A/Frameworks/JavaNativeFoundation.framework/Versions/A/JavaNativeFoundation
0x00000001101ef000 	/System/Library/Frameworks/JavaVM.framework/Versions/A/JavaVM
0x0000000008038000 	/System/Library/Frameworks/Carbon.framework/Versions/A/Carbon
0x00000001244da000 	/System/Library/PrivateFrameworks/JavaLaunching.framework/Versions/A/JavaLaunching
0x0000000008038000 	/System/Library/Frameworks/Carbon.framework/Versions/A/Frameworks/CommonPanels.framework/Versions/A/CommonPanels
0x0000000008038000 	/System/Library/Frameworks/Carbon.framework/Versions/A/Frameworks/Help.framework/Versions/A/Help
0x0000000008038000 	/System/Library/Frameworks/Carbon.framework/Versions/A/Frameworks/ImageCapture.framework/Versions/A/ImageCapture
0x0000000008038000 	/System/Library/Frameworks/Carbon.framework/Versions/A/Frameworks/OpenScripting.framework/Versions/A/OpenScripting
0x0000000008038000 	/System/Library/Frameworks/Carbon.framework/Versions/A/Frameworks/Print.framework/Versions/A/Print
0x0000000008038000 	/System/Library/Frameworks/Carbon.framework/Versions/A/Frameworks/SecurityHI.framework/Versions/A/SecurityHI
0x0000000126560000 	/Library/Java/JavaVirtualMachines/jdk1.8.0_31.jdk/Contents/Home/jre/lib/libprism_es2.dylib
0x0000000008038000 	/System/Library/Frameworks/OpenGL.framework/Versions/A/Resources/GLEngine.bundle/GLEngine
0x0000000008038000 	/System/Library/Frameworks/OpenGL.framework/Versions/A/Libraries/libGLProgrammability.dylib
0x0000000000000000 	/System/Library/Extensions/AppleIntelHD5000GraphicsGLDriver.bundle/Contents/MacOS/AppleIntelHD5000GraphicsGLDriver
0x0000000008038000 	/System/Library/PrivateFrameworks/IOAccelerator.framework/Versions/A/IOAccelerator
0x0000000008038000 	/System/Library/PrivateFrameworks/GPUSupport.framework/Versions/A/Libraries/libGPUSupportMercury.dylib
0x0000000008038000 	/System/Library/Frameworks/OpenGL.framework/Versions/A/Resources/GLRendererFloat.bundle/GLRendererFloat
0x0000000008038000 	/System/Library/Frameworks/OpenCL.framework/Versions/A/Libraries/libcldcpuengine.dylib
0x0000000008038000 	/System/Library/PrivateFrameworks/DiskImages.framework/Versions/A/DiskImages
0x0000000008038000 	/System/Library/Frameworks/DiscRecording.framework/Versions/A/DiscRecording
0x0000000008038000 	/usr/lib/libcsfde.dylib
0x0000000008038000 	/usr/lib/libcurl.4.dylib
0x0000000008038000 	/System/Library/PrivateFrameworks/MediaKit.framework/Versions/A/MediaKit
0x0000000008038000 	/System/Library/PrivateFrameworks/ProtectedCloudStorage.framework/Versions/A/ProtectedCloudStorage
0x0000000008038000 	/usr/lib/libCoreStorage.dylib
0x0000000008038000 	/System/Library/PrivateFrameworks/EFILogin.framework/Versions/A/EFILogin
0x0000000008038000 	/usr/lib/libutil.dylib
0x0000000008038000 	/System/Library/PrivateFrameworks/FindMyDevice.framework/Versions/A/FindMyDevice
0x0000000008038000 	/System/Library/Frameworks/LDAP.framework/Versions/A/LDAP
0x0000000008038000 	/usr/lib/libsasl2.2.dylib
0x0000000008038000 	/System/Library/PrivateFrameworks/CoreDaemon.framework/Versions/B/CoreDaemon
0x0000000008038000 	/usr/lib/libcrypto.0.9.8.dylib
0x0000000008038000 	/System/Library/PrivateFrameworks/AppleSRP.framework/Versions/A/AppleSRP
0x0000000008038000 	/System/Library/PrivateFrameworks/TrustEvaluationAgent.framework/Versions/A/TrustEvaluationAgent
0x0000000126a10000 	/Library/Java/JavaVirtualMachines/jdk1.8.0_31.jdk/Contents/Home/jre/lib/libglass.dylib
0x0000000008038000 	/System/Library/PrivateFrameworks/CoreServicesInternal.framework/Versions/A/CoreServicesInternal
0x0000000008038000 	/System/Library/PrivateFrameworks/CloudDocs.framework/Versions/A/CloudDocs
0x0000000008038000 	/System/Library/PrivateFrameworks/CoreDuet.framework/Versions/A/CoreDuet
0x0000000008038000 	/System/Library/Frameworks/CloudKit.framework/Versions/A/CloudKit
0x0000000008038000 	/System/Library/PrivateFrameworks/ProtocolBuffer.framework/Versions/A/ProtocolBuffer
0x0000000008038000 	/System/Library/PrivateFrameworks/CoreDuetDaemonProtocol.framework/Versions/A/CoreDuetDaemonProtocol
0x0000000008038000 	/System/Library/PrivateFrameworks/CoreDuetDebugLogging.framework/Versions/A/CoreDuetDebugLogging
0x0000000008038000 	/System/Library/PrivateFrameworks/MMCS.framework/Versions/A/MMCS
0x0000000008038000 	/System/Library/Frameworks/CoreLocation.framework/Versions/A/CoreLocation
0x0000000008038000 	/System/Library/PrivateFrameworks/GeoServices.framework/Versions/A/GeoServices
0x0000000008038000 	/System/Library/Frameworks/CoreGraphics.framework/Versions/A/Resources/libCGCMS.A.dylib
0x0000000008038000 	/System/Library/CoreServices/RawCamera.bundle/Contents/MacOS/RawCamera
0x0000000008038000 	/System/Library/Frameworks/CoreGraphics.framework/Versions/A/Resources/libRIP.A.dylib
0x0000000008038000 	/System/Library/PrivateFrameworks/FamilyControls.framework/Versions/A/FamilyControls
0x0000000008038000 	/System/Library/PrivateFrameworks/CommerceKit.framework/Versions/A/Frameworks/CommerceCore.framework/Versions/A/CommerceCore
0x0000000008038000 	/System/Library/PrivateFrameworks/SystemAdministration.framework/Versions/A/SystemAdministration
0x0000000008038000 	/System/Library/PrivateFrameworks/AppContainer.framework/Versions/A/AppContainer
0x0000000008038000 	/System/Library/PrivateFrameworks/SecCodeWrapper.framework/Versions/A/SecCodeWrapper
0x0000000008038000 	/System/Library/Frameworks/DirectoryService.framework/Versions/A/DirectoryService
0x0000000008038000 	/System/Library/PrivateFrameworks/LoginUIKit.framework/Versions/A/Frameworks/LoginUICore.framework/Versions/A/LoginUICore
0x0000000008038000 	/usr/lib/libodfde.dylib
0x000000012a15a000 	/Library/Java/JavaVirtualMachines/jdk1.8.0_31.jdk/Contents/Home/jre/lib/libjfxwebkit.dylib
0x000000012c424000 	/Library/Java/JavaVirtualMachines/jdk1.8.0_31.jdk/Contents/Home/jre/lib/libnio.dylib
0x000000012c434000 	/Library/Java/JavaVirtualMachines/jdk1.8.0_31.jdk/Contents/Home/jre/lib/./libnet.dylib
0x000000012c94c000 	/Library/Java/JavaVirtualMachines/jdk1.8.0_31.jdk/Contents/Home/jre/lib/libjavafx_font.dylib
0x0000000008038000 	/System/Library/Frameworks/CoreGraphics.framework/Versions/A/Resources/libCGXType.A.dylib
0x000000012f96d000 	/Library/Java/JavaVirtualMachines/jdk1.8.0_31.jdk/Contents/Home/jre/lib/libprism_common.dylib
0x000000012fc7e000 	cl_kernels
0x000000012fcb8000 	/System/Library/Frameworks/OpenCL.framework/Versions/A/Libraries/ImageFormats/unorm8_bgra.dylib
0x000000012fc90000 	cl_kernels

VM Arguments:
jvm_args: -Dfile.encoding=UTF-8 
java_command: controlPanel
java_class_path (initial): /Users/michellekim/Desktop/CyberKnight/Cyber4/bin
Launcher Type: SUN_STANDARD

Environment Variables:
PATH=/usr/bin:/bin:/usr/sbin:/sbin
SHELL=/bin/bash

Signal Handlers:
SIGSEGV: [libjvm.dylib+0x57a0e7], sa_mask[0]=11111111011111110111111111111111, sa_flags=SA_ONSTACK|SA_RESTART|SA_SIGINFO
SIGBUS: 